#
# There is insufficient memory for the Java Runtime Environment to continue.
# Native memory allocation (malloc) failed to allocate 680656 bytes for Chunk::new
# Possible reasons:
#   The system is out of physical RAM or swap space
#   The process is running with CompressedOops enabled, and the Java Heap may be blocking the growth of the native heap
# Possible solutions:
#   Reduce memory load on the system
#   Increase physical memory or swap space
#   Check if swap backing store is full
#   Decrease Java heap size (-Xmx/-Xms)
#   Decrease number of Java threads
#   Decrease Java thread stack sizes (-Xss)
#   Set larger code cache with -XX:ReservedCodeCacheSize=
#   JVM is running with Unscaled Compressed Oops mode in which the Java heap is
#     placed in the first 4GB address space. The Java Heap base address is the
#     maximum limit for the native heap growth. Please use -XX:HeapBaseMinAddress
#     to set the Java Heap base and to place the Java Heap above 4GB virtual address.
# This output file may be truncated or incomplete.
#
#  Out of Memory Error (allocation.cpp:389), pid=7948, tid=0x000000000000270c
#
# JRE version: OpenJDK Runtime Environment (8.0_212-b04) (build 1.8.0_212-release-1586-b04)
# Java VM: OpenJDK 64-Bit Server VM (25.212-b04 mixed mode windows-amd64 compressed oops)
# Failed to write core dump. Minidumps are not enabled by default on client versions of Windows
#

---------------  T H R E A D  ---------------

Current thread (0x000000001648d800):  JavaThread "C2 CompilerThread1" daemon [_thread_in_native, id=9996, stack(0x0000000017bf0000,0x0000000017cf0000)]

Stack: [0x0000000017bf0000,0x0000000017cf0000]
[error occurred during error reporting (printing stack bounds), id 0xc0000005]

Native frames: (J=compiled Java code, j=interpreted, Vv=VM code, C=native code)


Current CompileTask:
C2:  18524 7739       4       java.net.URLClassLoader$1::run (5 bytes)


---------------  P R O C E S S  ---------------

Java Threads: ( => current thread )
  0x000000001a29d000 JavaThread "Cache worker for execution history cache (C:\Android\flos\.gradle\5.6.4\executionHistory)" [_thread_blocked, id=8040, stack(0x0000000022b80000,0x0000000022c80000)]
  0x000000001a2a0000 JavaThread "Execution worker for ':' Thread 3" [_thread_blocked, id=9104, stack(0x0000000022a80000,0x0000000022b80000)]
  0x000000001a29b800 JavaThread "Execution worker for ':' Thread 2" [_thread_in_native, id=12240, stack(0x00000000222b0000,0x00000000223b0000)]
  0x000000001a29e800 JavaThread "Execution worker for ':'" [_thread_blocked, id=10868, stack(0x0000000021f20000,0x0000000022020000)]
  0x000000001a29e000 JavaThread "Cache worker for file content cache (C:\Android\flos\.gradle\5.6.4\fileContent)" [_thread_blocked, id=8320, stack(0x0000000021c20000,0x0000000021d20000)]
  0x000000001a299800 JavaThread "Cache worker for file content cache (C:\Users\Rykov_D\.gradle\caches\5.6.4\fileContent)" [_thread_blocked, id=11144, stack(0x0000000021b20000,0x0000000021c20000)]
  0x000000001a292000 JavaThread "Memory manager" [_thread_blocked, id=11368, stack(0x0000000021a20000,0x0000000021b20000)]
  0x000000001a295800 JavaThread "Cache worker for Build Output Cleanup Cache (C:\Android\flos\.gradle\buildOutputCleanup)" [_thread_blocked, id=9432, stack(0x0000000021320000,0x0000000021420000)]
  0x000000001a294000 JavaThread "Build operations Thread 4" [_thread_blocked, id=2604, stack(0x0000000020c20000,0x0000000020d20000)]
  0x000000001a293800 JavaThread "Build operations Thread 3" [_thread_blocked, id=11356, stack(0x0000000020b20000,0x0000000020c20000)]
  0x000000001a295000 JavaThread "Build operations Thread 2" [_thread_blocked, id=11968, stack(0x0000000020a20000,0x0000000020b20000)]
  0x000000001a292800 JavaThread "Build operations" [_thread_blocked, id=2356, stack(0x000000001ee40000,0x000000001ef40000)]
  0x000000001a298000 JavaThread "Cache worker for execution history cache (C:\Users\Rykov_D\.gradle\caches\5.6.4\executionHistory)" [_thread_blocked, id=10140, stack(0x0000000020720000,0x0000000020820000)]
  0x00000000194ab800 JavaThread "Cache worker for cache directory md-rule (C:\Users\Rykov_D\.gradle\caches\5.6.4\md-rule)" [_thread_blocked, id=8312, stack(0x0000000020620000,0x0000000020720000)]
  0x00000000194ae800 JavaThread "Cache worker for cache directory md-supplier (C:\Users\Rykov_D\.gradle\caches\5.6.4\md-supplier)" [_thread_blocked, id=9780, stack(0x000000001ebc0000,0x000000001ecc0000)]
  0x00000000194b1800 JavaThread "Cache worker for file hash cache (C:\Android\flos\.gradle\5.6.4\fileHashes)" [_thread_blocked, id=12052, stack(0x000000001ed40000,0x000000001ee40000)]
  0x00000000194ad000 JavaThread "Cache worker for journal cache (C:\Users\Rykov_D\.gradle\caches\journal-1)" [_thread_blocked, id=8304, stack(0x000000001c220000,0x000000001c320000)]
  0x00000000194b1000 JavaThread "File lock request listener" [_thread_in_native, id=4172, stack(0x000000001c120000,0x000000001c220000)]
  0x000000001987d000 JavaThread "Cache worker for file hash cache (C:\Users\Rykov_D\.gradle\caches\5.6.4\fileHashes)" [_thread_blocked, id=9876, stack(0x000000001be20000,0x000000001bf20000)]
  0x0000000019f05800 JavaThread "Thread-9" [_thread_blocked, id=1120, stack(0x000000001bd20000,0x000000001be20000)]
  0x0000000019f05000 JavaThread "Stdin handler" [_thread_blocked, id=9600, stack(0x000000001bc20000,0x000000001bd20000)]
  0x0000000019f55000 JavaThread "Asynchronous log dispatcher for DefaultDaemonConnection: socket connection from /127.0.0.1:55614 to /127.0.0.1:55615" [_thread_blocked, id=6728, stack(0x000000001bb20000,0x000000001bc20000)]
  0x0000000019f02000 JavaThread "Daemon worker" [_thread_blocked, id=8224, stack(0x000000001ba20000,0x000000001bb20000)]
  0x0000000019f00000 JavaThread "Cancel handler" [_thread_blocked, id=11704, stack(0x000000001b920000,0x000000001ba20000)]
  0x0000000019e88800 JavaThread "Handler for socket connection from /127.0.0.1:55614 to /127.0.0.1:55615" [_thread_in_native, id=1208, stack(0x000000001b620000,0x000000001b720000)]
  0x0000000019e82800 JavaThread "Daemon" [_thread_blocked, id=10688, stack(0x000000001b520000,0x000000001b620000)]
  0x00000000180da800 JavaThread "Daemon periodic checks" [_thread_blocked, id=4296, stack(0x000000001b420000,0x000000001b520000)]
  0x0000000018559000 JavaThread "Incoming local TCP Connector on port 55614" [_thread_in_native, id=11004, stack(0x000000001b1d0000,0x000000001b2d0000)]
  0x0000000019e28800 JavaThread "Daemon health stats" [_thread_blocked, id=2672, stack(0x000000001ab90000,0x000000001ac90000)]
  0x00000000164dd000 JavaThread "Service Thread" daemon [_thread_blocked, id=4216, stack(0x00000000181f0000,0x00000000182f0000)]
  0x00000000164af800 JavaThread "C1 CompilerThread2" daemon [_thread_blocked, id=1340, stack(0x0000000017cf0000,0x0000000017df0000)]
=>0x000000001648d800 JavaThread "C2 CompilerThread1" daemon [_thread_in_native, id=9996, stack(0x0000000017bf0000,0x0000000017cf0000)]
  0x0000000016482000 JavaThread "C2 CompilerThread0" daemon [_thread_blocked, id=3436, stack(0x0000000017af0000,0x0000000017bf0000)]
  0x0000000016480800 JavaThread "Attach Listener" daemon [_thread_blocked, id=3440, stack(0x00000000179f0000,0x0000000017af0000)]
  0x0000000016487000 JavaThread "Signal Dispatcher" daemon [_thread_blocked, id=10596, stack(0x00000000178f0000,0x00000000179f0000)]
  0x0000000002b0b000 JavaThread "Finalizer" daemon [_thread_blocked, id=8380, stack(0x00000000176e0000,0x00000000177e0000)]
  0x0000000016469000 JavaThread "Reference Handler" daemon [_thread_blocked, id=2284, stack(0x00000000175e0000,0x00000000176e0000)]
  0x000000000290e800 JavaThread "main" [_thread_blocked, id=8976, stack(0x0000000002910000,0x0000000002a10000)]

Other Threads:
  0x0000000016447000 VMThread [stack: 0x00000000174e0000,0x00000000175e0000] [id=3216]
  0x0000000017e33000 WatcherThread [stack: 0x00000000182f0000,0x00000000183f0000] [id=5404]

VM state:at safepoint (normal execution)

VM Mutex/Monitor currently owned by a thread:  ([mutex/lock_event])
[0x000000000290d4a0] Threads_lock - owner thread: 0x0000000016447000
[0x000000000290d520] Heap_lock - owner thread: 0x000000001987d000

heap address: 0x00000000a0000000, size: 1536 MB, Compressed Oops mode: 32-bit
Narrow klass base: 0x0000000000000000, Narrow klass shift: 3
Compressed class space size: 1073741824 Address: 0x0000000100000000

Heap:
 PSYoungGen      total 181760K, used 164864K [0x00000000e0000000, 0x00000000ed180000, 0x0000000100000000)
  eden space 164864K, 100% used [0x00000000e0000000,0x00000000ea100000,0x00000000ea100000)
  from space 16896K, 0% used [0x00000000eb280000,0x00000000eb280000,0x00000000ec300000)
  to   space 17920K, 85% used [0x00000000ea100000,0x00000000eb00c060,0x00000000eb280000)
 ParOldGen       total 95232K, used 37043K [0x00000000a0000000, 0x00000000a5d00000, 0x00000000e0000000)
  object space 95232K, 38% used [0x00000000a0000000,0x00000000a242cef8,0x00000000a5d00000)
 Metaspace       used 59742K, capacity 61977K, committed 62248K, reserved 1103872K
  class space    used 8184K, capacity 8703K, committed 8744K, reserved 1048576K

Card table byte_map: [0x0000000011ed0000,0x00000000121e0000] byte_map_base: 0x00000000119d0000

Marking Bits: (ParMarkBitMap*) 0x000000005cb69f30
 Begin Bits: [0x00000000127e0000, 0x0000000013fe0000)
 End Bits:   [0x0000000013fe0000, 0x00000000157e0000)

Polling page: 0x0000000002820000

CodeCache: size=245760Kb used=22479Kb max_used=22479Kb free=223280Kb
 bounds [0x0000000002b10000, 0x0000000004120000, 0x0000000011b10000]
 total_blobs=7982 nmethods=7182 adapters=712
 compilation: enabled

Compilation events (10 events):
Event: 18.424 Thread 0x00000000164af800 7870       3       org.gradle.api.internal.changedetection.state.DefaultResourceSnapshotterCacheService::hashFile (94 bytes)
Event: 18.426 Thread 0x00000000164af800 nmethod 7870 0x0000000004113650 code [0x00000000041139c0, 0x0000000004115428]
Event: 18.426 Thread 0x00000000164af800 7871       3       org.gradle.api.internal.changedetection.state.DefaultResourceSnapshotterCacheService::resourceHashCacheKey (25 bytes)
Event: 18.429 Thread 0x00000000164af800 nmethod 7871 0x0000000004116b90 code [0x0000000004116ea0, 0x00000000041184d8]
Event: 18.429 Thread 0x00000000164af800 7872       3       org.gradle.internal.hash.HashCode::toByteArray (11 bytes)
Event: 18.430 Thread 0x00000000164af800 nmethod 7872 0x0000000004119790 code [0x0000000004119900, 0x0000000004119c08]
Event: 18.433 Thread 0x00000000164af800 7874       3       org.gradle.api.internal.changedetection.state.SplitResourceSnapshotterCacheService::hashFile (42 bytes)
Event: 18.434 Thread 0x00000000164af800 nmethod 7874 0x0000000004119cd0 code [0x0000000004119e80, 0x000000000411a3e8]
Event: 18.456 Thread 0x00000000164af800 7875       1       org.gradle.internal.fingerprint.impl.AbsolutePathFingerprintingStrategy$1::postVisitDirectory (11 bytes)
Event: 18.457 Thread 0x00000000164af800 nmethod 7875 0x000000000411a610 code [0x000000000411a760, 0x000000000411a870]

GC Heap History (10 events):
Event: 9.403 GC heap after
Heap after GC invocations=11 (full 2):
 PSYoungGen      total 118272K, used 0K [0x00000000e0000000, 0x00000000ea900000, 0x0000000100000000)
  eden space 106496K, 0% used [0x00000000e0000000,0x00000000e0000000,0x00000000e6800000)
  from space 11776K, 0% used [0x00000000e6800000,0x00000000e6800000,0x00000000e7380000)
  to   space 13312K, 0% used [0x00000000e9c00000,0x00000000e9c00000,0x00000000ea900000)
 ParOldGen       total 95232K, used 19328K [0x00000000a0000000, 0x00000000a5d00000, 0x00000000e0000000)
  object space 95232K, 20% used [0x00000000a0000000,0x00000000a12e0198,0x00000000a5d00000)
 Metaspace       used 34603K, capacity 35466K, committed 35496K, reserved 1079296K
  class space    used 4747K, capacity 5022K, committed 5032K, reserved 1048576K
}
Event: 11.355 GC heap before
{Heap before GC invocations=12 (full 2):
 PSYoungGen      total 118272K, used 106496K [0x00000000e0000000, 0x00000000ea900000, 0x0000000100000000)
  eden space 106496K, 100% used [0x00000000e0000000,0x00000000e6800000,0x00000000e6800000)
  from space 11776K, 0% used [0x00000000e6800000,0x00000000e6800000,0x00000000e7380000)
  to   space 13312K, 0% used [0x00000000e9c00000,0x00000000e9c00000,0x00000000ea900000)
 ParOldGen       total 95232K, used 19328K [0x00000000a0000000, 0x00000000a5d00000, 0x00000000e0000000)
  object space 95232K, 20% used [0x00000000a0000000,0x00000000a12e0198,0x00000000a5d00000)
 Metaspace       used 45240K, capacity 46392K, committed 46632K, reserved 1089536K
  class space    used 6073K, capacity 6414K, committed 6440K, reserved 1048576K
Event: 11.370 GC heap after
Heap after GC invocations=12 (full 2):
 PSYoungGen      total 144896K, used 13310K [0x00000000e0000000, 0x00000000ea900000, 0x0000000100000000)
  eden space 131584K, 0% used [0x00000000e0000000,0x00000000e0000000,0x00000000e8080000)
  from space 13312K, 99% used [0x00000000e9c00000,0x00000000ea8ff980,0x00000000ea900000)
  to   space 15360K, 0% used [0x00000000e8b00000,0x00000000e8b00000,0x00000000e9a00000)
 ParOldGen       total 95232K, used 19805K [0x00000000a0000000, 0x00000000a5d00000, 0x00000000e0000000)
  object space 95232K, 20% used [0x00000000a0000000,0x00000000a13575c8,0x00000000a5d00000)
 Metaspace       used 45240K, capacity 46392K, committed 46632K, reserved 1089536K
  class space    used 6073K, capacity 6414K, committed 6440K, reserved 1048576K
}
Event: 13.771 GC heap before
{Heap before GC invocations=13 (full 2):
 PSYoungGen      total 144896K, used 144894K [0x00000000e0000000, 0x00000000ea900000, 0x0000000100000000)
  eden space 131584K, 100% used [0x00000000e0000000,0x00000000e8080000,0x00000000e8080000)
  from space 13312K, 99% used [0x00000000e9c00000,0x00000000ea8ff980,0x00000000ea900000)
  to   space 15360K, 0% used [0x00000000e8b00000,0x00000000e8b00000,0x00000000e9a00000)
 ParOldGen       total 95232K, used 19805K [0x00000000a0000000, 0x00000000a5d00000, 0x00000000e0000000)
  object space 95232K, 20% used [0x00000000a0000000,0x00000000a13575c8,0x00000000a5d00000)
 Metaspace       used 54043K, capacity 55830K, committed 56104K, reserved 1097728K
  class space    used 7438K, capacity 7905K, committed 7976K, reserved 1048576K
Event: 13.826 GC heap after
Heap after GC invocations=13 (full 2):
 PSYoungGen      total 157696K, used 14205K [0x00000000e0000000, 0x00000000ec300000, 0x0000000100000000)
  eden space 142336K, 0% used [0x00000000e0000000,0x00000000e0000000,0x00000000e8b00000)
  from space 15360K, 92% used [0x00000000e8b00000,0x00000000e98df6e8,0x00000000e9a00000)
  to   space 16896K, 0% used [0x00000000eb280000,0x00000000eb280000,0x00000000ec300000)
 ParOldGen       total 95232K, used 25874K [0x00000000a0000000, 0x00000000a5d00000, 0x00000000e0000000)
  object space 95232K, 27% used [0x00000000a0000000,0x00000000a1944b50,0x00000000a5d00000)
 Metaspace       used 54043K, capacity 55830K, committed 56104K, reserved 1097728K
  class space    used 7438K, capacity 7905K, committed 7976K, reserved 1048576K
}
Event: 15.423 GC heap before
{Heap before GC invocations=14 (full 2):
 PSYoungGen      total 157696K, used 73979K [0x00000000e0000000, 0x00000000ec300000, 0x0000000100000000)
  eden space 142336K, 41% used [0x00000000e0000000,0x00000000e3a5f6d0,0x00000000e8b00000)
  from space 15360K, 92% used [0x00000000e8b00000,0x00000000e98df6e8,0x00000000e9a00000)
  to   space 16896K, 0% used [0x00000000eb280000,0x00000000eb280000,0x00000000ec300000)
 ParOldGen       total 95232K, used 25874K [0x00000000a0000000, 0x00000000a5d00000, 0x00000000e0000000)
  object space 95232K, 27% used [0x00000000a0000000,0x00000000a1944b50,0x00000000a5d00000)
 Metaspace       used 57098K, capacity 59157K, committed 59160K, reserved 1099776K
  class space    used 7831K, capacity 8360K, committed 8360K, reserved 1048576K
Event: 15.444 GC heap after
Heap after GC invocations=14 (full 2):
 PSYoungGen      total 181760K, used 14842K [0x00000000e0000000, 0x00000000ed180000, 0x0000000100000000)
  eden space 164864K, 0% used [0x00000000e0000000,0x00000000e0000000,0x00000000ea100000)
  from space 16896K, 87% used [0x00000000eb280000,0x00000000ec0fe988,0x00000000ec300000)
  to   space 17920K, 0% used [0x00000000ea100000,0x00000000ea100000,0x00000000eb280000)
 ParOldGen       total 95232K, used 25882K [0x00000000a0000000, 0x00000000a5d00000, 0x00000000e0000000)
  object space 95232K, 27% used [0x00000000a0000000,0x00000000a1946b50,0x00000000a5d00000)
 Metaspace       used 57098K, capacity 59157K, committed 59160K, reserved 1099776K
  class space    used 7831K, capacity 8360K, committed 8360K, reserved 1048576K
}
Event: 15.444 GC heap before
{Heap before GC invocations=15 (full 3):
 PSYoungGen      total 181760K, used 14842K [0x00000000e0000000, 0x00000000ed180000, 0x0000000100000000)
  eden space 164864K, 0% used [0x00000000e0000000,0x00000000e0000000,0x00000000ea100000)
  from space 16896K, 87% used [0x00000000eb280000,0x00000000ec0fe988,0x00000000ec300000)
  to   space 17920K, 0% used [0x00000000ea100000,0x00000000ea100000,0x00000000eb280000)
 ParOldGen       total 95232K, used 25882K [0x00000000a0000000, 0x00000000a5d00000, 0x00000000e0000000)
  object space 95232K, 27% used [0x00000000a0000000,0x00000000a1946b50,0x00000000a5d00000)
 Metaspace       used 57098K, capacity 59157K, committed 59160K, reserved 1099776K
  class space    used 7831K, capacity 8360K, committed 8360K, reserved 1048576K
Event: 15.740 GC heap after
Heap after GC invocations=15 (full 3):
 PSYoungGen      total 181760K, used 0K [0x00000000e0000000, 0x00000000ed180000, 0x0000000100000000)
  eden space 164864K, 0% used [0x00000000e0000000,0x00000000e0000000,0x00000000ea100000)
  from space 16896K, 0% used [0x00000000eb280000,0x00000000eb280000,0x00000000ec300000)
  to   space 17920K, 0% used [0x00000000ea100000,0x00000000ea100000,0x00000000eb280000)
 ParOldGen       total 95232K, used 37035K [0x00000000a0000000, 0x00000000a5d00000, 0x00000000e0000000)
  object space 95232K, 38% used [0x00000000a0000000,0x00000000a242aef8,0x00000000a5d00000)
 Metaspace       used 57098K, capacity 59157K, committed 59160K, reserved 1099776K
  class space    used 7831K, capacity 8360K, committed 8360K, reserved 1048576K
}
Event: 18.483 GC heap before
{Heap before GC invocations=16 (full 3):
 PSYoungGen      total 181760K, used 164864K [0x00000000e0000000, 0x00000000ed180000, 0x0000000100000000)
  eden space 164864K, 100% used [0x00000000e0000000,0x00000000ea100000,0x00000000ea100000)
  from space 16896K, 0% used [0x00000000eb280000,0x00000000eb280000,0x00000000ec300000)
  to   space 17920K, 0% used [0x00000000ea100000,0x00000000ea100000,0x00000000eb280000)
 ParOldGen       total 95232K, used 37035K [0x00000000a0000000, 0x00000000a5d00000, 0x00000000e0000000)
  object space 95232K, 38% used [0x00000000a0000000,0x00000000a242aef8,0x00000000a5d00000)
 Metaspace       used 59742K, capacity 61977K, committed 62248K, reserved 1103872K
  class space    used 8184K, capacity 8703K, committed 8744K, reserved 1048576K

Deoptimization events (10 events):
Event: 16.503 Thread 0x0000000019f02000 Uncommon trap: reason=unstable_if action=reinterpret pc=0x00000000036837f0 method=java.util.concurrent.ConcurrentHashMap.addCount(JI)V @ 110
Event: 16.655 Thread 0x000000001a29e800 Uncommon trap: reason=unstable_if action=reinterpret pc=0x000000000367bb84 method=java.util.concurrent.ConcurrentHashMap.addCount(JI)V @ 110
Event: 18.024 Thread 0x000000001a29b800 Uncommon trap: reason=unstable_if action=reinterpret pc=0x0000000003ede410 method=java.util.concurrent.ConcurrentHashMap.replaceNode(Ljava/lang/Object;Ljava/lang/Object;Ljava/lang/Object;)Ljava/lang/Object; @ 17
Event: 18.095 Thread 0x0000000019f02000 Uncommon trap: reason=bimorphic action=maybe_recompile pc=0x0000000003f29f24 method=com.google.common.collect.NaturalOrdering.compare(Ljava/lang/Comparable;Ljava/lang/Comparable;)I @ 12
Event: 18.095 Thread 0x0000000019f02000 Uncommon trap: reason=bimorphic action=maybe_recompile pc=0x0000000003f29f24 method=com.google.common.collect.NaturalOrdering.compare(Ljava/lang/Comparable;Ljava/lang/Comparable;)I @ 12
Event: 18.095 Thread 0x0000000019f02000 Uncommon trap: reason=bimorphic action=maybe_recompile pc=0x0000000003f29f24 method=com.google.common.collect.NaturalOrdering.compare(Ljava/lang/Comparable;Ljava/lang/Comparable;)I @ 12
Event: 18.095 Thread 0x0000000019f02000 Uncommon trap: reason=bimorphic action=maybe_recompile pc=0x0000000003f29f24 method=com.google.common.collect.NaturalOrdering.compare(Ljava/lang/Comparable;Ljava/lang/Comparable;)I @ 12
Event: 18.102 Thread 0x000000001a295800 Uncommon trap: reason=unstable_if action=reinterpret pc=0x000000000406facc method=org.gradle.cache.internal.btree.BlockPointer.isNull()Z @ 6
Event: 18.115 Thread 0x0000000019f02000 Uncommon trap: reason=null_assert action=make_not_entrant pc=0x000000000406c378 method=com.google.common.cache.LocalCache.processPendingNotifications()V @ 9
Event: 18.390 Thread 0x000000001a2a0000 Uncommon trap: reason=predicate action=maybe_recompile pc=0x000000000309ffc8 method=com.google.common.base.CharMatcher.indexIn(Ljava/lang/CharSequence;I)I @ 22

Classes redefined (0 events):
No events

Internal exceptions (10 events):
Event: 15.754 Thread 0x0000000019f02000 Exception <a 'java/lang/ClassNotFoundException': com/android/build/gradle/tasks/MergeResourcesBeanInfo> (0x00000000e00ade18) thrown at [D:\src\AOSP-openjdk-cygwin\jdk8u\hotspot\src\share\vm\classfile\systemDictionary.cpp, line 210]
Event: 15.754 Thread 0x0000000019f02000 Exception <a 'java/lang/ClassNotFoundException': com/android/build/gradle/tasks/ResourceAwareTaskBeanInfo> (0x00000000e00c8d18) thrown at [D:\src\AOSP-openjdk-cygwin\jdk8u\hotspot\src\share\vm\classfile\systemDictionary.cpp, line 210]
Event: 15.755 Thread 0x0000000019f02000 Exception <a 'java/lang/ClassNotFoundException': com/android/build/gradle/internal/tasks/IncrementalTaskBeanInfo> (0x00000000e00e5c78) thrown at [D:\src\AOSP-openjdk-cygwin\jdk8u\hotspot\src\share\vm\classfile\systemDictionary.cpp, line 210]
Event: 15.756 Thread 0x0000000019f02000 Exception <a 'java/lang/ClassNotFoundException': com/android/build/gradle/internal/tasks/AndroidVariantTaskBeanInfo> (0x00000000e0103bb8) thrown at [D:\src\AOSP-openjdk-cygwin\jdk8u\hotspot\src\share\vm\classfile\systemDictionary.cpp, line 210]
Event: 15.757 Thread 0x0000000019f02000 Exception <a 'java/lang/ClassNotFoundException': com/android/build/gradle/internal/tasks/AndroidVariantTaskCustomizer> (0x00000000e0122910) thrown at [D:\src\AOSP-openjdk-cygwin\jdk8u\hotspot\src\share\vm\classfile\systemDictionary.cpp, line 210]
Event: 15.759 Thread 0x0000000019f02000 Exception <a 'java/lang/ClassNotFoundException': com/android/build/gradle/internal/tasks/IncrementalTaskCustomizer> (0x00000000e0156438) thrown at [D:\src\AOSP-openjdk-cygwin\jdk8u\hotspot\src\share\vm\classfile\systemDictionary.cpp, line 210]
Event: 15.760 Thread 0x0000000019f02000 Exception <a 'java/lang/ClassNotFoundException': com/android/build/gradle/tasks/ResourceAwareTaskCustomizer> (0x00000000e0184d68) thrown at [D:\src\AOSP-openjdk-cygwin\jdk8u\hotspot\src\share\vm\classfile\systemDictionary.cpp, line 210]
Event: 15.761 Thread 0x0000000019f02000 Exception <a 'java/lang/ClassNotFoundException': com/android/build/gradle/tasks/MergeResourcesCustomizer> (0x00000000e01bf4b8) thrown at [D:\src\AOSP-openjdk-cygwin\jdk8u\hotspot\src\share\vm\classfile\systemDictionary.cpp, line 210]
Event: 15.763 Thread 0x0000000019f02000 Exception <a 'java/lang/ClassNotFoundException': com/android/build/gradle/tasks/MergeResources_DecoratedCustomizer> (0x00000000e020a708) thrown at [D:\src\AOSP-openjdk-cygwin\jdk8u\hotspot\src\share\vm\classfile\systemDictionary.cpp, line 210]
Event: 18.024 Thread 0x000000001a29b800 Implicit null exception at 0x0000000003edde24 to 0x0000000003ede3e5

Events (10 events):
Event: 18.397 loading class org/gradle/api/internal/file/pattern/HasPrefixAndSuffixPatternStep done
Event: 18.397 loading class org/gradle/api/internal/file/pattern/HasPrefixPatternStep
Event: 18.397 loading class org/gradle/api/internal/file/pattern/HasPrefixPatternStep done
Event: 18.398 loading class org/gradle/api/internal/file/pattern/FixedPatternStep
Event: 18.398 loading class org/gradle/api/internal/file/pattern/FixedPatternStep done
Event: 18.399 loading class org/gradle/api/internal/file/pattern/AnythingMatcher
Event: 18.399 loading class org/gradle/api/internal/file/pattern/AnythingMatcher done
Event: 18.482 loading class org/gradle/process/internal/health/memory/JvmMemoryStatusSnapshot
Event: 18.482 loading class org/gradle/process/internal/health/memory/JvmMemoryStatusSnapshot done
Event: 18.483 Executing VM operation: ParallelGCFailedAllocation


Dynamic libraries:
0x00007ff61a890000 - 0x00007ff61a8c1000 	C:\Program Files\Android\Android Studio1\jre\bin\java.exe
0x00007ffc293e0000 - 0x00007ffc295d0000 	C:\Windows\SYSTEM32\ntdll.dll
0x00007ffc280e0000 - 0x00007ffc28192000 	C:\Windows\System32\KERNEL32.DLL
0x00007ffc26370000 - 0x00007ffc26613000 	C:\Windows\System32\KERNELBASE.dll
0x00007ffc291c0000 - 0x00007ffc29263000 	C:\Windows\System32\ADVAPI32.dll
0x00007ffc27640000 - 0x00007ffc276de000 	C:\Windows\System32\msvcrt.dll
0x00007ffc27e20000 - 0x00007ffc27eb7000 	C:\Windows\System32\sechost.dll
0x00007ffc28fe0000 - 0x00007ffc29100000 	C:\Windows\System32\RPCRT4.dll
0x00007ffc27a90000 - 0x00007ffc27c24000 	C:\Windows\System32\USER32.dll
0x00007ffc266c0000 - 0x00007ffc266e1000 	C:\Windows\System32\win32u.dll
0x00007ffc29100000 - 0x00007ffc29126000 	C:\Windows\System32\GDI32.dll
0x00007ffc27050000 - 0x00007ffc271e4000 	C:\Windows\System32\gdi32full.dll
0x00007ffc26620000 - 0x00007ffc266be000 	C:\Windows\System32\msvcp_win.dll
0x00007ffc26e70000 - 0x00007ffc26f6a000 	C:\Windows\System32\ucrtbase.dll
0x00007ffc1c430000 - 0x00007ffc1c6b5000 	C:\Windows\WinSxS\amd64_microsoft.windows.common-controls_6595b64144ccf1df_6.0.18362.778_none_e6c6b761130d4fb8\COMCTL32.dll
0x00007ffc276e0000 - 0x00007ffc27a16000 	C:\Windows\System32\combase.dll
0x00007ffc26f70000 - 0x00007ffc26ff0000 	C:\Windows\System32\bcryptPrimitives.dll
0x00007ffc27f50000 - 0x00007ffc27f7e000 	C:\Windows\System32\IMM32.DLL
0x00007ffc26120000 - 0x00007ffc26186000 	C:\Windows\system32\nvinitx.dll
0x000000005c130000 - 0x000000005c202000 	C:\Program Files\Android\Android Studio1\jre\jre\bin\msvcr100.dll
0x000000005c3a0000 - 0x000000005cbe6000 	C:\Program Files\Android\Android Studio1\jre\jre\bin\server\jvm.dll
0x00007ffc291b0000 - 0x00007ffc291b8000 	C:\Windows\System32\PSAPI.DLL
0x00007ffc22b90000 - 0x00007ffc22b99000 	C:\Windows\SYSTEM32\WSOCK32.dll
0x00007ffc27a20000 - 0x00007ffc27a8f000 	C:\Windows\System32\WS2_32.dll
0x00007ffc23de0000 - 0x00007ffc23e04000 	C:\Windows\SYSTEM32\WINMM.dll
0x00007ffc1e8e0000 - 0x00007ffc1e8ea000 	C:\Windows\SYSTEM32\VERSION.dll
0x00007ffc23b50000 - 0x00007ffc23b7d000 	C:\Windows\SYSTEM32\WINMMBASE.dll
0x00007ffc27370000 - 0x00007ffc273ba000 	C:\Windows\System32\cfgmgr32.dll
0x00007ffc1a260000 - 0x00007ffc1a26f000 	C:\Program Files\Android\Android Studio1\jre\jre\bin\verify.dll
0x00007ffc193f0000 - 0x00007ffc19419000 	C:\Program Files\Android\Android Studio1\jre\jre\bin\java.dll
0x00007ffc197a0000 - 0x00007ffc197b6000 	C:\Program Files\Android\Android Studio1\jre\jre\bin\zip.dll
0x00007ffc28200000 - 0x00007ffc288e5000 	C:\Windows\System32\SHELL32.dll
0x00007ffc292f0000 - 0x00007ffc29399000 	C:\Windows\System32\shcore.dll
0x00007ffc266f0000 - 0x00007ffc26e70000 	C:\Windows\System32\windows.storage.dll
0x00007ffc262d0000 - 0x00007ffc262f3000 	C:\Windows\System32\profapi.dll
0x00007ffc26300000 - 0x00007ffc2634a000 	C:\Windows\System32\powrprof.dll
0x00007ffc262a0000 - 0x00007ffc262b0000 	C:\Windows\System32\UMPDC.dll
0x00007ffc28f80000 - 0x00007ffc28fd2000 	C:\Windows\System32\shlwapi.dll
0x00007ffc26350000 - 0x00007ffc26361000 	C:\Windows\System32\kernel.appcore.dll
0x00007ffc273c0000 - 0x00007ffc273d7000 	C:\Windows\System32\cryptsp.dll
0x00007ffc196a0000 - 0x00007ffc196ba000 	C:\Program Files\Android\Android Studio1\jre\jre\bin\net.dll
0x00007ffc179d0000 - 0x00007ffc17ba5000 	C:\Windows\SYSTEM32\urlmon.dll
0x00007ffc17cd0000 - 0x00007ffc17f76000 	C:\Windows\SYSTEM32\iertutil.dll
0x00007ffc25b70000 - 0x00007ffc25b7c000 	C:\Windows\SYSTEM32\CRYPTBASE.DLL
0x00007ffc259f0000 - 0x00007ffc25a57000 	C:\Windows\system32\mswsock.dll
0x00007ffc19330000 - 0x00007ffc19343000 	C:\Program Files\Android\Android Studio1\jre\jre\bin\nio.dll
0x00007ffc0ee00000 - 0x00007ffc0ee26000 	C:\Users\Rykov_D\.gradle\native\30\windows-amd64\native-platform.dll
0x00007ffc1a250000 - 0x00007ffc1a25d000 	C:\Program Files\Android\Android Studio1\jre\jre\bin\management.dll
0x00007ffc25570000 - 0x00007ffc255a3000 	C:\Windows\system32\rsaenh.dll
0x00007ffc271f0000 - 0x00007ffc27216000 	C:\Windows\System32\bcrypt.dll
0x00007ffc26190000 - 0x00007ffc261b5000 	C:\Windows\SYSTEM32\USERENV.dll
0x00007ffc25710000 - 0x00007ffc2574a000 	C:\Windows\SYSTEM32\IPHLPAPI.DLL
0x00007ffc291a0000 - 0x00007ffc291a8000 	C:\Windows\System32\NSI.dll
0x00007ffc1d630000 - 0x00007ffc1d646000 	C:\Windows\SYSTEM32\dhcpcsvc6.DLL
0x00007ffc1d500000 - 0x00007ffc1d51c000 	C:\Windows\SYSTEM32\dhcpcsvc.DLL
0x00007ffc257a0000 - 0x00007ffc2586a000 	C:\Windows\SYSTEM32\DNSAPI.dll

VM Arguments:
jvm_args: -Xmx1536m -Dfile.encoding=windows-1251 -Duser.country=RU -Duser.language=ru -Duser.variant 
java_command: org.gradle.launcher.daemon.bootstrap.GradleDaemon 5.6.4
java_class_path (initial): C:\Users\Rykov_D\.gradle\wrapper\dists\gradle-5.6.4-all\ankdp27end7byghfw1q2sw75f\gradle-5.6.4\lib\gradle-launcher-5.6.4.jar
Launcher Type: SUN_STANDARD

Environment Variables:
PATH=C:\Program Files (x86)\NVIDIA Corporation\PhysX\Common;C:\Program Files (x86)\Intel\iCLS Client\;C:\Program Files\Intel\iCLS Client\;C:\Windows\system32;C:\Windows;C:\Windows\System32\Wbem;C:\Windows\System32\WindowsPowerShell\v1.0\;C:\Windows\System32\OpenSSH\;C:\Program Files\Intel\Intel(R) Management Engine Components\DAL;C:\Program Files\Intel\Intel(R) Management Engine Components\IPT;C:\Program Files (x86)\Intel\Intel(R) Management Engine Components\DAL;C:\Program Files (x86)\Intel\Intel(R) Management Engine Components\IPT;C:\Program Files\Git\cmd;C:\Users\Rykov_D\AppData\Local\Microsoft\WindowsApps;;C:\Program Files\JetBrains\IntelliJ IDEA 2019.3.3\bin;;C:\Program Files\JetBrains\PhpStorm 2019.3.4\bin;;C:\Users\Rykov_D\AppData\Local\Programs\Fiddler;.;
USERNAME=Rykov_D
OS=Windows_NT
PROCESSOR_IDENTIFIER=Intel64 Family 6 Model 58 Stepping 9, GenuineIntel



---------------  S Y S T E M  ---------------

OS: Windows 10.0 , 64 bit Build 18362 (10.0.18362.778)

CPU:total 4 (initial active 4) (2 cores per cpu, 2 threads per core) family 6 model 58 stepping 9, cmov, cx8, fxsr, mmx, sse, sse2, sse3, ssse3, sse4.1, sse4.2, popcnt, avx, clmul, erms, ht, tsc, tscinvbit, tscinv

Memory: 4k page, physical 8275224k(1461432k free), swap 9094424k(5644k free)

vm_info: OpenJDK 64-Bit Server VM (25.212-b04) for windows-amd64 JRE (1.8.0_212-release-1586-b04), built by "builder" with MS VC++ 10.0 (VS2010)

time: Sun Apr 19 16:40:06 2020
timezone: Центральная Азия (зима)
elapsed time: 18 seconds (0d 0h 0m 18s)

