#
# There is insufficient memory for the Java Runtime Environment to continue.
# Native memory allocation (malloc) failed to allocate 32744 bytes for ChunkPool::allocate
# Possible reasons:
#   The system is out of physical RAM or swap space
#   The process is running with CompressedOops enabled, and the Java Heap may be blocking the growth of the native heap
# Possible solutions:
#   Reduce memory load on the system
#   Increase physical memory or swap space
#   Check if swap backing store is full
#   Decrease Java heap size (-Xmx/-Xms)
#   Decrease number of Java threads
#   Decrease Java thread stack sizes (-Xss)
#   Set larger code cache with -XX:ReservedCodeCacheSize=
#   JVM is running with Unscaled Compressed Oops mode in which the Java heap is
#     placed in the first 4GB address space. The Java Heap base address is the
#     maximum limit for the native heap growth. Please use -XX:HeapBaseMinAddress
#     to set the Java Heap base and to place the Java Heap above 4GB virtual address.
# This output file may be truncated or incomplete.
#
#  Out of Memory Error (allocation.cpp:272), pid=12236, tid=0x00000000000019b0
#
# JRE version: OpenJDK Runtime Environment (8.0_212-b04) (build 1.8.0_212-release-1586-b04)
# Java VM: OpenJDK 64-Bit Server VM (25.212-b04 mixed mode windows-amd64 compressed oops)
# Failed to write core dump. Minidumps are not enabled by default on client versions of Windows
#

---------------  T H R E A D  ---------------

Current thread (0x0000000016822000):  JavaThread "C2 CompilerThread0" daemon [_thread_in_native, id=6576, stack(0x0000000017eb0000,0x0000000017fb0000)]

Stack: [0x0000000017eb0000,0x0000000017fb0000]
[error occurred during error reporting (printing stack bounds), id 0xc0000005]

Native frames: (J=compiled Java code, j=interpreted, Vv=VM code, C=native code)


Current CompileTask:
C2:  23798 11450 %     4       com.android.tools.r8.B.a.a.f::a @ 1772 (3659 bytes)


---------------  P R O C E S S  ---------------

Java Threads: ( => current thread )
  0x0000000019300800 JavaThread "WorkerExecutor Queue Thread 5" [_thread_in_Java, id=10116, stack(0x00000000294a0000,0x00000000295a0000)]
  0x00000000192ff000 JavaThread "WorkerExecutor Queue Thread 4" [_thread_blocked, id=8460, stack(0x00000000293a0000,0x00000000294a0000)]
  0x00000000192fe800 JavaThread "WorkerExecutor Queue Thread 3" [_thread_in_vm, id=10736, stack(0x00000000292a0000,0x00000000293a0000)]
  0x0000000019301800 JavaThread "ForkJoinPool.commonPool-worker-3" daemon [_thread_blocked, id=10340, stack(0x00000000291a0000,0x00000000292a0000)]
  0x0000000019300000 JavaThread "ForkJoinPool.commonPool-worker-1" daemon [_thread_blocked, id=2580, stack(0x0000000028fa0000,0x00000000290a0000)]
  0x00000000192f7800 JavaThread "Cache worker for Java compile cache (D:\Android\flos\.gradle\5.6.4\javaCompile)" [_thread_blocked, id=11288, stack(0x00000000288a0000,0x00000000289a0000)]
  0x00000000192fb800 JavaThread "Cache worker for Java compile cache (C:\Users\Rykov_D\.gradle\caches\5.6.4\javaCompile)" [_thread_blocked, id=10472, stack(0x0000000024260000,0x0000000024360000)]
  0x00000000192f5800 JavaThread "stdout" [_thread_in_native, id=9004, stack(0x0000000024660000,0x0000000024760000)]
  0x00000000192fa800 JavaThread "stderr" [_thread_in_native, id=3164, stack(0x0000000024560000,0x0000000024660000)]
  0x00000000192f8800 JavaThread "pool-2-thread-1" [_thread_blocked, id=11252, stack(0x0000000024460000,0x0000000024560000)]
  0x00000000192f4000 JavaThread "WorkerExecutor Queue Thread 2" [_thread_in_Java, id=2256, stack(0x0000000024360000,0x0000000024460000)]
  0x00000000184a7000 JavaThread "Cache worker for execution history cache (D:\Android\flos\.gradle\5.6.4\executionHistory)" [_thread_blocked, id=9300, stack(0x0000000023f60000,0x0000000024060000)]
  0x000000001849f800 JavaThread "Execution worker for ':' Thread 3" [_thread_blocked, id=1404, stack(0x0000000023980000,0x0000000023a80000)]
  0x00000000184a6000 JavaThread "Execution worker for ':' Thread 2" [_thread_blocked, id=7844, stack(0x0000000022870000,0x0000000022970000)]
  0x00000000184a5800 JavaThread "Execution worker for ':'" [_thread_blocked, id=996, stack(0x0000000022770000,0x0000000022870000)]
  0x00000000184a4000 JavaThread "Cache worker for file content cache (D:\Android\flos\.gradle\5.6.4\fileContent)" [_thread_blocked, id=2900, stack(0x0000000022270000,0x0000000022370000)]
  0x000000001849c800 JavaThread "Cache worker for file content cache (C:\Users\Rykov_D\.gradle\caches\5.6.4\fileContent)" [_thread_blocked, id=8304, stack(0x0000000022170000,0x0000000022270000)]
  0x00000000184a3000 JavaThread "Memory manager" [_thread_blocked, id=9788, stack(0x0000000021a50000,0x0000000021b50000)]
  0x00000000184a2800 JavaThread "Cache worker for Build Output Cleanup Cache (D:\Android\flos\.gradle\buildOutputCleanup)" [_thread_blocked, id=1332, stack(0x0000000021750000,0x0000000021850000)]
  0x00000000184a1800 JavaThread "Build operations Thread 4" [_thread_blocked, id=9044, stack(0x0000000021050000,0x0000000021150000)]
  0x00000000184a1000 JavaThread "Build operations Thread 3" [_thread_blocked, id=9316, stack(0x0000000020f50000,0x0000000021050000)]
  0x000000001849d000 JavaThread "Build operations Thread 2" [_thread_blocked, id=10948, stack(0x0000000020b90000,0x0000000020c90000)]
  0x000000001849b000 JavaThread "Build operations" [_thread_blocked, id=9860, stack(0x0000000020940000,0x0000000020a40000)]
  0x000000001849a000 JavaThread "Cache worker for execution history cache (C:\Users\Rykov_D\.gradle\caches\5.6.4\executionHistory)" [_thread_blocked, id=7644, stack(0x0000000020a90000,0x0000000020b90000)]
  0x000000001849e000 JavaThread "Cache worker for cache directory md-rule (C:\Users\Rykov_D\.gradle\caches\5.6.4\md-rule)" [_thread_blocked, id=8472, stack(0x0000000020840000,0x0000000020940000)]
  0x00000000184a0000 JavaThread "Cache worker for cache directory md-supplier (C:\Users\Rykov_D\.gradle\caches\5.6.4\md-supplier)" [_thread_blocked, id=6072, stack(0x000000001f080000,0x000000001f180000)]
  0x000000001a3ac800 JavaThread "Cache worker for file hash cache (D:\Android\flos\.gradle\5.6.4\fileHashes)" [_thread_blocked, id=9396, stack(0x000000001e980000,0x000000001ea80000)]
  0x000000001a3ae000 JavaThread "Cache worker for journal cache (C:\Users\Rykov_D\.gradle\caches\journal-1)" [_thread_blocked, id=10380, stack(0x000000001c5e0000,0x000000001c6e0000)]
  0x000000001a3aa800 JavaThread "File lock request listener" [_thread_in_native, id=10852, stack(0x000000001c4e0000,0x000000001c5e0000)]
  0x000000001a3ac000 JavaThread "Cache worker for file hash cache (C:\Users\Rykov_D\.gradle\caches\5.6.4\fileHashes)" [_thread_blocked, id=1008, stack(0x000000001c1e0000,0x000000001c2e0000)]
  0x000000001a35c800 JavaThread "Thread-9" [_thread_blocked, id=1156, stack(0x000000001c0e0000,0x000000001c1e0000)]
  0x000000001a33d000 JavaThread "Stdin handler" [_thread_blocked, id=7876, stack(0x000000001bfe0000,0x000000001c0e0000)]
  0x000000001a344000 JavaThread "Asynchronous log dispatcher for DefaultDaemonConnection: socket connection from /127.0.0.1:65520 to /127.0.0.1:65521" [_thread_blocked, id=7764, stack(0x000000001bee0000,0x000000001bfe0000)]
  0x000000001a341800 JavaThread "Daemon worker" [_thread_blocked, id=1600, stack(0x000000001bde0000,0x000000001bee0000)]
  0x000000001a340800 JavaThread "Cancel handler" [_thread_blocked, id=10732, stack(0x000000001bce0000,0x000000001bde0000)]
  0x000000001a2a9000 JavaThread "Handler for socket connection from /127.0.0.1:65520 to /127.0.0.1:65521" [_thread_in_native, id=10872, stack(0x000000001b9e0000,0x000000001bae0000)]
  0x000000001a2a8000 JavaThread "Daemon" [_thread_blocked, id=9732, stack(0x000000001b8e0000,0x000000001b9e0000)]
  0x000000001a2df800 JavaThread "Daemon periodic checks" [_thread_blocked, id=6900, stack(0x000000001b7e0000,0x000000001b8e0000)]
  0x0000000018277000 JavaThread "Incoming local TCP Connector on port 65520" [_thread_in_native, id=872, stack(0x000000001b590000,0x000000001b690000)]
  0x000000001a2a6800 JavaThread "Daemon health stats" [_thread_blocked, id=12132, stack(0x000000001af50000,0x000000001b050000)]
  0x00000000181d8800 JavaThread "Service Thread" daemon [_thread_blocked, id=1676, stack(0x00000000185b0000,0x00000000186b0000)]
  0x000000001683a000 JavaThread "C1 CompilerThread2" daemon [_thread_in_native, id=2128, stack(0x00000000180b0000,0x00000000181b0000)]
  0x000000001682a000 JavaThread "C2 CompilerThread1" daemon [_thread_in_native, id=3892, stack(0x0000000017fb0000,0x00000000180b0000)]
=>0x0000000016822000 JavaThread "C2 CompilerThread0" daemon [_thread_in_native, id=6576, stack(0x0000000017eb0000,0x0000000017fb0000)]
  0x0000000016820800 JavaThread "Attach Listener" daemon [_thread_blocked, id=11684, stack(0x0000000017db0000,0x0000000017eb0000)]
  0x0000000016827000 JavaThread "Signal Dispatcher" daemon [_thread_blocked, id=6500, stack(0x0000000017cb0000,0x0000000017db0000)]
  0x0000000002eab000 JavaThread "Finalizer" daemon [_thread_blocked, id=8436, stack(0x0000000017aa0000,0x0000000017ba0000)]
  0x0000000016809000 JavaThread "Reference Handler" daemon [_thread_blocked, id=6364, stack(0x00000000179a0000,0x0000000017aa0000)]
  0x0000000002c8e800 JavaThread "main" [_thread_blocked, id=7608, stack(0x0000000002cb0000,0x0000000002db0000)]

Other Threads:
  0x00000000167e7000 VMThread [stack: 0x00000000178a0000,0x00000000179a0000] [id=4848]
  0x00000000181e1000 WatcherThread [stack: 0x00000000186b0000,0x00000000187b0000] [id=7512]

VM state:not at safepoint (normal execution)

VM Mutex/Monitor currently owned by a thread: None

heap address: 0x00000000a0000000, size: 1536 MB, Compressed Oops mode: 32-bit
Narrow klass base: 0x0000000000000000, Narrow klass shift: 3
Compressed class space size: 1073741824 Address: 0x0000000100000000

Heap:
 PSYoungGen      total 222208K, used 110781K [0x00000000e0000000, 0x00000000f3000000, 0x0000000100000000)
  eden space 196608K, 43% used [0x00000000e0000000,0x00000000e5334020,0x00000000ec000000)
  from space 25600K, 99% used [0x00000000ec000000,0x00000000ed8fb400,0x00000000ed900000)
  to   space 35328K, 0% used [0x00000000f0d80000,0x00000000f0d80000,0x00000000f3000000)
 ParOldGen       total 139264K, used 55704K [0x00000000a0000000, 0x00000000a8800000, 0x00000000e0000000)
  object space 139264K, 39% used [0x00000000a0000000,0x00000000a3666378,0x00000000a8800000)
 Metaspace       used 78773K, capacity 82090K, committed 82200K, reserved 1120256K
  class space    used 10641K, capacity 11466K, committed 11544K, reserved 1048576K

Card table byte_map: [0x0000000012270000,0x0000000012580000] byte_map_base: 0x0000000011d70000

Marking Bits: (ParMarkBitMap*) 0x000000006f249f30
 Begin Bits: [0x0000000012b80000, 0x0000000014380000)
 End Bits:   [0x0000000014380000, 0x0000000015b80000)

Polling page: 0x0000000001350000

CodeCache: size=245760Kb used=33358Kb max_used=33852Kb free=212401Kb
 bounds [0x0000000002eb0000, 0x0000000004fe0000, 0x0000000011eb0000]
 total_blobs=11265 nmethods=10394 adapters=782
 compilation: enabled

Compilation events (10 events):
Event: 23.787 Thread 0x000000001683a000 nmethod 11928 0x00000000047df590 code [0x00000000047df700, 0x00000000047dfa88]
Event: 23.787 Thread 0x000000001683a000 11929   !   2       com.android.tools.r8.graph.a0::d (20 bytes)
Event: 23.788 Thread 0x000000001683a000 nmethod 11929 0x000000000397e210 code [0x000000000397e380, 0x000000000397e708]
Event: 23.788 Thread 0x000000001683a000 11931       2       com.android.tools.r8.graph.u::hashCode (15 bytes)
Event: 23.788 Thread 0x000000001683a000 nmethod 11931 0x0000000003989650 code [0x00000000039897c0, 0x0000000003989998]
Event: 23.788 Thread 0x000000001683a000 11932       2       com.android.tools.r8.graph.DexValue$l::hashCode (8 bytes)
Event: 23.788 Thread 0x000000001683a000 nmethod 11932 0x000000000489cd90 code [0x000000000489cee0, 0x000000000489d030]
Event: 23.788 Thread 0x000000001683a000 11930       2       com.android.tools.r8.graph.DexValue$t::o (1 bytes)
Event: 23.789 Thread 0x000000001683a000 nmethod 11930 0x00000000048f8650 code [0x00000000048f87a0, 0x00000000048f88f0]
Event: 23.789 Thread 0x000000001683a000 11933 %     3       com.android.tools.r8.ir.regalloc.LinearScanRegisterAllocator::a @ 1397 (3993 bytes)

GC Heap History (10 events):
Event: 13.022 GC heap before
{Heap before GC invocations=14 (full 2):
 PSYoungGen      total 153088K, used 46148K [0x00000000e0000000, 0x00000000eca80000, 0x0000000100000000)
  eden space 138240K, 22% used [0x00000000e0000000,0x00000000e1e957d0,0x00000000e8700000)
  from space 14848K, 99% used [0x00000000e8700000,0x00000000e957bbe8,0x00000000e9580000)
  to   space 19456K, 0% used [0x00000000eb780000,0x00000000eb780000,0x00000000eca80000)
 ParOldGen       total 93184K, used 26285K [0x00000000a0000000, 0x00000000a5b00000, 0x00000000e0000000)
  object space 93184K, 28% used [0x00000000a0000000,0x00000000a19ab6d8,0x00000000a5b00000)
 Metaspace       used 57067K, capacity 59092K, committed 59160K, reserved 1099776K
  class space    used 7866K, capacity 8405K, committed 8472K, reserved 1048576K
Event: 13.042 GC heap after
Heap after GC invocations=14 (full 2):
 PSYoungGen      total 188416K, used 4658K [0x00000000e0000000, 0x00000000ed480000, 0x0000000100000000)
  eden space 168960K, 0% used [0x00000000e0000000,0x00000000e0000000,0x00000000ea500000)
  from space 19456K, 23% used [0x00000000eb780000,0x00000000ebc0ca28,0x00000000eca80000)
  to   space 18944K, 0% used [0x00000000ea500000,0x00000000ea500000,0x00000000eb780000)
 ParOldGen       total 93184K, used 33604K [0x00000000a0000000, 0x00000000a5b00000, 0x00000000e0000000)
  object space 93184K, 36% used [0x00000000a0000000,0x00000000a20d11a8,0x00000000a5b00000)
 Metaspace       used 57067K, capacity 59092K, committed 59160K, reserved 1099776K
  class space    used 7866K, capacity 8405K, committed 8472K, reserved 1048576K
}
Event: 13.042 GC heap before
{Heap before GC invocations=15 (full 3):
 PSYoungGen      total 188416K, used 4658K [0x00000000e0000000, 0x00000000ed480000, 0x0000000100000000)
  eden space 168960K, 0% used [0x00000000e0000000,0x00000000e0000000,0x00000000ea500000)
  from space 19456K, 23% used [0x00000000eb780000,0x00000000ebc0ca28,0x00000000eca80000)
  to   space 18944K, 0% used [0x00000000ea500000,0x00000000ea500000,0x00000000eb780000)
 ParOldGen       total 93184K, used 33604K [0x00000000a0000000, 0x00000000a5b00000, 0x00000000e0000000)
  object space 93184K, 36% used [0x00000000a0000000,0x00000000a20d11a8,0x00000000a5b00000)
 Metaspace       used 57067K, capacity 59092K, committed 59160K, reserved 1099776K
  class space    used 7866K, capacity 8405K, committed 8472K, reserved 1048576K
Event: 13.376 GC heap after
Heap after GC invocations=15 (full 3):
 PSYoungGen      total 188416K, used 0K [0x00000000e0000000, 0x00000000ed480000, 0x0000000100000000)
  eden space 168960K, 0% used [0x00000000e0000000,0x00000000e0000000,0x00000000ea500000)
  from space 19456K, 0% used [0x00000000eb780000,0x00000000eb780000,0x00000000eca80000)
  to   space 18944K, 0% used [0x00000000ea500000,0x00000000ea500000,0x00000000eb780000)
 ParOldGen       total 139264K, used 32622K [0x00000000a0000000, 0x00000000a8800000, 0x00000000e0000000)
  object space 139264K, 23% used [0x00000000a0000000,0x00000000a1fdb838,0x00000000a8800000)
 Metaspace       used 57051K, capacity 59042K, committed 59160K, reserved 1099776K
  class space    used 7861K, capacity 8396K, committed 8472K, reserved 1048576K
}
Event: 15.943 GC heap before
{Heap before GC invocations=16 (full 3):
 PSYoungGen      total 188416K, used 168960K [0x00000000e0000000, 0x00000000ed480000, 0x0000000100000000)
  eden space 168960K, 100% used [0x00000000e0000000,0x00000000ea500000,0x00000000ea500000)
  from space 19456K, 0% used [0x00000000eb780000,0x00000000eb780000,0x00000000eca80000)
  to   space 18944K, 0% used [0x00000000ea500000,0x00000000ea500000,0x00000000eb780000)
 ParOldGen       total 139264K, used 32622K [0x00000000a0000000, 0x00000000a8800000, 0x00000000e0000000)
  object space 139264K, 23% used [0x00000000a0000000,0x00000000a1fdb838,0x00000000a8800000)
 Metaspace       used 61323K, capacity 63474K, committed 63768K, reserved 1103872K
  class space    used 8394K, capacity 8920K, committed 8984K, reserved 1048576K
Event: 15.962 GC heap after
Heap after GC invocations=16 (full 3):
 PSYoungGen      total 187904K, used 14380K [0x00000000e0000000, 0x00000000eec80000, 0x0000000100000000)
  eden space 168960K, 0% used [0x00000000e0000000,0x00000000e0000000,0x00000000ea500000)
  from space 18944K, 75% used [0x00000000ea500000,0x00000000eb30b300,0x00000000eb780000)
  to   space 19968K, 0% used [0x00000000ed900000,0x00000000ed900000,0x00000000eec80000)
 ParOldGen       total 139264K, used 32630K [0x00000000a0000000, 0x00000000a8800000, 0x00000000e0000000)
  object space 139264K, 23% used [0x00000000a0000000,0x00000000a1fdd838,0x00000000a8800000)
 Metaspace       used 61323K, capacity 63474K, committed 63768K, reserved 1103872K
  class space    used 8394K, capacity 8920K, committed 8984K, reserved 1048576K
}
Event: 20.488 GC heap before
{Heap before GC invocations=17 (full 3):
 PSYoungGen      total 187904K, used 183340K [0x00000000e0000000, 0x00000000eec80000, 0x0000000100000000)
  eden space 168960K, 100% used [0x00000000e0000000,0x00000000ea500000,0x00000000ea500000)
  from space 18944K, 75% used [0x00000000ea500000,0x00000000eb30b300,0x00000000eb780000)
  to   space 19968K, 0% used [0x00000000ed900000,0x00000000ed900000,0x00000000eec80000)
 ParOldGen       total 139264K, used 32630K [0x00000000a0000000, 0x00000000a8800000, 0x00000000e0000000)
  object space 139264K, 23% used [0x00000000a0000000,0x00000000a1fdd838,0x00000000a8800000)
 Metaspace       used 69907K, capacity 72260K, committed 72472K, reserved 1112064K
  class space    used 9387K, capacity 9947K, committed 10008K, reserved 1048576K
Event: 20.531 GC heap after
Heap after GC invocations=17 (full 3):
 PSYoungGen      total 216576K, used 19949K [0x00000000e0000000, 0x00000000ef580000, 0x0000000100000000)
  eden space 196608K, 0% used [0x00000000e0000000,0x00000000e0000000,0x00000000ec000000)
  from space 19968K, 99% used [0x00000000ed900000,0x00000000eec7b548,0x00000000eec80000)
  to   space 25600K, 0% used [0x00000000ec000000,0x00000000ec000000,0x00000000ed900000)
 ParOldGen       total 139264K, used 39888K [0x00000000a0000000, 0x00000000a8800000, 0x00000000e0000000)
  object space 139264K, 28% used [0x00000000a0000000,0x00000000a26f40c0,0x00000000a8800000)
 Metaspace       used 69907K, capacity 72260K, committed 72472K, reserved 1112064K
  class space    used 9387K, capacity 9947K, committed 10008K, reserved 1048576K
}
Event: 21.831 GC heap before
{Heap before GC invocations=18 (full 3):
 PSYoungGen      total 216576K, used 216557K [0x00000000e0000000, 0x00000000ef580000, 0x0000000100000000)
  eden space 196608K, 100% used [0x00000000e0000000,0x00000000ec000000,0x00000000ec000000)
  from space 19968K, 99% used [0x00000000ed900000,0x00000000eec7b548,0x00000000eec80000)
  to   space 25600K, 0% used [0x00000000ec000000,0x00000000ec000000,0x00000000ed900000)
 ParOldGen       total 139264K, used 39888K [0x00000000a0000000, 0x00000000a8800000, 0x00000000e0000000)
  object space 139264K, 28% used [0x00000000a0000000,0x00000000a26f40c0,0x00000000a8800000)
 Metaspace       used 72938K, capacity 75596K, committed 75800K, reserved 1114112K
  class space    used 9808K, capacity 10427K, committed 10520K, reserved 1048576K
Event: 21.875 GC heap after
Heap after GC invocations=18 (full 3):
 PSYoungGen      total 222208K, used 25581K [0x00000000e0000000, 0x00000000f3000000, 0x0000000100000000)
  eden space 196608K, 0% used [0x00000000e0000000,0x00000000e0000000,0x00000000ec000000)
  from space 25600K, 99% used [0x00000000ec000000,0x00000000ed8fb400,0x00000000ed900000)
  to   space 35328K, 0% used [0x00000000f0d80000,0x00000000f0d80000,0x00000000f3000000)
 ParOldGen       total 139264K, used 55704K [0x00000000a0000000, 0x00000000a8800000, 0x00000000e0000000)
  object space 139264K, 39% used [0x00000000a0000000,0x00000000a3666378,0x00000000a8800000)
 Metaspace       used 72938K, capacity 75596K, committed 75800K, reserved 1114112K
  class space    used 9808K, capacity 10427K, committed 10520K, reserved 1048576K
}

Deoptimization events (10 events):
Event: 22.697 Thread 0x0000000019300800 Uncommon trap: reason=speculate_class_check action=maybe_recompile pc=0x0000000004d1300c method=java.util.HashMap.putVal(ILjava/lang/Object;Ljava/lang/Object;ZZ)Ljava/lang/Object; @ 295
Event: 22.697 Thread 0x0000000019300800 Uncommon trap: reason=speculate_class_check action=maybe_recompile pc=0x0000000004d1300c method=java.util.HashMap.putVal(ILjava/lang/Object;Ljava/lang/Object;ZZ)Ljava/lang/Object; @ 295
Event: 23.077 Thread 0x0000000019300800 Uncommon trap: reason=unstable_if action=reinterpret pc=0x0000000004cf21bc method=com.android.tools.r8.s.a.a.b.t0.b(I[Ljava/lang/Object;)Lcom/android/tools/r8/s/a/a/b/t0; @ 179
Event: 23.651 Thread 0x0000000019300800 Uncommon trap: reason=unstable_if action=reinterpret pc=0x00000000039319c4 method=java.util.HashMap.getNode(ILjava/lang/Object;)Ljava/util/HashMap$Node; @ 84
Event: 23.651 Thread 0x0000000019300800 Uncommon trap: reason=unstable_if action=reinterpret pc=0x00000000030582fc method=java.util.HashMap.putVal(ILjava/lang/Object;Ljava/lang/Object;ZZ)Ljava/lang/Object; @ 109
Event: 23.651 Thread 0x0000000019300800 Uncommon trap: reason=unstable_if action=reinterpret pc=0x00000000037845a4 method=java.util.HashMap.getNode(ILjava/lang/Object;)Ljava/util/HashMap$Node; @ 84
Event: 23.694 Thread 0x0000000019300800 Uncommon trap: reason=unloaded action=reinterpret pc=0x0000000004b94224 method=com.android.tools.r8.graph.y0.a(I)V @ 1031
Event: 23.704 Thread 0x0000000019300800 Uncommon trap: reason=unstable_if action=reinterpret pc=0x0000000004c99234 method=com.android.tools.r8.u.c.o.e(I)Lcom/android/tools/r8/graph/r; @ 4
Event: 23.704 Thread 0x0000000019300800 Uncommon trap: reason=unstable_if action=reinterpret pc=0x0000000004f70330 method=com.android.tools.r8.u.c.o.c(Lcom/android/tools/r8/u/c/M;)Lcom/android/tools/r8/u/b/r; @ 4
Event: 23.707 Thread 0x0000000019300800 Uncommon trap: reason=unstable_if action=reinterpret pc=0x0000000004ebb090 method=com.android.tools.r8.u.c.o.a(Lcom/android/tools/r8/u/c/M;IZ)V @ 151

Classes redefined (0 events):
No events

Internal exceptions (10 events):
Event: 20.936 Thread 0x00000000192fd800 Exception <a 'java/lang/NoSuchMethodError': java.lang.Object.lambda$static$0(Ljava/lang/String;)Z> (0x00000000e1ef1b20) thrown at [D:\src\AOSP-openjdk-cygwin\jdk8u\hotspot\src\share\vm\interpreter\linkResolver.cpp, line 620]
Event: 21.534 Thread 0x000000001a341800 Exception <a 'java/lang/NoSuchMethodError': <clinit>> (0x00000000eaabfef8) thrown at [D:\src\AOSP-openjdk-cygwin\jdk8u\hotspot\src\share\vm\prims\jni.cpp, line 1614]
Event: 21.536 Thread 0x000000001a341800 Exception <a 'java/lang/NoSuchMethodError': <clinit>> (0x00000000eaad8380) thrown at [D:\src\AOSP-openjdk-cygwin\jdk8u\hotspot\src\share\vm\prims\jni.cpp, line 1614]
Event: 21.619 Thread 0x0000000019300800 Exception <a 'sun/nio/fs/WindowsException'> (0x00000000eb0b24e8) thrown at [D:\src\AOSP-openjdk-cygwin\jdk8u\hotspot\src\share\vm\prims\jni.cpp, line 710]
Event: 21.707 Thread 0x00000000192f4000 Exception <a 'java/lang/NoSuchMethodError': java.lang.Object.lambda$identity$2(Ljava/lang/Object;)Ljava/lang/Object;> (0x00000000eb940648) thrown at [D:\src\AOSP-openjdk-cygwin\jdk8u\hotspot\src\share\vm\interpreter\linkResolver.cpp, line 620]
Event: 21.707 Thread 0x0000000019300800 Exception <a 'java/lang/NoSuchMethodError': java.lang.Object.lambda$identity$2(Ljava/lang/Object;)Ljava/lang/Object;> (0x00000000eba7adf0) thrown at [D:\src\AOSP-openjdk-cygwin\jdk8u\hotspot\src\share\vm\interpreter\linkResolver.cpp, line 620]
Event: 21.707 Thread 0x00000000192fe800 Exception <a 'java/lang/NoSuchMethodError': java.lang.Object.lambda$identity$2(Ljava/lang/Object;)Ljava/lang/Object;> (0x00000000ebab7578) thrown at [D:\src\AOSP-openjdk-cygwin\jdk8u\hotspot\src\share\vm\interpreter\linkResolver.cpp, line 620]
Event: 22.303 Thread 0x0000000019300800 Exception <a 'java/lang/NoSuchMethodError': java.lang.Object.lambda$maxBy$1(Ljava/util/Comparator;Ljava/lang/Object;Ljava/lang/Object;)Ljava/lang/Object;> (0x00000000e1c8cf48) thrown at [D:\src\AOSP-openjdk-cygwin\jdk8u\hotspot\src\share\vm\interpreter\li
Event: 22.303 Thread 0x00000000192fe800 Exception <a 'java/lang/NoSuchMethodError': java.lang.Object.lambda$maxBy$1(Ljava/util/Comparator;Ljava/lang/Object;Ljava/lang/Object;)Ljava/lang/Object;> (0x00000000e1c44ed0) thrown at [D:\src\AOSP-openjdk-cygwin\jdk8u\hotspot\src\share\vm\interpreter\li
Event: 22.303 Thread 0x00000000192f4000 Exception <a 'java/lang/NoSuchMethodError': java.lang.Object.lambda$maxBy$1(Ljava/util/Comparator;Ljava/lang/Object;Ljava/lang/Object;)Ljava/lang/Object;> (0x00000000e1b93910) thrown at [D:\src\AOSP-openjdk-cygwin\jdk8u\hotspot\src\share\vm\interpreter\li

Events (10 events):
Event: 23.793 loading class com/android/tools/r8/graph/E0$a
Event: 23.793 loading class com/android/tools/r8/graph/E0$a done
Event: 23.793 loading class java/util/IdentityHashMap$KeySpliterator
Event: 23.793 loading class java/util/IdentityHashMap$KeySpliterator done
Event: 23.794 loading class com/android/tools/r8/graph/E0$a
Event: 23.794 loading class com/android/tools/r8/graph/E0$a done
Event: 23.794 loading class com/android/tools/r8/graph/a0
Event: 23.794 loading class com/android/tools/r8/graph/a0 done
Event: 23.794 loading class com/android/tools/r8/graph/E0$a
Event: 23.794 loading class com/android/tools/r8/graph/E0$a done


Dynamic libraries:
0x00007ff752790000 - 0x00007ff7527c1000 	C:\Program Files\Android\Android Studio\jre\bin\java.exe
0x00007ff9a30e0000 - 0x00007ff9a32d0000 	C:\Windows\SYSTEM32\ntdll.dll
0x00007ff9a2770000 - 0x00007ff9a2822000 	C:\Windows\System32\KERNEL32.DLL
0x00007ff9a0350000 - 0x00007ff9a05f3000 	C:\Windows\System32\KERNELBASE.dll
0x00007ff9a2db0000 - 0x00007ff9a2e53000 	C:\Windows\System32\ADVAPI32.dll
0x00007ff9a2b80000 - 0x00007ff9a2c1e000 	C:\Windows\System32\msvcrt.dll
0x00007ff9a2d10000 - 0x00007ff9a2da7000 	C:\Windows\System32\sechost.dll
0x00007ff9a1190000 - 0x00007ff9a12b0000 	C:\Windows\System32\RPCRT4.dll
0x00007ff9a2830000 - 0x00007ff9a29c4000 	C:\Windows\System32\USER32.dll
0x00007ff9a07c0000 - 0x00007ff9a07e1000 	C:\Windows\System32\win32u.dll
0x00007ff9a2670000 - 0x00007ff9a2696000 	C:\Windows\System32\GDI32.dll
0x00007ff9a0620000 - 0x00007ff9a07b4000 	C:\Windows\System32\gdi32full.dll
0x00007ff9a07f0000 - 0x00007ff9a088e000 	C:\Windows\System32\msvcp_win.dll
0x00007ff9a01f0000 - 0x00007ff9a02ea000 	C:\Windows\System32\ucrtbase.dll
0x00007ff9976f0000 - 0x00007ff997975000 	C:\Windows\WinSxS\amd64_microsoft.windows.common-controls_6595b64144ccf1df_6.0.18362.720_none_e6beb5c51314836b\COMCTL32.dll
0x00007ff9a2090000 - 0x00007ff9a23c6000 	C:\Windows\System32\combase.dll
0x00007ff9a08e0000 - 0x00007ff9a0960000 	C:\Windows\System32\bcryptPrimitives.dll
0x00007ff9a2fa0000 - 0x00007ff9a2fce000 	C:\Windows\System32\IMM32.DLL
0x00007ff99fe20000 - 0x00007ff99fe86000 	C:\Windows\system32\nvinitx.dll
0x000000006e4c0000 - 0x000000006e592000 	C:\Program Files\Android\Android Studio\jre\jre\bin\msvcr100.dll
0x000000006ea80000 - 0x000000006f2c6000 	C:\Program Files\Android\Android Studio\jre\jre\bin\server\jvm.dll
0x00007ff9a12b0000 - 0x00007ff9a12b8000 	C:\Windows\System32\PSAPI.DLL
0x00007ff99c9e0000 - 0x00007ff99c9e9000 	C:\Windows\SYSTEM32\WSOCK32.dll
0x00007ff99cbb0000 - 0x00007ff99cbd4000 	C:\Windows\SYSTEM32\WINMM.dll
0x00007ff9a2ca0000 - 0x00007ff9a2d0f000 	C:\Windows\System32\WS2_32.dll
0x00007ff999210000 - 0x00007ff99921a000 	C:\Windows\SYSTEM32\VERSION.dll
0x00007ff99cb80000 - 0x00007ff99cbad000 	C:\Windows\SYSTEM32\winmmbase.dll
0x00007ff9a0890000 - 0x00007ff9a08da000 	C:\Windows\System32\cfgmgr32.dll
0x00007ff99c9d0000 - 0x00007ff99c9df000 	C:\Program Files\Android\Android Studio\jre\jre\bin\verify.dll
0x00007ff99c9a0000 - 0x00007ff99c9c9000 	C:\Program Files\Android\Android Studio\jre\jre\bin\java.dll
0x00007ff99c980000 - 0x00007ff99c996000 	C:\Program Files\Android\Android Studio\jre\jre\bin\zip.dll
0x00007ff9a12c0000 - 0x00007ff9a19a5000 	C:\Windows\System32\SHELL32.dll
0x00007ff9a19b0000 - 0x00007ff9a1a59000 	C:\Windows\System32\shcore.dll
0x00007ff9a0a10000 - 0x00007ff9a1190000 	C:\Windows\System32\windows.storage.dll
0x00007ff9a0020000 - 0x00007ff9a0043000 	C:\Windows\System32\profapi.dll
0x00007ff99ffd0000 - 0x00007ff9a001a000 	C:\Windows\System32\powrprof.dll
0x00007ff99ffa0000 - 0x00007ff99ffb0000 	C:\Windows\System32\UMPDC.dll
0x00007ff9a2e60000 - 0x00007ff9a2eb2000 	C:\Windows\System32\shlwapi.dll
0x00007ff9a0050000 - 0x00007ff9a0061000 	C:\Windows\System32\kernel.appcore.dll
0x00007ff9a0600000 - 0x00007ff9a0617000 	C:\Windows\System32\cryptsp.dll
0x00007ff99c960000 - 0x00007ff99c97a000 	C:\Program Files\Android\Android Studio\jre\jre\bin\net.dll
0x00007ff994e80000 - 0x00007ff995055000 	C:\Windows\SYSTEM32\urlmon.dll
0x00007ff994840000 - 0x00007ff994ae6000 	C:\Windows\SYSTEM32\iertutil.dll
0x00007ff99f870000 - 0x00007ff99f87c000 	C:\Windows\SYSTEM32\CRYPTBASE.DLL
0x00007ff99f6f0000 - 0x00007ff99f757000 	C:\Windows\system32\mswsock.dll
0x00007ff98fa90000 - 0x00007ff98faa3000 	C:\Program Files\Android\Android Studio\jre\jre\bin\nio.dll
0x00007ff9803f0000 - 0x00007ff980416000 	C:\Users\Rykov_D\.gradle\native\30\windows-amd64\native-platform.dll
0x00007ff99c950000 - 0x00007ff99c95d000 	C:\Program Files\Android\Android Studio\jre\jre\bin\management.dll
0x00007ff99f270000 - 0x00007ff99f2a3000 	C:\Windows\system32\rsaenh.dll
0x00007ff9a0070000 - 0x00007ff9a0096000 	C:\Windows\System32\bcrypt.dll
0x00007ff99fe90000 - 0x00007ff99feb5000 	C:\Windows\SYSTEM32\USERENV.dll
0x00007ff99f410000 - 0x00007ff99f44a000 	C:\Windows\SYSTEM32\IPHLPAPI.DLL
0x00007ff9a1b40000 - 0x00007ff9a1b48000 	C:\Windows\System32\NSI.dll
0x00007ff999160000 - 0x00007ff999176000 	C:\Windows\SYSTEM32\dhcpcsvc6.DLL
0x00007ff999140000 - 0x00007ff99915c000 	C:\Windows\SYSTEM32\dhcpcsvc.DLL
0x00007ff99f450000 - 0x00007ff99f51a000 	C:\Windows\SYSTEM32\DNSAPI.dll

VM Arguments:
jvm_args: -Xmx1536m -Dfile.encoding=windows-1251 -Duser.country=RU -Duser.language=ru -Duser.variant 
java_command: org.gradle.launcher.daemon.bootstrap.GradleDaemon 5.6.4
java_class_path (initial): C:\Users\Rykov_D\.gradle\wrapper\dists\gradle-5.6.4-all\ankdp27end7byghfw1q2sw75f\gradle-5.6.4\lib\gradle-launcher-5.6.4.jar
Launcher Type: SUN_STANDARD

Environment Variables:
PATH=C:\Program Files (x86)\NVIDIA Corporation\PhysX\Common;C:\Program Files (x86)\Intel\iCLS Client\;C:\Program Files\Intel\iCLS Client\;C:\Windows\system32;C:\Windows;C:\Windows\System32\Wbem;C:\Windows\System32\WindowsPowerShell\v1.0\;C:\Windows\System32\OpenSSH\;C:\Program Files\Intel\Intel(R) Management Engine Components\DAL;C:\Program Files\Intel\Intel(R) Management Engine Components\IPT;C:\Program Files (x86)\Intel\Intel(R) Management Engine Components\DAL;C:\Program Files (x86)\Intel\Intel(R) Management Engine Components\IPT;C:\Program Files\Git\cmd;C:\Users\Rykov_D\AppData\Local\Microsoft\WindowsApps;;C:\Program Files\JetBrains\IntelliJ IDEA 2019.3.3\bin;;C:\Program Files\JetBrains\PhpStorm 2019.3.4\bin;;.;
USERNAME=Rykov_D
OS=Windows_NT
PROCESSOR_IDENTIFIER=Intel64 Family 6 Model 58 Stepping 9, GenuineIntel



---------------  S Y S T E M  ---------------

OS: Windows 10.0 , 64 bit Build 18362 (10.0.18362.329)

CPU:total 4 (initial active 4) (2 cores per cpu, 2 threads per core) family 6 model 58 stepping 9, cmov, cx8, fxsr, mmx, sse, sse2, sse3, ssse3, sse4.1, sse4.2, popcnt, avx, clmul, erms, ht, tsc, tscinvbit, tscinv

Memory: 4k page, physical 8275224k(2251856k free), swap 9094424k(5128k free)

vm_info: OpenJDK 64-Bit Server VM (25.212-b04) for windows-amd64 JRE (1.8.0_212-release-1586-b04), built by "builder" with MS VC++ 10.0 (VS2010)

time: Fri Apr 03 01:39:22 2020
timezone: Центральная Азия (зима)
elapsed time: 23 seconds (0d 0h 0m 23s)

