#
# There is insufficient memory for the Java Runtime Environment to continue.
# Native memory allocation (malloc) failed to allocate 1222416 bytes for Chunk::new
# Possible reasons:
#   The system is out of physical RAM or swap space
#   The process is running with CompressedOops enabled, and the Java Heap may be blocking the growth of the native heap
# Possible solutions:
#   Reduce memory load on the system
#   Increase physical memory or swap space
#   Check if swap backing store is full
#   Decrease Java heap size (-Xmx/-Xms)
#   Decrease number of Java threads
#   Decrease Java thread stack sizes (-Xss)
#   Set larger code cache with -XX:ReservedCodeCacheSize=
#   JVM is running with Unscaled Compressed Oops mode in which the Java heap is
#     placed in the first 4GB address space. The Java Heap base address is the
#     maximum limit for the native heap growth. Please use -XX:HeapBaseMinAddress
#     to set the Java Heap base and to place the Java Heap above 4GB virtual address.
# This output file may be truncated or incomplete.
#
#  Out of Memory Error (allocation.cpp:389), pid=9464, tid=0x000000000000258c
#
# JRE version: OpenJDK Runtime Environment (8.0_212-b04) (build 1.8.0_212-release-1586-b04)
# Java VM: OpenJDK 64-Bit Server VM (25.212-b04 mixed mode windows-amd64 compressed oops)
# Failed to write core dump. Minidumps are not enabled by default on client versions of Windows
#

---------------  T H R E A D  ---------------

Current thread (0x000000001684b000):  JavaThread "C2 CompilerThread1" daemon [_thread_in_native, id=9612, stack(0x0000000017fa0000,0x00000000180a0000)]

Stack: [0x0000000017fa0000,0x00000000180a0000]
[error occurred during error reporting (printing stack bounds), id 0xc0000005]

Native frames: (J=compiled Java code, j=interpreted, Vv=VM code, C=native code)


Current CompileTask:
C2: 169379 13066 %     4       com.android.tools.r8.code.o1::a @ 20 (4075 bytes)


---------------  P R O C E S S  ---------------

Java Threads: ( => current thread )
  0x0000000018f84000 JavaThread "ForkJoinPool-4-worker-0" daemon [_thread_blocked, id=8436, stack(0x0000000026160000,0x0000000026260000)]
  0x0000000019654000 JavaThread "ForkJoinPool-4-worker-3" daemon [_thread_blocked, id=11280, stack(0x0000000025c60000,0x0000000025d60000)]
  0x0000000019653000 JavaThread "ForkJoinPool-4-worker-2" daemon [_thread_blocked, id=4660, stack(0x0000000024ef0000,0x0000000024ff0000)]
  0x0000000019651800 JavaThread "ForkJoinPool-4-worker-1" daemon [_thread_blocked, id=7312, stack(0x0000000024a10000,0x0000000024b10000)]
  0x0000000019651000 JavaThread "WorkerExecutor Queue Thread 4" [_thread_blocked, id=1580, stack(0x0000000024910000,0x0000000024a10000)]
  0x0000000019647000 JavaThread "WorkerExecutor Queue Thread 3" [_thread_blocked, id=3240, stack(0x0000000024df0000,0x0000000024ef0000)]
  0x000000001964e000 JavaThread "WorkerExecutor Queue Thread 2" [_thread_blocked, id=3740, stack(0x0000000024cf0000,0x0000000024df0000)]
  0x0000000019648800 JavaThread "WorkerExecutor Queue" [_thread_in_Java, id=5668, stack(0x0000000024bf0000,0x0000000024cf0000)]
  0x0000000019646800 JavaThread "ForkJoinPool.commonPool-worker-1" daemon [_thread_blocked, id=11684, stack(0x0000000024810000,0x0000000024910000)]
  0x000000001964a000 JavaThread "Cache worker for Java compile cache (D:\Android\flos\.gradle\5.6.4\javaCompile)" [_thread_blocked, id=10112, stack(0x0000000024710000,0x0000000024810000)]
  0x0000000019645000 JavaThread "Cache worker for execution history cache (D:\Android\flos\.gradle\5.6.4\executionHistory)" [_thread_blocked, id=6336, stack(0x0000000024010000,0x0000000024110000)]
  0x0000000019645800 JavaThread "Execution worker for ':' Thread 3" [_thread_blocked, id=2332, stack(0x0000000023e10000,0x0000000023f10000)]
  0x000000001964b000 JavaThread "Execution worker for ':' Thread 2" [_thread_blocked, id=9628, stack(0x0000000023b10000,0x0000000023c10000)]
  0x000000001e5b2000 JavaThread "Execution worker for ':'" [_thread_blocked, id=9764, stack(0x0000000022410000,0x0000000022510000)]
  0x000000001e5b0000 JavaThread "Cache worker for file content cache (D:\Android\flos\.gradle\5.6.4\fileContent)" [_thread_blocked, id=10708, stack(0x0000000021710000,0x0000000021810000)]
  0x000000001e5b3000 JavaThread "Cache worker for Build Output Cleanup Cache (D:\Android\flos\.gradle\buildOutputCleanup)" [_thread_blocked, id=1996, stack(0x0000000020d80000,0x0000000020e80000)]
  0x000000001e5b3800 JavaThread "Build operations Thread 4" [_thread_blocked, id=996, stack(0x0000000020c80000,0x0000000020d80000)]
  0x000000001e5b1800 JavaThread "Build operations Thread 3" [_thread_blocked, id=892, stack(0x0000000020b80000,0x0000000020c80000)]
  0x000000001e5b0800 JavaThread "Build operations Thread 2" [_thread_blocked, id=5860, stack(0x0000000020a80000,0x0000000020b80000)]
  0x000000001e5b4800 JavaThread "Build operations" [_thread_blocked, id=7576, stack(0x0000000020980000,0x0000000020a80000)]
  0x000000001e5af000 JavaThread "Cache worker for cache directory md-rule (C:\Users\Rykov_D\.gradle\caches\5.6.4\md-rule)" [_thread_blocked, id=6412, stack(0x000000001ecf0000,0x000000001edf0000)]
  0x000000001e5a7800 JavaThread "Cache worker for cache directory md-supplier (C:\Users\Rykov_D\.gradle\caches\5.6.4\md-supplier)" [_thread_blocked, id=10108, stack(0x000000001c7d0000,0x000000001c8d0000)]
  0x000000001e5ae800 JavaThread "Cache worker for file hash cache (D:\Android\flos\.gradle\5.6.4\fileHashes)" [_thread_blocked, id=1360, stack(0x000000001c0d0000,0x000000001c1d0000)]
  0x000000001e5a7000 JavaThread "Thread-40" [_thread_blocked, id=8548, stack(0x000000001bdd0000,0x000000001bed0000)]
  0x000000001e5ad800 JavaThread "Stdin handler" [_thread_blocked, id=4444, stack(0x000000001bcd0000,0x000000001bdd0000)]
  0x000000001e5a6000 JavaThread "Asynchronous log dispatcher for DefaultDaemonConnection: socket connection from /127.0.0.1:65178 to /127.0.0.1:65269" [_thread_blocked, id=6944, stack(0x000000001b9d0000,0x000000001bad0000)]
  0x000000001e5ad000 JavaThread "Daemon worker Thread 2" [_thread_blocked, id=5584, stack(0x000000001b8d0000,0x000000001b9d0000)]
  0x000000001e5a5800 JavaThread "Cancel handler" [_thread_blocked, id=2912, stack(0x0000000001210000,0x0000000001310000)]
  0x000000001e5ac000 JavaThread "Handler for socket connection from /127.0.0.1:65178 to /127.0.0.1:65269" [_thread_in_native, id=9364, stack(0x0000000001110000,0x0000000001210000)]
  0x000000001e5a9000 JavaThread "Daemon Thread 2" [_thread_blocked, id=3312, stack(0x0000000001010000,0x0000000001110000)]
  0x0000000019652800 JavaThread "Cache worker for Java compile cache (C:\Users\Rykov_D\.gradle\caches\5.6.4\javaCompile)" [_thread_blocked, id=10804, stack(0x0000000023f10000,0x0000000024010000)]
  0x000000001964c800 JavaThread "Cache worker for file content cache (C:\Users\Rykov_D\.gradle\caches\5.6.4\fileContent)" [_thread_blocked, id=8368, stack(0x0000000022310000,0x0000000022410000)]
  0x0000000019648000 JavaThread "Memory manager" [_thread_blocked, id=8392, stack(0x0000000022210000,0x0000000022310000)]
  0x000000001964b800 JavaThread "Cache worker for execution history cache (C:\Users\Rykov_D\.gradle\caches\5.6.4\executionHistory)" [_thread_blocked, id=6408, stack(0x0000000020880000,0x0000000020980000)]
  0x0000000018f85800 JavaThread "Cache worker for journal cache (C:\Users\Rykov_D\.gradle\caches\journal-1)" [_thread_blocked, id=3320, stack(0x000000001c5d0000,0x000000001c6d0000)]
  0x0000000018f86800 JavaThread "File lock request listener" [_thread_in_native, id=12184, stack(0x000000001c4d0000,0x000000001c5d0000)]
  0x0000000018f82800 JavaThread "Cache worker for file hash cache (C:\Users\Rykov_D\.gradle\caches\5.6.4\fileHashes)" [_thread_blocked, id=11512, stack(0x000000001c1d0000,0x000000001c2d0000)]
  0x000000001a0df000 JavaThread "Daemon periodic checks" [_thread_blocked, id=9748, stack(0x000000001b7d0000,0x000000001b8d0000)]
  0x000000001824d800 JavaThread "Incoming local TCP Connector on port 65178" [_thread_in_native, id=5852, stack(0x000000001b580000,0x000000001b680000)]
  0x0000000019ba2800 JavaThread "Daemon health stats" [_thread_blocked, id=8712, stack(0x000000001af40000,0x000000001b040000)]
  0x00000000181d8800 JavaThread "Service Thread" daemon [_thread_blocked, id=2284, stack(0x00000000185a0000,0x00000000186a0000)]
  0x0000000016859000 JavaThread "C1 CompilerThread2" daemon [_thread_in_native, id=6208, stack(0x00000000180a0000,0x00000000181a0000)]
=>0x000000001684b000 JavaThread "C2 CompilerThread1" daemon [_thread_in_native, id=9612, stack(0x0000000017fa0000,0x00000000180a0000)]
  0x0000000016843800 JavaThread "C2 CompilerThread0" daemon [_thread_in_native, id=10176, stack(0x0000000017ea0000,0x0000000017fa0000)]
  0x0000000016842000 JavaThread "Attach Listener" daemon [_thread_blocked, id=5164, stack(0x0000000017da0000,0x0000000017ea0000)]
  0x0000000016848800 JavaThread "Signal Dispatcher" daemon [_thread_blocked, id=9528, stack(0x0000000017ca0000,0x0000000017da0000)]
  0x0000000002ecc800 JavaThread "Finalizer" daemon [_thread_blocked, id=2128, stack(0x0000000017a90000,0x0000000017b90000)]
  0x0000000016829000 JavaThread "Reference Handler" daemon [_thread_blocked, id=6164, stack(0x0000000017990000,0x0000000017a90000)]
  0x00000000013ce800 JavaThread "main" [_thread_blocked, id=8312, stack(0x0000000002bf0000,0x0000000002cf0000)]

Other Threads:
  0x0000000016807000 VMThread [stack: 0x0000000017890000,0x0000000017990000] [id=4812]
  0x000000001689d800 WatcherThread [stack: 0x00000000186a0000,0x00000000187a0000] [id=11728]

VM state:not at safepoint (normal execution)

VM Mutex/Monitor currently owned by a thread: None

heap address: 0x00000000a0000000, size: 1536 MB, Compressed Oops mode: 32-bit
Narrow klass base: 0x0000000000000000, Narrow klass shift: 3
Compressed class space size: 1073741824 Address: 0x0000000100000000

Heap:
 PSYoungGen      total 291328K, used 136112K [0x00000000e0000000, 0x00000000f7680000, 0x0000000100000000)
  eden space 245248K, 39% used [0x00000000e0000000,0x00000000e5fc4fe8,0x00000000eef80000)
  from space 46080K, 82% used [0x00000000eef80000,0x00000000f14a72f8,0x00000000f1c80000)
  to   space 50688K, 0% used [0x00000000f4500000,0x00000000f4500000,0x00000000f7680000)
 ParOldGen       total 137728K, used 100664K [0x00000000a0000000, 0x00000000a8680000, 0x00000000e0000000)
  object space 137728K, 73% used [0x00000000a0000000,0x00000000a624e030,0x00000000a8680000)
 Metaspace       used 83785K, capacity 87483K, committed 87704K, reserved 1124352K
  class space    used 11276K, capacity 12077K, committed 12184K, reserved 1048576K

Card table byte_map: [0x0000000012290000,0x00000000125a0000] byte_map_base: 0x0000000011d90000

Marking Bits: (ParMarkBitMap*) 0x000000006f249f30
 Begin Bits: [0x0000000012ba0000, 0x00000000143a0000)
 End Bits:   [0x00000000143a0000, 0x0000000015ba0000)

Polling page: 0x0000000000ef0000

CodeCache: size=245760Kb used=33602Kb max_used=33602Kb free=212157Kb
 bounds [0x0000000002ed0000, 0x0000000004fd0000, 0x0000000011ed0000]
 total_blobs=11967 nmethods=11097 adapters=782
 compilation: enabled

Compilation events (10 events):
Event: 169.307 Thread 0x0000000016859000 13128       1       com.android.tools.r8.code.B::a (1 bytes)
Event: 169.307 Thread 0x0000000016859000 nmethod 13128 0x0000000004fc7210 code [0x0000000004fc7360, 0x0000000004fc7470]
Event: 169.308 Thread 0x0000000016859000 13130       2       com.android.tools.r8.code.h2::a (1 bytes)
Event: 169.308 Thread 0x0000000016859000 nmethod 13130 0x0000000004fc74d0 code [0x0000000004fc7620, 0x0000000004fc7770]
Event: 169.325 Thread 0x0000000016859000 13131       1       com.android.tools.r8.code.e::a (1 bytes)
Event: 169.325 Thread 0x0000000016859000 nmethod 13131 0x0000000004fc7810 code [0x0000000004fc7960, 0x0000000004fc7a70]
Event: 169.340 Thread 0x0000000016859000 13132       2       com.android.tools.r8.code.y0::a (1 bytes)
Event: 169.340 Thread 0x0000000016859000 nmethod 13132 0x0000000004fc7ad0 code [0x0000000004fc7c20, 0x0000000004fc7d70]
Event: 169.374 Thread 0x0000000016859000 13133       1       com.android.tools.r8.code.s1::a (1 bytes)
Event: 169.374 Thread 0x0000000016859000 nmethod 13133 0x0000000004fc7e10 code [0x0000000004fc7f60, 0x0000000004fc8070]

GC Heap History (10 events):
Event: 17.008 GC heap before
{Heap before GC invocations=16 (full 3):
 PSYoungGen      total 186368K, used 167424K [0x00000000e0000000, 0x00000000ed280000, 0x0000000100000000)
  eden space 167424K, 100% used [0x00000000e0000000,0x00000000ea380000,0x00000000ea380000)
  from space 18944K, 0% used [0x00000000eb600000,0x00000000eb600000,0x00000000ec880000)
  to   space 18944K, 0% used [0x00000000ea380000,0x00000000ea380000,0x00000000eb600000)
 ParOldGen       total 137728K, used 32602K [0x00000000a0000000, 0x00000000a8680000, 0x00000000e0000000)
  object space 137728K, 23% used [0x00000000a0000000,0x00000000a1fd6aa0,0x00000000a8680000)
 Metaspace       used 63416K, capacity 65721K, committed 65944K, reserved 1105920K
  class space    used 8703K, capacity 9250K, committed 9368K, reserved 1048576K
Event: 17.040 GC heap after
Heap after GC invocations=16 (full 3):
 PSYoungGen      total 186368K, used 17249K [0x00000000e0000000, 0x00000000eee00000, 0x0000000100000000)
  eden space 167424K, 0% used [0x00000000e0000000,0x00000000e0000000,0x00000000ea380000)
  from space 18944K, 91% used [0x00000000ea380000,0x00000000eb458670,0x00000000eb600000)
  to   space 20992K, 0% used [0x00000000ed980000,0x00000000ed980000,0x00000000eee00000)
 ParOldGen       total 137728K, used 32610K [0x00000000a0000000, 0x00000000a8680000, 0x00000000e0000000)
  object space 137728K, 23% used [0x00000000a0000000,0x00000000a1fd8aa0,0x00000000a8680000)
 Metaspace       used 63416K, capacity 65721K, committed 65944K, reserved 1105920K
  class space    used 8703K, capacity 9250K, committed 9368K, reserved 1048576K
}
Event: 18.424 GC heap before
{Heap before GC invocations=17 (full 3):
 PSYoungGen      total 186368K, used 184673K [0x00000000e0000000, 0x00000000eee00000, 0x0000000100000000)
  eden space 167424K, 100% used [0x00000000e0000000,0x00000000ea380000,0x00000000ea380000)
  from space 18944K, 91% used [0x00000000ea380000,0x00000000eb458670,0x00000000eb600000)
  to   space 20992K, 0% used [0x00000000ed980000,0x00000000ed980000,0x00000000eee00000)
 ParOldGen       total 137728K, used 32610K [0x00000000a0000000, 0x00000000a8680000, 0x00000000e0000000)
  object space 137728K, 23% used [0x00000000a0000000,0x00000000a1fd8aa0,0x00000000a8680000)
 Metaspace       used 65272K, capacity 67697K, committed 67992K, reserved 1107968K
  class space    used 8907K, capacity 9504K, committed 9624K, reserved 1048576K
Event: 18.487 GC heap after
Heap after GC invocations=17 (full 3):
 PSYoungGen      total 214528K, used 20979K [0x00000000e0000000, 0x00000000f0600000, 0x0000000100000000)
  eden space 193536K, 0% used [0x00000000e0000000,0x00000000e0000000,0x00000000ebd00000)
  from space 20992K, 99% used [0x00000000ed980000,0x00000000eedfcef0,0x00000000eee00000)
  to   space 29184K, 0% used [0x00000000ebd00000,0x00000000ebd00000,0x00000000ed980000)
 ParOldGen       total 137728K, used 45744K [0x00000000a0000000, 0x00000000a8680000, 0x00000000e0000000)
  object space 137728K, 33% used [0x00000000a0000000,0x00000000a2cac010,0x00000000a8680000)
 Metaspace       used 65272K, capacity 67697K, committed 67992K, reserved 1107968K
  class space    used 8907K, capacity 9504K, committed 9624K, reserved 1048576K
}
Event: 21.424 GC heap before
{Heap before GC invocations=18 (full 3):
 PSYoungGen      total 214528K, used 214515K [0x00000000e0000000, 0x00000000f0600000, 0x0000000100000000)
  eden space 193536K, 100% used [0x00000000e0000000,0x00000000ebd00000,0x00000000ebd00000)
  from space 20992K, 99% used [0x00000000ed980000,0x00000000eedfcef0,0x00000000eee00000)
  to   space 29184K, 0% used [0x00000000ebd00000,0x00000000ebd00000,0x00000000ed980000)
 ParOldGen       total 137728K, used 45744K [0x00000000a0000000, 0x00000000a8680000, 0x00000000e0000000)
  object space 137728K, 33% used [0x00000000a0000000,0x00000000a2cac010,0x00000000a8680000)
 Metaspace       used 73809K, capacity 77031K, committed 77336K, reserved 1116160K
  class space    used 10219K, capacity 10965K, committed 11032K, reserved 1048576K
Event: 21.553 GC heap after
Heap after GC invocations=18 (full 3):
 PSYoungGen      total 222720K, used 29164K [0x00000000e0000000, 0x00000000f5100000, 0x0000000100000000)
  eden space 193536K, 0% used [0x00000000e0000000,0x00000000e0000000,0x00000000ebd00000)
  from space 29184K, 99% used [0x00000000ebd00000,0x00000000ed97b150,0x00000000ed980000)
  to   space 48640K, 0% used [0x00000000f2180000,0x00000000f2180000,0x00000000f5100000)
 ParOldGen       total 137728K, used 85856K [0x00000000a0000000, 0x00000000a8680000, 0x00000000e0000000)
  object space 137728K, 62% used [0x00000000a0000000,0x00000000a53d8338,0x00000000a8680000)
 Metaspace       used 73809K, capacity 77031K, committed 77336K, reserved 1116160K
  class space    used 10219K, capacity 10965K, committed 11032K, reserved 1048576K
}
Event: 24.879 GC heap before
{Heap before GC invocations=19 (full 3):
 PSYoungGen      total 222720K, used 222700K [0x00000000e0000000, 0x00000000f5100000, 0x0000000100000000)
  eden space 193536K, 100% used [0x00000000e0000000,0x00000000ebd00000,0x00000000ebd00000)
  from space 29184K, 99% used [0x00000000ebd00000,0x00000000ed97b150,0x00000000ed980000)
  to   space 48640K, 0% used [0x00000000f2180000,0x00000000f2180000,0x00000000f5100000)
 ParOldGen       total 137728K, used 85856K [0x00000000a0000000, 0x00000000a8680000, 0x00000000e0000000)
  object space 137728K, 62% used [0x00000000a0000000,0x00000000a53d8338,0x00000000a8680000)
 Metaspace       used 78382K, capacity 81765K, committed 82072K, reserved 1120256K
  class space    used 10822K, capacity 11620K, committed 11672K, reserved 1048576K
Event: 24.940 GC heap after
Heap after GC invocations=19 (full 3):
 PSYoungGen      total 286208K, used 14036K [0x00000000e0000000, 0x00000000f4980000, 0x0000000100000000)
  eden space 245248K, 0% used [0x00000000e0000000,0x00000000e0000000,0x00000000eef80000)
  from space 40960K, 34% used [0x00000000f2180000,0x00000000f2f35138,0x00000000f4980000)
  to   space 46080K, 0% used [0x00000000eef80000,0x00000000eef80000,0x00000000f1c80000)
 ParOldGen       total 137728K, used 100656K [0x00000000a0000000, 0x00000000a8680000, 0x00000000e0000000)
  object space 137728K, 73% used [0x00000000a0000000,0x00000000a624c030,0x00000000a8680000)
 Metaspace       used 78382K, capacity 81765K, committed 82072K, reserved 1120256K
  class space    used 10822K, capacity 11620K, committed 11672K, reserved 1048576K
}
Event: 168.627 GC heap before
{Heap before GC invocations=20 (full 3):
 PSYoungGen      total 286208K, used 259264K [0x00000000e0000000, 0x00000000f4980000, 0x0000000100000000)
  eden space 245248K, 99% used [0x00000000e0000000,0x00000000eef7afe8,0x00000000eef80000)
  from space 40960K, 34% used [0x00000000f2180000,0x00000000f2f35138,0x00000000f4980000)
  to   space 46080K, 0% used [0x00000000eef80000,0x00000000eef80000,0x00000000f1c80000)
 ParOldGen       total 137728K, used 100656K [0x00000000a0000000, 0x00000000a8680000, 0x00000000e0000000)
  object space 137728K, 73% used [0x00000000a0000000,0x00000000a624c030,0x00000000a8680000)
 Metaspace       used 83768K, capacity 87419K, committed 87704K, reserved 1124352K
  class space    used 11276K, capacity 12077K, committed 12184K, reserved 1048576K
Event: 168.696 GC heap after
Heap after GC invocations=20 (full 3):
 PSYoungGen      total 291328K, used 38044K [0x00000000e0000000, 0x00000000f7680000, 0x0000000100000000)
  eden space 245248K, 0% used [0x00000000e0000000,0x00000000e0000000,0x00000000eef80000)
  from space 46080K, 82% used [0x00000000eef80000,0x00000000f14a72f8,0x00000000f1c80000)
  to   space 50688K, 0% used [0x00000000f4500000,0x00000000f4500000,0x00000000f7680000)
 ParOldGen       total 137728K, used 100664K [0x00000000a0000000, 0x00000000a8680000, 0x00000000e0000000)
  object space 137728K, 73% used [0x00000000a0000000,0x00000000a624e030,0x00000000a8680000)
 Metaspace       used 83768K, capacity 87419K, committed 87704K, reserved 1124352K
  class space    used 11276K, capacity 12077K, committed 12184K, reserved 1048576K
}

Deoptimization events (10 events):
Event: 166.635 Thread 0x0000000019645800 Uncommon trap: reason=unstable_if action=reinterpret pc=0x00000000042b1728 method=java.util.concurrent.ConcurrentLinkedQueue.offer(Ljava/lang/Object;)Z @ 40
Event: 166.836 Thread 0x000000001e5b2000 Uncommon trap: reason=unstable_if action=reinterpret pc=0x0000000004235270 method=java.util.concurrent.ConcurrentLinkedQueue.updateHead(Ljava/util/concurrent/ConcurrentLinkedQueue$Node;Ljava/util/concurrent/ConcurrentLinkedQueue$Node;)V @ 11
Event: 167.033 Thread 0x0000000019645800 Uncommon trap: reason=unstable_if action=reinterpret pc=0x00000000033edc18 method=java.util.concurrent.ConcurrentLinkedQueue.updateHead(Ljava/util/concurrent/ConcurrentLinkedQueue$Node;Ljava/util/concurrent/ConcurrentLinkedQueue$Node;)V @ 11
Event: 167.280 Thread 0x000000001964b000 Uncommon trap: reason=unstable_if action=reinterpret pc=0x0000000004cfc45c method=com.google.common.cache.LongAdder.add(J)V @ 24
Event: 167.288 Thread 0x000000001964b000 Uncommon trap: reason=unstable_if action=reinterpret pc=0x000000000421f078 method=com.google.common.cache.LongAdder.add(J)V @ 6
Event: 167.560 Thread 0x000000001e5ad000 Uncommon trap: reason=unstable_if action=reinterpret pc=0x0000000003adb838 method=java.lang.StringCoding$StringDecoder.decode([BII)[C @ 20
Event: 167.562 Thread 0x000000001e5ad000 Uncommon trap: reason=unstable_if action=reinterpret pc=0x000000000446b2a0 method=com.sun.tools.javac.file.ZipFileIndex$ZipDirectory.readEntry(ILjava/util/List;Ljava/util/Map;)I @ 410
Event: 168.337 Thread 0x000000001964e000 Uncommon trap: reason=unstable_if action=reinterpret pc=0x0000000004a69930 method=com.android.tools.r8.v.a.a.a.h.M.a(Ljava/lang/Object;I)I @ 130
Event: 168.346 Thread 0x000000001e5b2000 Uncommon trap: reason=unstable_if action=reinterpret pc=0x00000000046d9c28 method=java.util.concurrent.ConcurrentLinkedQueue.offer(Ljava/lang/Object;)Z @ 40
Event: 168.472 Thread 0x0000000019645800 Uncommon trap: reason=unstable_if action=reinterpret pc=0x00000000044f0594 method=java.util.concurrent.locks.LockSupport.unpark(Ljava/lang/Thread;)V @ 1

Classes redefined (0 events):
No events

Internal exceptions (10 events):
Event: 24.292 Thread 0x000000001e5a5800 Exception <a 'java/lang/NoSuchMethodError': java.lang.Object.lambda$static$0(Lcom/android/apksig/util/RunnablesProvider;)V> (0x00000000ea1a9a68) thrown at [D:\src\AOSP-openjdk-cygwin\jdk8u\hotspot\src\share\vm\interpreter\linkResolver.cpp, line 620]
Event: 25.453 Thread 0x000000001a124800 Exception <a 'sun/nio/fs/WindowsException'> (0x00000000e1d60020) thrown at [D:\src\AOSP-openjdk-cygwin\jdk8u\hotspot\src\share\vm\prims\jni.cpp, line 710]
Event: 25.658 Thread 0x000000001a0f7800 Exception <a 'java/lang/NoSuchMethodError': <clinit>> (0x00000000e2d014d0) thrown at [D:\src\AOSP-openjdk-cygwin\jdk8u\hotspot\src\share\vm\prims\jni.cpp, line 1614]
Event: 25.659 Thread 0x000000001a0f7800 Exception <a 'java/lang/NoSuchMethodError': <clinit>> (0x00000000e2d0cc68) thrown at [D:\src\AOSP-openjdk-cygwin\jdk8u\hotspot\src\share\vm\prims\jni.cpp, line 1614]
Event: 25.662 Thread 0x000000001a0f7800 Exception <a 'java/lang/NoSuchMethodError': <clinit>> (0x00000000e2d174b0) thrown at [D:\src\AOSP-openjdk-cygwin\jdk8u\hotspot\src\share\vm\prims\jni.cpp, line 1614]
Event: 25.671 Thread 0x000000001a0f7800 Exception <a 'java/lang/NoSuchMethodError': <clinit>> (0x00000000e2d314c0) thrown at [D:\src\AOSP-openjdk-cygwin\jdk8u\hotspot\src\share\vm\prims\jni.cpp, line 1614]
Event: 25.673 Thread 0x000000001a0f7800 Exception <a 'java/lang/NoSuchMethodError': <clinit>> (0x00000000e2d420e0) thrown at [D:\src\AOSP-openjdk-cygwin\jdk8u\hotspot\src\share\vm\prims\jni.cpp, line 1614]
Event: 168.157 Thread 0x000000001964e000 Exception <a 'sun/nio/fs/WindowsException'> (0x00000000eca721d0) thrown at [D:\src\AOSP-openjdk-cygwin\jdk8u\hotspot\src\share\vm\prims\jni.cpp, line 710]
Event: 168.338 Thread 0x000000001964e000 Exception <a 'sun/nio/fs/WindowsException'> (0x00000000ed124958) thrown at [D:\src\AOSP-openjdk-cygwin\jdk8u\hotspot\src\share\vm\prims\jni.cpp, line 710]
Event: 168.611 Thread 0x0000000019648800 Exception <a 'sun/nio/fs/WindowsException'> (0x00000000ee8572e0) thrown at [D:\src\AOSP-openjdk-cygwin\jdk8u\hotspot\src\share\vm\prims\jni.cpp, line 710]

Events (10 events):
Event: 169.132 Executing VM operation: RevokeBias
Event: 169.132 Executing VM operation: RevokeBias done
Event: 169.132 Executing VM operation: RevokeBias
Event: 169.132 Executing VM operation: RevokeBias done
Event: 169.149 Executing VM operation: RevokeBias
Event: 169.149 Executing VM operation: RevokeBias done
Event: 169.171 Executing VM operation: RevokeBias
Event: 169.171 Executing VM operation: RevokeBias done
Event: 169.206 Executing VM operation: BulkRevokeBias
Event: 169.207 Executing VM operation: BulkRevokeBias done


Dynamic libraries:
0x00007ff752790000 - 0x00007ff7527c1000 	C:\Program Files\Android\Android Studio\jre\bin\java.exe
0x00007ff9a30e0000 - 0x00007ff9a32d0000 	C:\Windows\SYSTEM32\ntdll.dll
0x00007ff9a2770000 - 0x00007ff9a2822000 	C:\Windows\System32\KERNEL32.DLL
0x00007ff9a0350000 - 0x00007ff9a05f3000 	C:\Windows\System32\KERNELBASE.dll
0x00007ff9a2db0000 - 0x00007ff9a2e53000 	C:\Windows\System32\ADVAPI32.dll
0x00007ff9a2b80000 - 0x00007ff9a2c1e000 	C:\Windows\System32\msvcrt.dll
0x00007ff9a2d10000 - 0x00007ff9a2da7000 	C:\Windows\System32\sechost.dll
0x00007ff9a1190000 - 0x00007ff9a12b0000 	C:\Windows\System32\RPCRT4.dll
0x00007ff9a2830000 - 0x00007ff9a29c4000 	C:\Windows\System32\USER32.dll
0x00007ff9a07c0000 - 0x00007ff9a07e1000 	C:\Windows\System32\win32u.dll
0x00007ff9a2670000 - 0x00007ff9a2696000 	C:\Windows\System32\GDI32.dll
0x00007ff9a0620000 - 0x00007ff9a07b4000 	C:\Windows\System32\gdi32full.dll
0x00007ff9a07f0000 - 0x00007ff9a088e000 	C:\Windows\System32\msvcp_win.dll
0x00007ff9a01f0000 - 0x00007ff9a02ea000 	C:\Windows\System32\ucrtbase.dll
0x00007ff9976f0000 - 0x00007ff997975000 	C:\Windows\WinSxS\amd64_microsoft.windows.common-controls_6595b64144ccf1df_6.0.18362.720_none_e6beb5c51314836b\COMCTL32.dll
0x00007ff9a2090000 - 0x00007ff9a23c6000 	C:\Windows\System32\combase.dll
0x00007ff9a08e0000 - 0x00007ff9a0960000 	C:\Windows\System32\bcryptPrimitives.dll
0x00007ff9a2fa0000 - 0x00007ff9a2fce000 	C:\Windows\System32\IMM32.DLL
0x00007ff99fe20000 - 0x00007ff99fe86000 	C:\Windows\system32\nvinitx.dll
0x000000006e4c0000 - 0x000000006e592000 	C:\Program Files\Android\Android Studio\jre\jre\bin\msvcr100.dll
0x000000006ea80000 - 0x000000006f2c6000 	C:\Program Files\Android\Android Studio\jre\jre\bin\server\jvm.dll
0x00007ff9a12b0000 - 0x00007ff9a12b8000 	C:\Windows\System32\PSAPI.DLL
0x00007ff99cbb0000 - 0x00007ff99cbd4000 	C:\Windows\SYSTEM32\WINMM.dll
0x00007ff99c9e0000 - 0x00007ff99c9e9000 	C:\Windows\SYSTEM32\WSOCK32.dll
0x00007ff999210000 - 0x00007ff99921a000 	C:\Windows\SYSTEM32\VERSION.dll
0x00007ff9a2ca0000 - 0x00007ff9a2d0f000 	C:\Windows\System32\WS2_32.dll
0x00007ff99cb80000 - 0x00007ff99cbad000 	C:\Windows\SYSTEM32\winmmbase.dll
0x00007ff9a0890000 - 0x00007ff9a08da000 	C:\Windows\System32\cfgmgr32.dll
0x00007ff99c9d0000 - 0x00007ff99c9df000 	C:\Program Files\Android\Android Studio\jre\jre\bin\verify.dll
0x00007ff99c9a0000 - 0x00007ff99c9c9000 	C:\Program Files\Android\Android Studio\jre\jre\bin\java.dll
0x00007ff99c980000 - 0x00007ff99c996000 	C:\Program Files\Android\Android Studio\jre\jre\bin\zip.dll
0x00007ff9a12c0000 - 0x00007ff9a19a5000 	C:\Windows\System32\SHELL32.dll
0x00007ff9a19b0000 - 0x00007ff9a1a59000 	C:\Windows\System32\shcore.dll
0x00007ff9a0a10000 - 0x00007ff9a1190000 	C:\Windows\System32\windows.storage.dll
0x00007ff9a0020000 - 0x00007ff9a0043000 	C:\Windows\System32\profapi.dll
0x00007ff99ffd0000 - 0x00007ff9a001a000 	C:\Windows\System32\powrprof.dll
0x00007ff99ffa0000 - 0x00007ff99ffb0000 	C:\Windows\System32\UMPDC.dll
0x00007ff9a2e60000 - 0x00007ff9a2eb2000 	C:\Windows\System32\shlwapi.dll
0x00007ff9a0050000 - 0x00007ff9a0061000 	C:\Windows\System32\kernel.appcore.dll
0x00007ff9a0600000 - 0x00007ff9a0617000 	C:\Windows\System32\cryptsp.dll
0x00007ff99c960000 - 0x00007ff99c97a000 	C:\Program Files\Android\Android Studio\jre\jre\bin\net.dll
0x00007ff994e80000 - 0x00007ff995055000 	C:\Windows\SYSTEM32\urlmon.dll
0x00007ff994840000 - 0x00007ff994ae6000 	C:\Windows\SYSTEM32\iertutil.dll
0x00007ff99f870000 - 0x00007ff99f87c000 	C:\Windows\SYSTEM32\CRYPTBASE.DLL
0x00007ff99f6f0000 - 0x00007ff99f757000 	C:\Windows\system32\mswsock.dll
0x00007ff98fa90000 - 0x00007ff98faa3000 	C:\Program Files\Android\Android Studio\jre\jre\bin\nio.dll
0x00007ff9803f0000 - 0x00007ff980416000 	C:\Users\Rykov_D\.gradle\native\30\windows-amd64\native-platform.dll
0x00007ff99c950000 - 0x00007ff99c95d000 	C:\Program Files\Android\Android Studio\jre\jre\bin\management.dll
0x00007ff99f270000 - 0x00007ff99f2a3000 	C:\Windows\system32\rsaenh.dll
0x00007ff9a0070000 - 0x00007ff9a0096000 	C:\Windows\System32\bcrypt.dll
0x00007ff99fe90000 - 0x00007ff99feb5000 	C:\Windows\SYSTEM32\USERENV.dll
0x00007ff99f410000 - 0x00007ff99f44a000 	C:\Windows\SYSTEM32\IPHLPAPI.DLL
0x00007ff9a1b40000 - 0x00007ff9a1b48000 	C:\Windows\System32\NSI.dll
0x00007ff999160000 - 0x00007ff999176000 	C:\Windows\SYSTEM32\dhcpcsvc6.DLL
0x00007ff999140000 - 0x00007ff99915c000 	C:\Windows\SYSTEM32\dhcpcsvc.DLL
0x00007ff99f450000 - 0x00007ff99f51a000 	C:\Windows\SYSTEM32\DNSAPI.dll

VM Arguments:
jvm_args: -Xmx1536m -Dfile.encoding=windows-1251 -Duser.country=RU -Duser.language=ru -Duser.variant 
java_command: org.gradle.launcher.daemon.bootstrap.GradleDaemon 5.6.4
java_class_path (initial): C:\Users\Rykov_D\.gradle\wrapper\dists\gradle-5.6.4-all\ankdp27end7byghfw1q2sw75f\gradle-5.6.4\lib\gradle-launcher-5.6.4.jar
Launcher Type: SUN_STANDARD

Environment Variables:
PATH=C:\Program Files (x86)\NVIDIA Corporation\PhysX\Common;C:\Program Files (x86)\Intel\iCLS Client\;C:\Program Files\Intel\iCLS Client\;C:\Windows\system32;C:\Windows;C:\Windows\System32\Wbem;C:\Windows\System32\WindowsPowerShell\v1.0\;C:\Windows\System32\OpenSSH\;C:\Program Files\Intel\Intel(R) Management Engine Components\DAL;C:\Program Files\Intel\Intel(R) Management Engine Components\IPT;C:\Program Files (x86)\Intel\Intel(R) Management Engine Components\DAL;C:\Program Files (x86)\Intel\Intel(R) Management Engine Components\IPT;C:\Program Files\Git\cmd;C:\Users\Rykov_D\AppData\Local\Microsoft\WindowsApps;;C:\Program Files\JetBrains\IntelliJ IDEA 2019.3.3\bin;;C:\Program Files\JetBrains\PhpStorm 2019.3.4\bin;;.;
USERNAME=Rykov_D
OS=Windows_NT
PROCESSOR_IDENTIFIER=Intel64 Family 6 Model 58 Stepping 9, GenuineIntel



---------------  S Y S T E M  ---------------

OS: Windows 10.0 , 64 bit Build 18362 (10.0.18362.329)

CPU:total 4 (initial active 4) (2 cores per cpu, 2 threads per core) family 6 model 58 stepping 9, cmov, cx8, fxsr, mmx, sse, sse2, sse3, ssse3, sse4.1, sse4.2, popcnt, avx, clmul, erms, ht, tsc, tscinvbit, tscinv

Memory: 4k page, physical 8275224k(2552076k free), swap 9094424k(5344k free)

vm_info: OpenJDK 64-Bit Server VM (25.212-b04) for windows-amd64 JRE (1.8.0_212-release-1586-b04), built by "builder" with MS VC++ 10.0 (VS2010)

time: Fri Apr 03 01:15:54 2020
timezone: Центральная Азия (зима)
elapsed time: 169 seconds (0d 0h 2m 49s)

