#
# There is insufficient memory for the Java Runtime Environment to continue.
# Native memory allocation (malloc) failed to allocate 65552 bytes for Chunk::new
# Possible reasons:
#   The system is out of physical RAM or swap space
#   The process is running with CompressedOops enabled, and the Java Heap may be blocking the growth of the native heap
# Possible solutions:
#   Reduce memory load on the system
#   Increase physical memory or swap space
#   Check if swap backing store is full
#   Decrease Java heap size (-Xmx/-Xms)
#   Decrease number of Java threads
#   Decrease Java thread stack sizes (-Xss)
#   Set larger code cache with -XX:ReservedCodeCacheSize=
#   JVM is running with Unscaled Compressed Oops mode in which the Java heap is
#     placed in the first 4GB address space. The Java Heap base address is the
#     maximum limit for the native heap growth. Please use -XX:HeapBaseMinAddress
#     to set the Java Heap base and to place the Java Heap above 4GB virtual address.
# This output file may be truncated or incomplete.
#
#  Out of Memory Error (allocation.cpp:389), pid=10680, tid=0x0000000000000d10
#
# JRE version: OpenJDK Runtime Environment (8.0_212-b04) (build 1.8.0_212-release-1586-b04)
# Java VM: OpenJDK 64-Bit Server VM (25.212-b04 mixed mode windows-amd64 compressed oops)
# Failed to write core dump. Minidumps are not enabled by default on client versions of Windows
#

---------------  T H R E A D  ---------------

Current thread (0x00000000162a2800):  JavaThread "C2 CompilerThread0" daemon [_thread_in_native, id=3344, stack(0x0000000017900000,0x0000000017a00000)]

Stack: [0x0000000017900000,0x0000000017a00000]
[error occurred during error reporting (printing stack bounds), id 0xc0000005]

Native frames: (J=compiled Java code, j=interpreted, Vv=VM code, C=native code)


Current CompileTask:
C2:3148283 28476 %     4       com.android.builder.symbols.BytecodeRClassWriterKt::generateResourceTypeClass @ 75 (595 bytes)


---------------  P R O C E S S  ---------------

Java Threads: ( => current thread )
  0x000000002a228800 JavaThread "stdout" [_thread_in_native, id=4756, stack(0x000000002b540000,0x000000002b640000)]
  0x000000002a22d000 JavaThread "stderr" [_thread_in_native, id=3208, stack(0x0000000024390000,0x0000000024490000)]
  0x000000002a220000 JavaThread "pool-11-thread-1" [_thread_blocked, id=10204, stack(0x0000000024290000,0x0000000024390000)]
  0x000000002a227000 JavaThread "WorkerExecutor Queue" [_thread_blocked, id=11280, stack(0x0000000020a40000,0x0000000020b40000)]
  0x000000002a21f800 JavaThread "Cache worker for execution history cache (C:\Android\flos\.gradle\5.6.4\executionHistory)" [_thread_blocked, id=5076, stack(0x0000000023250000,0x0000000023350000)]
  0x000000002a226000 JavaThread "Execution worker for ':' Thread 3" [_thread_blocked, id=9028, stack(0x0000000023150000,0x0000000023250000)]
  0x000000002a224000 JavaThread "Cache worker for file content cache (C:\Android\flos\.gradle\5.6.4\fileContent)" [_thread_blocked, id=4660, stack(0x0000000020730000,0x0000000020830000)]
  0x000000002a223000 JavaThread "Cache worker for Build Output Cleanup Cache (C:\Android\flos\.gradle\buildOutputCleanup)" [_thread_in_native, id=10052, stack(0x0000000020630000,0x0000000020730000)]
  0x000000002a222800 JavaThread "Build operations Thread 4" [_thread_blocked, id=8408, stack(0x0000000020530000,0x0000000020630000)]
  0x000000001a32e000 JavaThread "Build operations Thread 3" [_thread_blocked, id=10768, stack(0x0000000020130000,0x0000000020230000)]
  0x000000001a331800 JavaThread "Build operations Thread 2" [_thread_blocked, id=3196, stack(0x000000001f900000,0x000000001fa00000)]
  0x000000001a32f800 JavaThread "Build operations" [_thread_blocked, id=11964, stack(0x000000001e3d0000,0x000000001e4d0000)]
  0x000000001a32a000 JavaThread "Cache worker for cache directory md-rule (C:\Users\Rykov_D\.gradle\caches\5.6.4\md-rule)" [_thread_blocked, id=8228, stack(0x000000001bb30000,0x000000001bc30000)]
  0x000000001a331000 JavaThread "Cache worker for cache directory md-supplier (C:\Users\Rykov_D\.gradle\caches\5.6.4\md-supplier)" [_thread_blocked, id=1368, stack(0x000000001ba30000,0x000000001bb30000)]
  0x000000001a326800 JavaThread "Cache worker for file hash cache (C:\Android\flos\.gradle\5.6.4\fileHashes)" [_thread_blocked, id=10404, stack(0x000000001b930000,0x000000001ba30000)]
  0x000000001a32b000 JavaThread "Thread-112" [_thread_blocked, id=11144, stack(0x000000001b830000,0x000000001b930000)]
  0x000000001a325800 JavaThread "Stdin handler" [_thread_blocked, id=8840, stack(0x000000001b730000,0x000000001b830000)]
  0x000000001a32c800 JavaThread "Asynchronous log dispatcher for DefaultDaemonConnection: socket connection from /127.0.0.1:58972 to /127.0.0.1:59551" [_thread_blocked, id=11752, stack(0x000000001b430000,0x000000001b530000)]
  0x000000001a325000 JavaThread "Cancel handler" [_thread_blocked, id=10372, stack(0x0000000000d50000,0x0000000000e50000)]
  0x000000001a322800 JavaThread "Handler for socket connection from /127.0.0.1:58972 to /127.0.0.1:59551" [_thread_in_native, id=6000, stack(0x0000000000c50000,0x0000000000d50000)]
  0x000000001f005000 JavaThread "Daemon worker Thread 3" [_thread_blocked, id=11844, stack(0x000000001b330000,0x000000001b430000)]
  0x000000001f009800 JavaThread "Daemon Thread 3" [_thread_blocked, id=1684, stack(0x0000000000b50000,0x0000000000c50000)]
  0x000000001a327000 JavaThread "Cache worker for Java compile cache (C:\Users\Rykov_D\.gradle\caches\5.6.4\javaCompile)" [_thread_blocked, id=8376, stack(0x000000002b670000,0x000000002b770000)]
  0x000000001f006000 JavaThread "Cache worker for file content cache (C:\Users\Rykov_D\.gradle\caches\5.6.4\fileContent)" [_thread_blocked, id=4856, stack(0x0000000022d50000,0x0000000022e50000)]
  0x000000001f009000 JavaThread "Memory manager" [_thread_blocked, id=11952, stack(0x0000000022420000,0x0000000022520000)]
  0x000000001f00c000 JavaThread "Cache worker for execution history cache (C:\Users\Rykov_D\.gradle\caches\5.6.4\executionHistory)" [_thread_blocked, id=10112, stack(0x0000000020230000,0x0000000020330000)]
  0x00000000195bd800 JavaThread "Cache worker for journal cache (C:\Users\Rykov_D\.gradle\caches\journal-1)" [_thread_blocked, id=6320, stack(0x000000001c030000,0x000000001c130000)]
  0x00000000195be000 JavaThread "File lock request listener" [_thread_in_native, id=6188, stack(0x000000001bf30000,0x000000001c030000)]
  0x00000000195c0800 JavaThread "Cache worker for file hash cache (C:\Users\Rykov_D\.gradle\caches\5.6.4\fileHashes)" [_thread_blocked, id=11084, stack(0x000000001bc30000,0x000000001bd30000)]
  0x0000000019b4f000 JavaThread "Daemon periodic checks" [_thread_blocked, id=11276, stack(0x000000001b230000,0x000000001b330000)]
  0x0000000017f8e800 JavaThread "Incoming local TCP Connector on port 58972" [_thread_in_native, id=12236, stack(0x000000001afe0000,0x000000001b0e0000)]
  0x0000000019b47800 JavaThread "Daemon health stats" [_thread_blocked, id=8528, stack(0x000000001a9a0000,0x000000001aaa0000)]
  0x0000000017c38800 JavaThread "Service Thread" daemon [_thread_blocked, id=12000, stack(0x0000000018000000,0x0000000018100000)]
  0x00000000162ba000 JavaThread "C1 CompilerThread2" daemon [_thread_blocked, id=9196, stack(0x0000000017b00000,0x0000000017c00000)]
  0x00000000162b5800 JavaThread "C2 CompilerThread1" daemon [_thread_in_native, id=6832, stack(0x0000000017a00000,0x0000000017b00000)]
=>0x00000000162a2800 JavaThread "C2 CompilerThread0" daemon [_thread_in_native, id=3344, stack(0x0000000017900000,0x0000000017a00000)]
  0x00000000162a1800 JavaThread "Attach Listener" daemon [_thread_blocked, id=8556, stack(0x0000000017800000,0x0000000017900000)]
  0x00000000162a8000 JavaThread "Signal Dispatcher" daemon [_thread_blocked, id=10328, stack(0x0000000017700000,0x0000000017800000)]
  0x000000000292c000 JavaThread "Finalizer" daemon [_thread_blocked, id=8788, stack(0x00000000174f0000,0x00000000175f0000)]
  0x0000000002923000 JavaThread "Reference Handler" daemon [_thread_blocked, id=3404, stack(0x00000000173f0000,0x00000000174f0000)]
  0x000000000282e800 JavaThread "main" [_thread_blocked, id=9716, stack(0x00000000026a0000,0x00000000027a0000)]

Other Threads:
  0x0000000016266800 VMThread [stack: 0x00000000172f0000,0x00000000173f0000] [id=6160]
  0x00000000162ec800 WatcherThread [stack: 0x0000000018100000,0x0000000018200000] [id=9520]

VM state:not at safepoint (normal execution)

VM Mutex/Monitor currently owned by a thread: None

OutOfMemory and StackOverflow Exception counts:
OutOfMemoryError java_heap_errors=1

heap address: 0x00000000a0000000, size: 1536 MB, Compressed Oops mode: 32-bit
Narrow klass base: 0x0000000000000000, Narrow klass shift: 3
Compressed class space size: 1073741824 Address: 0x0000000100000000

Heap:
 PSYoungGen      total 380416K, used 113930K [0x00000000e0000000, 0x00000000ff780000, 0x0000000100000000)
  eden space 253440K, 39% used [0x00000000e0000000,0x00000000e62f0518,0x00000000ef780000)
  from space 126976K, 9% used [0x00000000ef780000,0x00000000f03d2408,0x00000000f7380000)
  to   space 124416K, 0% used [0x00000000f7e00000,0x00000000f7e00000,0x00000000ff780000)
 ParOldGen       total 539648K, used 314317K [0x00000000a0000000, 0x00000000c0f00000, 0x00000000e0000000)
  object space 539648K, 58% used [0x00000000a0000000,0x00000000b32f3588,0x00000000c0f00000)
 Metaspace       used 101367K, capacity 105639K, committed 105896K, reserved 1140736K
  class space    used 12776K, capacity 13626K, committed 13736K, reserved 1048576K

Card table byte_map: [0x0000000011cf0000,0x0000000012000000] byte_map_base: 0x00000000117f0000

Marking Bits: (ParMarkBitMap*) 0x000000006f999f30
 Begin Bits: [0x0000000012600000, 0x0000000013e00000)
 End Bits:   [0x0000000013e00000, 0x0000000015600000)

Polling page: 0x0000000000a10000

CodeCache: size=245760Kb used=73674Kb max_used=75143Kb free=172085Kb
 bounds [0x0000000002930000, 0x0000000007310000, 0x0000000011930000]
 total_blobs=20730 nmethods=19828 adapters=811
 compilation: enabled

Compilation events (10 events):
Event: 3148.182 Thread 0x00000000162ba000 28479       1       org.objectweb.asm.MethodWriter::visitEnd (1 bytes)
Event: 3148.182 Thread 0x00000000162ba000 nmethod 28479 0x0000000003e59ed0 code [0x0000000003e5a020, 0x0000000003e5a130]
Event: 3148.213 Thread 0x00000000162a2800 nmethod 28458% 0x0000000006b26750 code [0x0000000006b26bc0, 0x0000000006b2a258]
Event: 3148.214 Thread 0x00000000162a2800 28476 %     4       com.android.builder.symbols.BytecodeRClassWriterKt::generateResourceTypeClass @ 75 (595 bytes)
Event: 3148.233 Thread 0x00000000162ba000 28481       1       com.android.zipflinger.BytesSource::prepare (1 bytes)
Event: 3148.234 Thread 0x00000000162ba000 nmethod 28481 0x0000000005484ad0 code [0x0000000005484c20, 0x0000000005484d30]
Event: 3148.243 Thread 0x00000000162b5800 nmethod 28435 0x00000000063ab490 code [0x00000000063ab9e0, 0x00000000063b0b28]
Event: 3148.244 Thread 0x00000000162b5800 28470 %     4       org.objectweb.asm.ClassWriter::toByteArray @ 707 (1360 bytes)
Event: 3148.251 Thread 0x00000000162ba000 28482       3       com.android.builder.symbols.BytecodeRClassWriterKt::generateOuterRClass (172 bytes)
Event: 3148.253 Thread 0x00000000162ba000 nmethod 28482 0x0000000003626310 code [0x0000000003626620, 0x0000000003627df8]

GC Heap History (10 events):
Event: 468.110 GC heap before
{Heap before GC invocations=83 (full 7):
 PSYoungGen      total 385024K, used 288332K [0x00000000e0000000, 0x0000000100000000, 0x0000000100000000)
  eden space 238080K, 100% used [0x00000000e0000000,0x00000000ee880000,0x00000000ee880000)
  from space 146944K, 34% used [0x00000000f7080000,0x00000000fa193178,0x0000000100000000)
  to   space 139264K, 0% used [0x00000000ee880000,0x00000000ee880000,0x00000000f7080000)
 ParOldGen       total 539648K, used 289584K [0x00000000a0000000, 0x00000000c0f00000, 0x00000000e0000000)
  object space 539648K, 53% used [0x00000000a0000000,0x00000000b1acc010,0x00000000c0f00000)
 Metaspace       used 92924K, capacity 96917K, committed 101672K, reserved 1136640K
  class space    used 11912K, capacity 12769K, committed 13608K, reserved 1048576K
Event: 468.169 GC heap after
Heap after GC invocations=83 (full 7):
 PSYoungGen      total 377344K, used 9189K [0x00000000e0000000, 0x00000000ff980000, 0x0000000100000000)
  eden space 238080K, 0% used [0x00000000e0000000,0x00000000e0000000,0x00000000ee880000)
  from space 139264K, 6% used [0x00000000ee880000,0x00000000ef1794b0,0x00000000f7080000)
  to   space 139776K, 0% used [0x00000000f7100000,0x00000000f7100000,0x00000000ff980000)
 ParOldGen       total 539648K, used 303496K [0x00000000a0000000, 0x00000000c0f00000, 0x00000000e0000000)
  object space 539648K, 56% used [0x00000000a0000000,0x00000000b2862278,0x00000000c0f00000)
 Metaspace       used 92924K, capacity 96917K, committed 101672K, reserved 1136640K
  class space    used 11912K, capacity 12769K, committed 13608K, reserved 1048576K
}
Event: 3090.230 GC heap before
{Heap before GC invocations=84 (full 7):
 PSYoungGen      total 377344K, used 247269K [0x00000000e0000000, 0x00000000ff980000, 0x0000000100000000)
  eden space 238080K, 100% used [0x00000000e0000000,0x00000000ee880000,0x00000000ee880000)
  from space 139264K, 6% used [0x00000000ee880000,0x00000000ef1794b0,0x00000000f7080000)
  to   space 139776K, 0% used [0x00000000f7100000,0x00000000f7100000,0x00000000ff980000)
 ParOldGen       total 539648K, used 303496K [0x00000000a0000000, 0x00000000c0f00000, 0x00000000e0000000)
  object space 539648K, 56% used [0x00000000a0000000,0x00000000b2862278,0x00000000c0f00000)
 Metaspace       used 94340K, capacity 98331K, committed 101928K, reserved 1138688K
  class space    used 12029K, capacity 12858K, committed 13608K, reserved 1048576K
Event: 3090.510 GC heap after
Heap after GC invocations=84 (full 7):
 PSYoungGen      total 380928K, used 25843K [0x00000000e0000000, 0x00000000ff880000, 0x0000000100000000)
  eden space 242176K, 0% used [0x00000000e0000000,0x00000000e0000000,0x00000000eec80000)
  from space 138752K, 18% used [0x00000000f7100000,0x00000000f8a3cc58,0x00000000ff880000)
  to   space 135680K, 0% used [0x00000000eec80000,0x00000000eec80000,0x00000000f7100000)
 ParOldGen       total 539648K, used 304292K [0x00000000a0000000, 0x00000000c0f00000, 0x00000000e0000000)
  object space 539648K, 56% used [0x00000000a0000000,0x00000000b29292f8,0x00000000c0f00000)
 Metaspace       used 94340K, capacity 98331K, committed 101928K, reserved 1138688K
  class space    used 12029K, capacity 12858K, committed 13608K, reserved 1048576K
}
Event: 3095.870 GC heap before
{Heap before GC invocations=85 (full 7):
 PSYoungGen      total 380928K, used 268019K [0x00000000e0000000, 0x00000000ff880000, 0x0000000100000000)
  eden space 242176K, 100% used [0x00000000e0000000,0x00000000eec80000,0x00000000eec80000)
  from space 138752K, 18% used [0x00000000f7100000,0x00000000f8a3cc58,0x00000000ff880000)
  to   space 135680K, 0% used [0x00000000eec80000,0x00000000eec80000,0x00000000f7100000)
 ParOldGen       total 539648K, used 304292K [0x00000000a0000000, 0x00000000c0f00000, 0x00000000e0000000)
  object space 539648K, 56% used [0x00000000a0000000,0x00000000b29292f8,0x00000000c0f00000)
 Metaspace       used 96436K, capacity 100553K, committed 101928K, reserved 1138688K
  class space    used 12218K, capacity 13037K, committed 13608K, reserved 1048576K
Event: 3095.937 GC heap after
Heap after GC invocations=85 (full 7):
 PSYoungGen      total 377856K, used 28992K [0x00000000e0000000, 0x00000000ff300000, 0x0000000100000000)
  eden space 242176K, 0% used [0x00000000e0000000,0x00000000e0000000,0x00000000eec80000)
  from space 135680K, 21% used [0x00000000eec80000,0x00000000f08d00c0,0x00000000f7100000)
  to   space 130560K, 0% used [0x00000000f7380000,0x00000000f7380000,0x00000000ff300000)
 ParOldGen       total 539648K, used 314301K [0x00000000a0000000, 0x00000000c0f00000, 0x00000000e0000000)
  object space 539648K, 58% used [0x00000000a0000000,0x00000000b32ef588,0x00000000c0f00000)
 Metaspace       used 96436K, capacity 100553K, committed 101928K, reserved 1138688K
  class space    used 12218K, capacity 13037K, committed 13608K, reserved 1048576K
}
Event: 3133.364 GC heap before
{Heap before GC invocations=86 (full 7):
 PSYoungGen      total 377856K, used 271168K [0x00000000e0000000, 0x00000000ff300000, 0x0000000100000000)
  eden space 242176K, 100% used [0x00000000e0000000,0x00000000eec80000,0x00000000eec80000)
  from space 135680K, 21% used [0x00000000eec80000,0x00000000f08d00c0,0x00000000f7100000)
  to   space 130560K, 0% used [0x00000000f7380000,0x00000000f7380000,0x00000000ff300000)
 ParOldGen       total 539648K, used 314301K [0x00000000a0000000, 0x00000000c0f00000, 0x00000000e0000000)
  object space 539648K, 58% used [0x00000000a0000000,0x00000000b32ef588,0x00000000c0f00000)
 Metaspace       used 101127K, capacity 105371K, committed 105512K, reserved 1140736K
  class space    used 12762K, capacity 13604K, committed 13608K, reserved 1048576K
Event: 3133.402 GC heap after
Heap after GC invocations=86 (full 7):
 PSYoungGen      total 384000K, used 21715K [0x00000000e0000000, 0x00000000ff400000, 0x0000000100000000)
  eden space 253440K, 0% used [0x00000000e0000000,0x00000000e0000000,0x00000000ef780000)
  from space 130560K, 16% used [0x00000000f7380000,0x00000000f88b4e60,0x00000000ff300000)
  to   space 126976K, 0% used [0x00000000ef780000,0x00000000ef780000,0x00000000f7380000)
 ParOldGen       total 539648K, used 314309K [0x00000000a0000000, 0x00000000c0f00000, 0x00000000e0000000)
  object space 539648K, 58% used [0x00000000a0000000,0x00000000b32f1588,0x00000000c0f00000)
 Metaspace       used 101127K, capacity 105371K, committed 105512K, reserved 1140736K
  class space    used 12762K, capacity 13604K, committed 13608K, reserved 1048576K
}
Event: 3145.759 GC heap before
{Heap before GC invocations=87 (full 7):
 PSYoungGen      total 384000K, used 275155K [0x00000000e0000000, 0x00000000ff400000, 0x0000000100000000)
  eden space 253440K, 100% used [0x00000000e0000000,0x00000000ef780000,0x00000000ef780000)
  from space 130560K, 16% used [0x00000000f7380000,0x00000000f88b4e60,0x00000000ff300000)
  to   space 126976K, 0% used [0x00000000ef780000,0x00000000ef780000,0x00000000f7380000)
 ParOldGen       total 539648K, used 314309K [0x00000000a0000000, 0x00000000c0f00000, 0x00000000e0000000)
  object space 539648K, 58% used [0x00000000a0000000,0x00000000b32f1588,0x00000000c0f00000)
 Metaspace       used 101337K, capacity 105633K, committed 105896K, reserved 1140736K
  class space    used 12776K, capacity 13625K, committed 13736K, reserved 1048576K
Event: 3145.790 GC heap after
Heap after GC invocations=87 (full 7):
 PSYoungGen      total 380416K, used 12617K [0x00000000e0000000, 0x00000000ff780000, 0x0000000100000000)
  eden space 253440K, 0% used [0x00000000e0000000,0x00000000e0000000,0x00000000ef780000)
  from space 126976K, 9% used [0x00000000ef780000,0x00000000f03d2408,0x00000000f7380000)
  to   space 124416K, 0% used [0x00000000f7e00000,0x00000000f7e00000,0x00000000ff780000)
 ParOldGen       total 539648K, used 314317K [0x00000000a0000000, 0x00000000c0f00000, 0x00000000e0000000)
  object space 539648K, 58% used [0x00000000a0000000,0x00000000b32f3588,0x00000000c0f00000)
 Metaspace       used 101337K, capacity 105633K, committed 105896K, reserved 1140736K
  class space    used 12776K, capacity 13625K, committed 13736K, reserved 1048576K
}

Deoptimization events (10 events):
Event: 3144.475 Thread 0x000000001a322800 Uncommon trap: reason=class_check action=maybe_recompile pc=0x0000000005ebe420 method=java.lang.reflect.Array.newInstance(Ljava/lang/Class;I)Ljava/lang/Object; @ 2
Event: 3144.526 Thread 0x000000001f005000 Uncommon trap: reason=class_check action=maybe_recompile pc=0x0000000005eac29c method=org.gradle.internal.work.DefaultWorkerLeaseService$WorkerLeaseLockRegistry.getResourceLock(Lorg/gradle/internal/work/DefaultWorkerLeaseService$LeaseHolder;ILjava/lang/Th
Event: 3144.526 Thread 0x000000001f005000 Uncommon trap: reason=class_check action=maybe_recompile pc=0x0000000005e815f4 method=org.gradle.internal.work.DefaultWorkerLeaseService$DefaultWorkerLease.acquireLock()Z @ 4
Event: 3144.532 Thread 0x000000001f005000 Uncommon trap: reason=class_check action=maybe_recompile pc=0x0000000005ea9528 method=org.gradle.internal.resources.AbstractResourceLockRegistry$1.call()Lorg/gradle/internal/resources/ResourceLock; @ 29
Event: 3144.760 Thread 0x000000001a32c800 Uncommon trap: reason=unstable_if action=reinterpret pc=0x0000000003c97330 method=com.esotericsoftware.kryo.io.Output.writeVarLong(JZ)I @ 55
Event: 3145.790 Thread 0x000000001f005000 Uncommon trap: reason=null_check action=make_not_entrant pc=0x000000000466a00c method=java.lang.ThreadLocal$ThreadLocalMap.set(Ljava/lang/ThreadLocal;Ljava/lang/Object;)V @ 36
Event: 3147.831 Thread 0x000000002a227000 Uncommon trap: reason=array_check action=maybe_recompile pc=0x0000000006d5ca6c method=com.google.common.collect.RegularImmutableMap.fromEntryArray(I[Ljava/util/Map$Entry;)Lcom/google/common/collect/ImmutableMap; @ 157
Event: 3147.831 Thread 0x000000002a227000 Uncommon trap: reason=array_check action=maybe_recompile pc=0x0000000006d5ca6c method=com.google.common.collect.RegularImmutableMap.fromEntryArray(I[Ljava/util/Map$Entry;)Lcom/google/common/collect/ImmutableMap; @ 157
Event: 3147.833 Thread 0x000000002a227000 Uncommon trap: reason=array_check action=maybe_recompile pc=0x0000000006d5ca6c method=com.google.common.collect.RegularImmutableMap.fromEntryArray(I[Ljava/util/Map$Entry;)Lcom/google/common/collect/ImmutableMap; @ 157
Event: 3147.834 Thread 0x000000002a227000 Uncommon trap: reason=array_check action=maybe_recompile pc=0x0000000006d5ca6c method=com.google.common.collect.RegularImmutableMap.fromEntryArray(I[Ljava/util/Map$Entry;)Lcom/google/common/collect/ImmutableMap; @ 157

Classes redefined (0 events):
No events

Internal exceptions (10 events):
Event: 3133.404 Thread 0x000000000292c000 Exception <a 'java/lang/NoClassDefFoundError': org/sqlite/SQLiteErrorCode> (0x00000000e014c510) thrown at [D:\src\AOSP-openjdk-cygwin\jdk8u\hotspot\src\share\vm\oops\constantPool.cpp, line 245]
Event: 3134.230 Thread 0x000000002a22b800 Implicit null exception at 0x0000000002d51793 to 0x0000000002d520a5
Event: 3134.601 Thread 0x000000002a22b800 Implicit null exception at 0x0000000006cff17b to 0x0000000006cffaa1
Event: 3134.748 Thread 0x000000002a22b800 Implicit null exception at 0x0000000005e23fa8 to 0x0000000005e24967
Event: 3139.621 Thread 0x000000001a322800 Exception <a 'java/io/IOException'> (0x00000000e7788a30) thrown at [D:\src\AOSP-openjdk-cygwin\jdk8u\hotspot\src\share\vm\prims\jni.cpp, line 710]
Event: 3139.623 Thread 0x000000002a22d000 Exception <a 'java/lang/reflect/InvocationTargetException'> (0x00000000e77b8ee0) thrown at [D:\src\AOSP-openjdk-cygwin\jdk8u\hotspot\src\share\vm\runtime\reflection.cpp, line 1092]
Event: 3139.645 Thread 0x000000001f005000 Exception <a 'sun/nio/fs/WindowsException'> (0x00000000e6d06ba8) thrown at [D:\src\AOSP-openjdk-cygwin\jdk8u\hotspot\src\share\vm\prims\jni.cpp, line 710]
Event: 3145.790 Thread 0x000000001f005000 Implicit null exception at 0x00000000046676cb to 0x0000000004669fd9
Event: 3148.027 Thread 0x000000002a227000 Exception <a 'sun/nio/fs/WindowsException'> (0x00000000e41c4f60) thrown at [D:\src\AOSP-openjdk-cygwin\jdk8u\hotspot\src\share\vm\prims\jni.cpp, line 710]
Event: 3148.027 Thread 0x000000002a227000 Exception <a 'sun/nio/fs/WindowsException'> (0x00000000e41c5408) thrown at [D:\src\AOSP-openjdk-cygwin\jdk8u\hotspot\src\share\vm\prims\jni.cpp, line 710]

Events (10 events):
Event: 3147.833 Thread 0x000000002a227000 DEOPT UNPACKING pc=0x000000000297557b sp=0x0000000020b3d838 mode 2
Event: 3147.834 Thread 0x000000002a227000 Uncommon trap: trap_request=0xffffffd6 fr.pc=0x0000000006d5ca6c
Event: 3147.834 Thread 0x000000002a227000 DEOPT PACKING pc=0x0000000006d5ca6c sp=0x0000000020b3d790
Event: 3147.834 Thread 0x000000002a227000 DEOPT UNPACKING pc=0x000000000297557b sp=0x0000000020b3d758 mode 2
Event: 3147.943 Thread 0x000000002a227000 DEOPT PACKING pc=0x000000000412a1a2 sp=0x0000000020b3d870
Event: 3147.943 Thread 0x000000002a227000 DEOPT UNPACKING pc=0x00000000029775d0 sp=0x0000000020b3d6d0 mode 0
Event: 3148.002 Thread 0x000000002a227000 DEOPT PACKING pc=0x000000000412a1a2 sp=0x0000000020b3d7a0
Event: 3148.003 Thread 0x000000002a227000 DEOPT UNPACKING pc=0x00000000029775d0 sp=0x0000000020b3d600 mode 0
Event: 3148.012 Thread 0x000000002a227000 DEOPT PACKING pc=0x00000000040cd8de sp=0x0000000020b3d8d0
Event: 3148.012 Thread 0x000000002a227000 DEOPT UNPACKING pc=0x00000000029775d0 sp=0x0000000020b3d670 mode 0


Dynamic libraries:
0x00007ff6ddd10000 - 0x00007ff6ddd41000 	C:\Program Files\Android\Android Studio1\jre\bin\java.exe
0x00007ffc9dda0000 - 0x00007ffc9df90000 	C:\Windows\SYSTEM32\ntdll.dll
0x00007ffc9c210000 - 0x00007ffc9c2c2000 	C:\Windows\System32\KERNEL32.DLL
0x00007ffc9ade0000 - 0x00007ffc9b083000 	C:\Windows\System32\KERNELBASE.dll
0x00007ffc9d920000 - 0x00007ffc9d9c3000 	C:\Windows\System32\ADVAPI32.dll
0x00007ffc9c3f0000 - 0x00007ffc9c48e000 	C:\Windows\System32\msvcrt.dll
0x00007ffc9d9d0000 - 0x00007ffc9da67000 	C:\Windows\System32\sechost.dll
0x00007ffc9cff0000 - 0x00007ffc9d110000 	C:\Windows\System32\RPCRT4.dll
0x00007ffc9d500000 - 0x00007ffc9d694000 	C:\Windows\System32\USER32.dll
0x00007ffc9b340000 - 0x00007ffc9b361000 	C:\Windows\System32\win32u.dll
0x00007ffc9d120000 - 0x00007ffc9d146000 	C:\Windows\System32\GDI32.dll
0x00007ffc9b470000 - 0x00007ffc9b604000 	C:\Windows\System32\gdi32full.dll
0x00007ffc9bdb0000 - 0x00007ffc9be4e000 	C:\Windows\System32\msvcp_win.dll
0x00007ffc9b370000 - 0x00007ffc9b46a000 	C:\Windows\System32\ucrtbase.dll
0x00007ffc90ee0000 - 0x00007ffc91165000 	C:\Windows\WinSxS\amd64_microsoft.windows.common-controls_6595b64144ccf1df_6.0.18362.778_none_e6c6b761130d4fb8\COMCTL32.dll
0x00007ffc9d1c0000 - 0x00007ffc9d4f6000 	C:\Windows\System32\combase.dll
0x00007ffc9b230000 - 0x00007ffc9b2b0000 	C:\Windows\System32\bcryptPrimitives.dll
0x00007ffc9db50000 - 0x00007ffc9db7e000 	C:\Windows\System32\IMM32.DLL
0x00007ffc9aae0000 - 0x00007ffc9ab46000 	C:\Windows\system32\nvinitx.dll
0x000000006f010000 - 0x000000006f0e2000 	C:\Program Files\Android\Android Studio1\jre\jre\bin\msvcr100.dll
0x000000006f1d0000 - 0x000000006fa16000 	C:\Program Files\Android\Android Studio1\jre\jre\bin\server\jvm.dll
0x00007ffc9d110000 - 0x00007ffc9d118000 	C:\Windows\System32\PSAPI.DLL
0x00007ffc97e30000 - 0x00007ffc97e54000 	C:\Windows\SYSTEM32\WINMM.dll
0x00007ffc91170000 - 0x00007ffc9117a000 	C:\Windows\SYSTEM32\VERSION.dll
0x00007ffc97410000 - 0x00007ffc97419000 	C:\Windows\SYSTEM32\WSOCK32.dll
0x00007ffc9d150000 - 0x00007ffc9d1bf000 	C:\Windows\System32\WS2_32.dll
0x00007ffc97e00000 - 0x00007ffc97e2d000 	C:\Windows\SYSTEM32\winmmbase.dll
0x00007ffc9b1e0000 - 0x00007ffc9b22a000 	C:\Windows\System32\cfgmgr32.dll
0x00007ffc973b0000 - 0x00007ffc973bf000 	C:\Program Files\Android\Android Studio1\jre\jre\bin\verify.dll
0x00007ffc93ee0000 - 0x00007ffc93f09000 	C:\Program Files\Android\Android Studio1\jre\jre\bin\java.dll
0x00007ffc93f60000 - 0x00007ffc93f76000 	C:\Program Files\Android\Android Studio1\jre\jre\bin\zip.dll
0x00007ffc9c490000 - 0x00007ffc9cb75000 	C:\Windows\System32\SHELL32.dll
0x00007ffc9c2d0000 - 0x00007ffc9c379000 	C:\Windows\System32\shcore.dll
0x00007ffc9b630000 - 0x00007ffc9bdb0000 	C:\Windows\System32\windows.storage.dll
0x00007ffc9ad00000 - 0x00007ffc9ad23000 	C:\Windows\System32\profapi.dll
0x00007ffc9ac90000 - 0x00007ffc9acda000 	C:\Windows\System32\powrprof.dll
0x00007ffc9ac60000 - 0x00007ffc9ac70000 	C:\Windows\System32\UMPDC.dll
0x00007ffc9c380000 - 0x00007ffc9c3d2000 	C:\Windows\System32\shlwapi.dll
0x00007ffc9ac70000 - 0x00007ffc9ac81000 	C:\Windows\System32\kernel.appcore.dll
0x00007ffc9b610000 - 0x00007ffc9b627000 	C:\Windows\System32\cryptsp.dll
0x00007ffc93e90000 - 0x00007ffc93eaa000 	C:\Program Files\Android\Android Studio1\jre\jre\bin\net.dll
0x00007ffc8aad0000 - 0x00007ffc8aca5000 	C:\Windows\SYSTEM32\urlmon.dll
0x00007ffc8add0000 - 0x00007ffc8b076000 	C:\Windows\SYSTEM32\iertutil.dll
0x00007ffc9a530000 - 0x00007ffc9a53c000 	C:\Windows\SYSTEM32\CRYPTBASE.DLL
0x00007ffc9a3b0000 - 0x00007ffc9a417000 	C:\Windows\system32\mswsock.dll
0x00007ffc93e70000 - 0x00007ffc93e83000 	C:\Program Files\Android\Android Studio1\jre\jre\bin\nio.dll
0x00007ffc8e210000 - 0x00007ffc8e236000 	C:\Users\Rykov_D\.gradle\native\30\windows-amd64\native-platform.dll
0x00007ffc97380000 - 0x00007ffc9738d000 	C:\Program Files\Android\Android Studio1\jre\jre\bin\management.dll
0x00007ffc99f30000 - 0x00007ffc99f63000 	C:\Windows\system32\rsaenh.dll
0x00007ffc9b2b0000 - 0x00007ffc9b2d6000 	C:\Windows\System32\bcrypt.dll
0x00007ffc9ab50000 - 0x00007ffc9ab75000 	C:\Windows\SYSTEM32\USERENV.dll
0x00007ffc9a0d0000 - 0x00007ffc9a10a000 	C:\Windows\SYSTEM32\IPHLPAPI.DLL
0x00007ffc9c3e0000 - 0x00007ffc9c3e8000 	C:\Windows\System32\NSI.dll
0x00007ffc91500000 - 0x00007ffc91516000 	C:\Windows\SYSTEM32\dhcpcsvc6.DLL
0x00007ffc914e0000 - 0x00007ffc914fc000 	C:\Windows\SYSTEM32\dhcpcsvc.DLL
0x00007ffc9a110000 - 0x00007ffc9a1da000 	C:\Windows\SYSTEM32\DNSAPI.dll
0x000000006adc0000 - 0x000000006aeb2000 	C:\Users\Rykov_D\AppData\Local\Temp\room-4b7c3a3d-19c0-4941-9a5d-4170955f08a0\sqlite-3.20.1-1f129015-8e41-4c56-b836-8df0bd1c1d5e-sqlitejdbc.dll

VM Arguments:
jvm_args: -Xmx1536m -Dfile.encoding=windows-1251 -Duser.country=RU -Duser.language=ru -Duser.variant 
java_command: org.gradle.launcher.daemon.bootstrap.GradleDaemon 5.6.4
java_class_path (initial): C:\Users\Rykov_D\.gradle\wrapper\dists\gradle-5.6.4-all\ankdp27end7byghfw1q2sw75f\gradle-5.6.4\lib\gradle-launcher-5.6.4.jar
Launcher Type: SUN_STANDARD

Environment Variables:
PATH=C:\Program Files (x86)\NVIDIA Corporation\PhysX\Common;C:\Program Files (x86)\Intel\iCLS Client\;C:\Program Files\Intel\iCLS Client\;C:\Windows\system32;C:\Windows;C:\Windows\System32\Wbem;C:\Windows\System32\WindowsPowerShell\v1.0\;C:\Windows\System32\OpenSSH\;C:\Program Files\Intel\Intel(R) Management Engine Components\DAL;C:\Program Files\Intel\Intel(R) Management Engine Components\IPT;C:\Program Files (x86)\Intel\Intel(R) Management Engine Components\DAL;C:\Program Files (x86)\Intel\Intel(R) Management Engine Components\IPT;C:\Program Files\Git\cmd;C:\Users\Rykov_D\AppData\Local\Microsoft\WindowsApps;;C:\Program Files\JetBrains\IntelliJ IDEA 2019.3.3\bin;;C:\Program Files\JetBrains\PhpStorm 2019.3.4\bin;;C:\Users\Rykov_D\AppData\Local\Programs\Fiddler
USERNAME=Rykov_D
OS=Windows_NT
PROCESSOR_IDENTIFIER=Intel64 Family 6 Model 58 Stepping 9, GenuineIntel



---------------  S Y S T E M  ---------------

OS: Windows 10.0 , 64 bit Build 18362 (10.0.18362.778)

CPU:total 4 (initial active 4) (2 cores per cpu, 2 threads per core) family 6 model 58 stepping 9, cmov, cx8, fxsr, mmx, sse, sse2, sse3, ssse3, sse4.1, sse4.2, popcnt, avx, clmul, erms, ht, tsc, tscinvbit, tscinv

Memory: 4k page, physical 8275224k(2364752k free), swap 9094424k(65972k free)

vm_info: OpenJDK 64-Bit Server VM (25.212-b04) for windows-amd64 JRE (1.8.0_212-release-1586-b04), built by "builder" with MS VC++ 10.0 (VS2010)

time: Mon Apr 20 21:07:47 2020
timezone: Центральная Азия (зима)
elapsed time: 3148 seconds (0d 0h 52m 28s)

