#
# There is insufficient memory for the Java Runtime Environment to continue.
# Native memory allocation (malloc) failed to allocate 2801136 bytes for Chunk::new
# Possible reasons:
#   The system is out of physical RAM or swap space
#   The process is running with CompressedOops enabled, and the Java Heap may be blocking the growth of the native heap
# Possible solutions:
#   Reduce memory load on the system
#   Increase physical memory or swap space
#   Check if swap backing store is full
#   Decrease Java heap size (-Xmx/-Xms)
#   Decrease number of Java threads
#   Decrease Java thread stack sizes (-Xss)
#   Set larger code cache with -XX:ReservedCodeCacheSize=
#   JVM is running with Unscaled Compressed Oops mode in which the Java heap is
#     placed in the first 4GB address space. The Java Heap base address is the
#     maximum limit for the native heap growth. Please use -XX:HeapBaseMinAddress
#     to set the Java Heap base and to place the Java Heap above 4GB virtual address.
# This output file may be truncated or incomplete.
#
#  Out of Memory Error (allocation.cpp:389), pid=5412, tid=0x0000000000000d70
#
# JRE version: OpenJDK Runtime Environment (8.0_212-b04) (build 1.8.0_212-release-1586-b04)
# Java VM: OpenJDK 64-Bit Server VM (25.212-b04 mixed mode windows-amd64 compressed oops)
# Failed to write core dump. Minidumps are not enabled by default on client versions of Windows
#

---------------  T H R E A D  ---------------

Current thread (0x000000001614b800):  JavaThread "C2 CompilerThread1" daemon [_thread_in_native, id=3440, stack(0x00000000178b0000,0x00000000179b0000)]

Stack: [0x00000000178b0000,0x00000000179b0000]
[error occurred during error reporting (printing stack bounds), id 0xc0000005]

Native frames: (J=compiled Java code, j=interpreted, Vv=VM code, C=native code)


Current CompileTask:
C2:1105979 18732       4       com.android.tools.r8.ir.regalloc.LinearScanRegisterAllocator::a (3993 bytes)


---------------  P R O C E S S  ---------------

Java Threads: ( => current thread )
  0x000000001976e000 JavaThread "WorkerExecutor Queue Thread 6" [_thread_blocked, id=10228, stack(0x0000000023c20000,0x0000000023d20000)]
  0x0000000026abd000 JavaThread "WorkerExecutor Queue Thread 5" [_thread_blocked, id=1812, stack(0x000000002a310000,0x000000002a410000)]
  0x0000000026abc800 JavaThread "Cache worker for Java compile cache (D:\Android\flos\.gradle\5.6.4\javaCompile)" [_thread_blocked, id=6032, stack(0x0000000029f10000,0x000000002a010000)]
  0x0000000026ab8800 JavaThread "WorkerExecutor Queue Thread 3" [_thread_in_Java, id=6940, stack(0x0000000029e10000,0x0000000029f10000)]
  0x0000000026abb800 JavaThread "stdout" [_thread_in_native, id=5524, stack(0x0000000029890000,0x0000000029990000)]
  0x0000000026abe800 JavaThread "stderr" [_thread_in_native, id=11328, stack(0x0000000029790000,0x0000000029890000)]
  0x0000000026ab1000 JavaThread "stdout" [_thread_in_native, id=1864, stack(0x0000000028480000,0x0000000028580000)]
  0x0000000026ab7800 JavaThread "stderr" [_thread_in_native, id=2628, stack(0x0000000027390000,0x0000000027490000)]
  0x0000000026ab7000 JavaThread "WorkerExecutor Queue Thread 2" [_thread_blocked, id=9900, stack(0x0000000027290000,0x0000000027390000)]
  0x0000000026ab6000 JavaThread "pool-5-thread-1" [_thread_blocked, id=8124, stack(0x0000000023f20000,0x0000000024020000)]
  0x0000000026ab0000 JavaThread "Cache worker for execution history cache (D:\Android\flos\.gradle\5.6.4\executionHistory)" [_thread_blocked, id=5504, stack(0x0000000023b20000,0x0000000023c20000)]
  0x0000000026ab4000 JavaThread "Execution worker for ':' Thread 3" [_thread_blocked, id=11372, stack(0x0000000023820000,0x0000000023920000)]
  0x0000000026ab3000 JavaThread "Execution worker for ':' Thread 2" [_thread_blocked, id=5244, stack(0x0000000022ef0000,0x0000000022ff0000)]
  0x0000000026ab1800 JavaThread "Execution worker for ':'" [_thread_in_Java, id=9012, stack(0x0000000022bf0000,0x0000000022cf0000)]
  0x0000000018948000 JavaThread "Cache worker for file content cache (D:\Android\flos\.gradle\5.6.4\fileContent)" [_thread_blocked, id=7588, stack(0x00000000220f0000,0x00000000221f0000)]
  0x0000000018947800 JavaThread "Cache worker for Build Output Cleanup Cache (D:\Android\flos\.gradle\buildOutputCleanup)" [_thread_blocked, id=10200, stack(0x0000000020930000,0x0000000020a30000)]
  0x0000000018946800 JavaThread "Build operations Thread 4" [_thread_blocked, id=11656, stack(0x0000000020830000,0x0000000020930000)]
  0x0000000018945000 JavaThread "Build operations Thread 3" [_thread_blocked, id=5348, stack(0x0000000020730000,0x0000000020830000)]
  0x0000000018949800 JavaThread "Build operations Thread 2" [_thread_blocked, id=10348, stack(0x0000000020630000,0x0000000020730000)]
  0x0000000018946000 JavaThread "Build operations" [_thread_blocked, id=9888, stack(0x000000001e9d0000,0x000000001ead0000)]
  0x000000001894b000 JavaThread "Cache worker for cache directory md-rule (C:\Users\Rykov_D\.gradle\caches\5.6.4\md-rule)" [_thread_blocked, id=8728, stack(0x000000001e610000,0x000000001e710000)]
  0x000000001894a800 JavaThread "Cache worker for cache directory md-supplier (C:\Users\Rykov_D\.gradle\caches\5.6.4\md-supplier)" [_thread_blocked, id=10676, stack(0x000000001e280000,0x000000001e380000)]
  0x000000001893d800 JavaThread "Cache worker for file hash cache (D:\Android\flos\.gradle\5.6.4\fileHashes)" [_thread_blocked, id=11044, stack(0x000000001b9e0000,0x000000001bae0000)]
  0x000000001893e800 JavaThread "Thread-57" [_thread_blocked, id=7316, stack(0x000000001b6e0000,0x000000001b7e0000)]
  0x0000000018944800 JavaThread "Stdin handler" [_thread_blocked, id=5420, stack(0x000000001b5e0000,0x000000001b6e0000)]
  0x0000000018942000 JavaThread "Asynchronous log dispatcher for DefaultDaemonConnection: socket connection from /127.0.0.1:63027 to /127.0.0.1:63278" [_thread_blocked, id=11960, stack(0x000000001b2e0000,0x000000001b3e0000)]
  0x000000001893c000 JavaThread "Daemon worker Thread 2" [_thread_in_Java, id=11344, stack(0x000000001b1e0000,0x000000001b2e0000)]
  0x0000000018941800 JavaThread "Cancel handler" [_thread_blocked, id=10752, stack(0x0000000000be0000,0x0000000000ce0000)]
  0x0000000018940000 JavaThread "Handler for socket connection from /127.0.0.1:63027 to /127.0.0.1:63278" [_thread_in_native, id=11872, stack(0x0000000000ae0000,0x0000000000be0000)]
  0x0000000018940800 JavaThread "Daemon Thread 2" [_thread_blocked, id=1888, stack(0x00000000009e0000,0x0000000000ae0000)]
  0x0000000026ab2800 JavaThread "Cache worker for Java compile cache (C:\Users\Rykov_D\.gradle\caches\5.6.4\javaCompile)" [_thread_blocked, id=9508, stack(0x0000000027190000,0x0000000027290000)]
  0x000000001893d000 JavaThread "Cache worker for file content cache (C:\Users\Rykov_D\.gradle\caches\5.6.4\fileContent)" [_thread_blocked, id=2844, stack(0x0000000022af0000,0x0000000022bf0000)]
  0x0000000018943800 JavaThread "Memory manager" [_thread_blocked, id=11292, stack(0x00000000229f0000,0x0000000022af0000)]
  0x000000001893f000 JavaThread "Cache worker for execution history cache (C:\Users\Rykov_D\.gradle\caches\5.6.4\executionHistory)" [_thread_blocked, id=2112, stack(0x0000000020330000,0x0000000020430000)]
  0x000000001976f800 JavaThread "Cache worker for journal cache (C:\Users\Rykov_D\.gradle\caches\journal-1)" [_thread_blocked, id=9820, stack(0x000000001bee0000,0x000000001bfe0000)]
  0x000000001976e800 JavaThread "File lock request listener" [_thread_in_native, id=2360, stack(0x000000001bde0000,0x000000001bee0000)]
  0x00000000188e5000 JavaThread "Cache worker for file hash cache (C:\Users\Rykov_D\.gradle\caches\5.6.4\fileHashes)" [_thread_blocked, id=5168, stack(0x000000001bae0000,0x000000001bbe0000)]
  0x0000000019b46800 JavaThread "Daemon periodic checks" [_thread_blocked, id=4716, stack(0x000000001b0e0000,0x000000001b1e0000)]
  0x0000000019ab8800 JavaThread "Incoming local TCP Connector on port 63027" [_thread_in_native, id=7844, stack(0x000000001ae90000,0x000000001af90000)]
  0x000000001987e800 JavaThread "Daemon health stats" [_thread_blocked, id=4276, stack(0x000000001a850000,0x000000001a950000)]
  0x0000000017ae1000 JavaThread "Service Thread" daemon [_thread_blocked, id=4616, stack(0x0000000017eb0000,0x0000000017fb0000)]
  0x000000001614e800 JavaThread "C1 CompilerThread2" daemon [_thread_blocked, id=6540, stack(0x00000000179b0000,0x0000000017ab0000)]
=>0x000000001614b800 JavaThread "C2 CompilerThread1" daemon [_thread_in_native, id=3440, stack(0x00000000178b0000,0x00000000179b0000)]
  0x0000000016143800 JavaThread "C2 CompilerThread0" daemon [_thread_in_native, id=12240, stack(0x00000000177b0000,0x00000000178b0000)]
  0x0000000016142800 JavaThread "Attach Listener" daemon [_thread_blocked, id=7312, stack(0x00000000176b0000,0x00000000177b0000)]
  0x0000000016147000 JavaThread "Signal Dispatcher" daemon [_thread_blocked, id=3460, stack(0x00000000175b0000,0x00000000176b0000)]
  0x00000000026eb000 JavaThread "Finalizer" daemon [_thread_blocked, id=10940, stack(0x00000000173a0000,0x00000000174a0000)]
  0x0000000016129000 JavaThread "Reference Handler" daemon [_thread_blocked, id=12132, stack(0x00000000172a0000,0x00000000173a0000)]
  0x00000000027ce800 JavaThread "main" [_thread_blocked, id=1964, stack(0x00000000024d0000,0x00000000025d0000)]

Other Threads:
  0x0000000016107000 VMThread [stack: 0x00000000171a0000,0x00000000172a0000] [id=10380]
  0x000000001619c800 WatcherThread [stack: 0x0000000017fb0000,0x00000000180b0000] [id=8096]

VM state:not at safepoint (normal execution)

VM Mutex/Monitor currently owned by a thread: None

heap address: 0x00000000a0000000, size: 1536 MB, Compressed Oops mode: 32-bit
Narrow klass base: 0x0000000000000000, Narrow klass shift: 3
Compressed class space size: 1073741824 Address: 0x0000000100000000

Heap:
 PSYoungGen      total 475648K, used 272357K [0x00000000e0000000, 0x0000000100000000, 0x0000000100000000)
  eden space 434176K, 54% used [0x00000000e0000000,0x00000000ee5ad1c0,0x00000000fa800000)
  from space 41472K, 89% used [0x00000000fd580000,0x00000000ff9cc408,0x00000000ffe00000)
  to   space 45056K, 0% used [0x00000000fa800000,0x00000000fa800000,0x00000000fd400000)
 ParOldGen       total 131072K, used 80198K [0x00000000a0000000, 0x00000000a8000000, 0x00000000e0000000)
  object space 131072K, 61% used [0x00000000a0000000,0x00000000a4e51a08,0x00000000a8000000)
 Metaspace       used 88822K, capacity 92785K, committed 93080K, reserved 1130496K
  class space    used 11454K, capacity 12344K, committed 12440K, reserved 1048576K

Card table byte_map: [0x0000000011b90000,0x0000000011ea0000] byte_map_base: 0x0000000011690000

Marking Bits: (ParMarkBitMap*) 0x000000006f249f30
 Begin Bits: [0x00000000124a0000, 0x0000000013ca0000)
 End Bits:   [0x0000000013ca0000, 0x00000000154a0000)

Polling page: 0x00000000008a0000

CodeCache: size=245760Kb used=52343Kb max_used=52421Kb free=193416Kb
 bounds [0x00000000027d0000, 0x0000000005bd0000, 0x00000000117d0000]
 total_blobs=16437 nmethods=15553 adapters=793
 compilation: enabled

Compilation events (10 events):
Event: 1104.480 Thread 0x000000001614e800 18852 %     3       com.android.tools.r8.u.b.d0::H0 @ 10 (38 bytes)
Event: 1104.481 Thread 0x000000001614e800 nmethod 18852% 0x0000000005589e10 code [0x0000000005589fe0, 0x000000000558a7e8]
Event: 1104.481 Thread 0x000000001614e800 18853       3       com.android.tools.r8.u.b.d0::H0 (38 bytes)
Event: 1104.482 Thread 0x000000001614e800 nmethod 18853 0x0000000005589250 code [0x0000000005589420, 0x0000000005589c08]
Event: 1105.722 Thread 0x000000001614e800 18854       2       com.android.tools.r8.B.a.a.h::a (18 bytes)
Event: 1105.722 Thread 0x000000001614e800 nmethod 18854 0x000000000578f910 code [0x000000000578fa80, 0x000000000578fc08]
Event: 1105.776 Thread 0x000000001614e800 18856       2       java.nio.ByteBuffer::get (54 bytes)
Event: 1105.777 Thread 0x000000001614e800 nmethod 18856 0x0000000004f54910 code [0x0000000004f54aa0, 0x0000000004f54de8]
Event: 1105.777 Thread 0x000000001614e800 18857       2       com.android.tools.build.apkzlib.zip.Eocd::getDirectorySize (5 bytes)
Event: 1105.777 Thread 0x000000001614e800 nmethod 18857 0x0000000005588f10 code [0x0000000005589060, 0x00000000055891b0]

GC Heap History (10 events):
Event: 1089.876 GC heap before
{Heap before GC invocations=27 (full 3):
 PSYoungGen      total 423936K, used 410655K [0x00000000e0000000, 0x0000000100000000, 0x0000000100000000)
  eden space 385024K, 100% used [0x00000000e0000000,0x00000000f7800000,0x00000000f7800000)
  from space 38912K, 65% used [0x00000000f7800000,0x00000000f9107cb8,0x00000000f9e00000)
  to   space 39424K, 0% used [0x00000000fd980000,0x00000000fd980000,0x0000000100000000)
 ParOldGen       total 131072K, used 72617K [0x00000000a0000000, 0x00000000a8000000, 0x00000000e0000000)
  object space 131072K, 55% used [0x00000000a0000000,0x00000000a46ea6e8,0x00000000a8000000)
 Metaspace       used 88573K, capacity 92527K, committed 92696K, reserved 1130496K
  class space    used 11431K, capacity 12293K, committed 12312K, reserved 1048576K
Event: 1089.939 GC heap after
Heap after GC invocations=27 (full 3):
 PSYoungGen      total 481792K, used 28012K [0x00000000e0000000, 0x0000000100000000, 0x0000000100000000)
  eden space 442368K, 0% used [0x00000000e0000000,0x00000000e0000000,0x00000000fb000000)
  from space 39424K, 71% used [0x00000000fd980000,0x00000000ff4db040,0x0000000100000000)
  to   space 40960K, 0% used [0x00000000fb000000,0x00000000fb000000,0x00000000fd800000)
 ParOldGen       total 131072K, used 72857K [0x00000000a0000000, 0x00000000a8000000, 0x00000000e0000000)
  object space 131072K, 55% used [0x00000000a0000000,0x00000000a47264b8,0x00000000a8000000)
 Metaspace       used 88573K, capacity 92527K, committed 92696K, reserved 1130496K
  class space    used 11431K, capacity 12293K, committed 12312K, reserved 1048576K
}
Event: 1092.650 GC heap before
{Heap before GC invocations=28 (full 3):
 PSYoungGen      total 481792K, used 470380K [0x00000000e0000000, 0x0000000100000000, 0x0000000100000000)
  eden space 442368K, 100% used [0x00000000e0000000,0x00000000fb000000,0x00000000fb000000)
  from space 39424K, 71% used [0x00000000fd980000,0x00000000ff4db040,0x0000000100000000)
  to   space 40960K, 0% used [0x00000000fb000000,0x00000000fb000000,0x00000000fd800000)
 ParOldGen       total 131072K, used 72857K [0x00000000a0000000, 0x00000000a8000000, 0x00000000e0000000)
  object space 131072K, 55% used [0x00000000a0000000,0x00000000a47264b8,0x00000000a8000000)
 Metaspace       used 88595K, capacity 92527K, committed 92696K, reserved 1130496K
  class space    used 11431K, capacity 12293K, committed 12312K, reserved 1048576K
Event: 1092.728 GC heap after
Heap after GC invocations=28 (full 3):
 PSYoungGen      total 472576K, used 29851K [0x00000000e0000000, 0x0000000100000000, 0x0000000100000000)
  eden space 442368K, 0% used [0x00000000e0000000,0x00000000e0000000,0x00000000fb000000)
  from space 30208K, 98% used [0x00000000fb000000,0x00000000fcd26d08,0x00000000fcd80000)
  to   space 42496K, 0% used [0x00000000fd680000,0x00000000fd680000,0x0000000100000000)
 ParOldGen       total 131072K, used 73036K [0x00000000a0000000, 0x00000000a8000000, 0x00000000e0000000)
  object space 131072K, 55% used [0x00000000a0000000,0x00000000a4753250,0x00000000a8000000)
 Metaspace       used 88595K, capacity 92527K, committed 92696K, reserved 1130496K
  class space    used 11431K, capacity 12293K, committed 12312K, reserved 1048576K
}
Event: 1095.704 GC heap before
{Heap before GC invocations=29 (full 3):
 PSYoungGen      total 472576K, used 472219K [0x00000000e0000000, 0x0000000100000000, 0x0000000100000000)
  eden space 442368K, 100% used [0x00000000e0000000,0x00000000fb000000,0x00000000fb000000)
  from space 30208K, 98% used [0x00000000fb000000,0x00000000fcd26d08,0x00000000fcd80000)
  to   space 42496K, 0% used [0x00000000fd680000,0x00000000fd680000,0x0000000100000000)
 ParOldGen       total 131072K, used 73036K [0x00000000a0000000, 0x00000000a8000000, 0x00000000e0000000)
  object space 131072K, 55% used [0x00000000a0000000,0x00000000a4753250,0x00000000a8000000)
 Metaspace       used 88615K, capacity 92527K, committed 92696K, reserved 1130496K
  class space    used 11431K, capacity 12293K, committed 12312K, reserved 1048576K
Event: 1095.800 GC heap after
Heap after GC invocations=29 (full 3):
 PSYoungGen      total 481792K, used 27097K [0x00000000e0000000, 0x0000000100000000, 0x0000000100000000)
  eden space 439296K, 0% used [0x00000000e0000000,0x00000000e0000000,0x00000000fad00000)
  from space 42496K, 63% used [0x00000000fd680000,0x00000000ff0f65b8,0x0000000100000000)
  to   space 42496K, 0% used [0x00000000fad00000,0x00000000fad00000,0x00000000fd680000)
 ParOldGen       total 131072K, used 78177K [0x00000000a0000000, 0x00000000a8000000, 0x00000000e0000000)
  object space 131072K, 59% used [0x00000000a0000000,0x00000000a4c58530,0x00000000a8000000)
 Metaspace       used 88615K, capacity 92527K, committed 92696K, reserved 1130496K
  class space    used 11431K, capacity 12293K, committed 12312K, reserved 1048576K
}
Event: 1098.622 GC heap before
{Heap before GC invocations=30 (full 3):
 PSYoungGen      total 481792K, used 466393K [0x00000000e0000000, 0x0000000100000000, 0x0000000100000000)
  eden space 439296K, 100% used [0x00000000e0000000,0x00000000fad00000,0x00000000fad00000)
  from space 42496K, 63% used [0x00000000fd680000,0x00000000ff0f65b8,0x0000000100000000)
  to   space 42496K, 0% used [0x00000000fad00000,0x00000000fad00000,0x00000000fd680000)
 ParOldGen       total 131072K, used 78177K [0x00000000a0000000, 0x00000000a8000000, 0x00000000e0000000)
  object space 131072K, 59% used [0x00000000a0000000,0x00000000a4c58530,0x00000000a8000000)
 Metaspace       used 88713K, capacity 92679K, committed 92824K, reserved 1130496K
  class space    used 11443K, capacity 12337K, committed 12440K, reserved 1048576K
Event: 1098.690 GC heap after
Heap after GC invocations=30 (full 3):
 PSYoungGen      total 463872K, used 24335K [0x00000000e0000000, 0x00000000ffe00000, 0x0000000100000000)
  eden space 439296K, 0% used [0x00000000e0000000,0x00000000e0000000,0x00000000fad00000)
  from space 24576K, 99% used [0x00000000fad00000,0x00000000fc4c3dd0,0x00000000fc500000)
  to   space 41472K, 0% used [0x00000000fd580000,0x00000000fd580000,0x00000000ffe00000)
 ParOldGen       total 131072K, used 80198K [0x00000000a0000000, 0x00000000a8000000, 0x00000000e0000000)
  object space 131072K, 61% used [0x00000000a0000000,0x00000000a4e51a08,0x00000000a8000000)
 Metaspace       used 88713K, capacity 92679K, committed 92824K, reserved 1130496K
  class space    used 11443K, capacity 12337K, committed 12440K, reserved 1048576K
}
Event: 1102.985 GC heap before
{Heap before GC invocations=31 (full 3):
 PSYoungGen      total 463872K, used 463631K [0x00000000e0000000, 0x00000000ffe00000, 0x0000000100000000)
  eden space 439296K, 100% used [0x00000000e0000000,0x00000000fad00000,0x00000000fad00000)
  from space 24576K, 99% used [0x00000000fad00000,0x00000000fc4c3dd0,0x00000000fc500000)
  to   space 41472K, 0% used [0x00000000fd580000,0x00000000fd580000,0x00000000ffe00000)
 ParOldGen       total 131072K, used 80198K [0x00000000a0000000, 0x00000000a8000000, 0x00000000e0000000)
  object space 131072K, 61% used [0x00000000a0000000,0x00000000a4e51a08,0x00000000a8000000)
 Metaspace       used 88751K, capacity 92685K, committed 92824K, reserved 1130496K
  class space    used 11444K, capacity 12338K, committed 12440K, reserved 1048576K
Event: 1103.078 GC heap after
Heap after GC invocations=31 (full 3):
 PSYoungGen      total 475648K, used 37169K [0x00000000e0000000, 0x0000000100000000, 0x0000000100000000)
  eden space 434176K, 0% used [0x00000000e0000000,0x00000000e0000000,0x00000000fa800000)
  from space 41472K, 89% used [0x00000000fd580000,0x00000000ff9cc408,0x00000000ffe00000)
  to   space 45056K, 0% used [0x00000000fa800000,0x00000000fa800000,0x00000000fd400000)
 ParOldGen       total 131072K, used 80198K [0x00000000a0000000, 0x00000000a8000000, 0x00000000e0000000)
  object space 131072K, 61% used [0x00000000a0000000,0x00000000a4e51a08,0x00000000a8000000)
 Metaspace       used 88751K, capacity 92685K, committed 92824K, reserved 1130496K
  class space    used 11444K, capacity 12338K, committed 12440K, reserved 1048576K
}

Deoptimization events (10 events):
Event: 1098.154 Thread 0x0000000026ab1800 Uncommon trap: reason=class_check action=maybe_recompile pc=0x0000000005845bb8 method=com.android.tools.r8.u.a.h.e.b(Lcom/android/tools/r8/u/b/d0;)V @ 379
Event: 1098.443 Thread 0x000000001893c000 Uncommon trap: reason=null_check action=make_not_entrant pc=0x0000000005b61f4c method=com.android.tools.r8.s.a.a.b.j.b(Ljava/lang/Object;I)I @ 35
Event: 1100.008 Thread 0x0000000026ab3000 Uncommon trap: reason=class_check action=maybe_recompile pc=0x000000000570cdbc method=com.android.tools.r8.u.c.o.a(Lcom/android/tools/r8/u/c/M;IZ)V @ 635
Event: 1101.570 Thread 0x0000000026ab3000 Uncommon trap: reason=null_check action=make_not_entrant pc=0x0000000005bb5f90 method=com.android.tools.r8.s.a.a.b.j.b(Ljava/lang/Object;I)I @ 35
Event: 1102.644 Thread 0x0000000026ab4000 Uncommon trap: reason=class_check action=maybe_recompile pc=0x000000000541f01c method=com.android.tools.r8.dex.DexOutputBuffer.g(I)V @ 108
Event: 1103.275 Thread 0x0000000026ab3000 Uncommon trap: reason=unstable_if action=reinterpret pc=0x00000000043b8ff0 method=com.google.common.cache.LocalCache$Segment.evictEntries(Lcom/google/common/cache/ReferenceEntry;)V @ 69
Event: 1103.525 Thread 0x0000000026ab8800 Uncommon trap: reason=bimorphic action=maybe_recompile pc=0x0000000003e21960 method=java.io.ObjectInputStream$PeekInputStream.read()I @ 23
Event: 1103.525 Thread 0x0000000026ab8800 Uncommon trap: reason=bimorphic action=maybe_recompile pc=0x0000000003e21960 method=java.io.ObjectInputStream$PeekInputStream.read()I @ 23
Event: 1103.525 Thread 0x0000000026ab8800 Uncommon trap: reason=bimorphic action=maybe_recompile pc=0x0000000003e21960 method=java.io.ObjectInputStream$PeekInputStream.read()I @ 23
Event: 1103.525 Thread 0x0000000026ab8800 Uncommon trap: reason=bimorphic action=maybe_recompile pc=0x0000000003e21960 method=java.io.ObjectInputStream$PeekInputStream.read()I @ 23

Classes redefined (0 events):
No events

Internal exceptions (10 events):
Event: 1098.482 Thread 0x0000000026ab1800 Exception <a 'sun/nio/fs/WindowsException'> (0x00000000f943a198) thrown at [D:\src\AOSP-openjdk-cygwin\jdk8u\hotspot\src\share\vm\prims\jni.cpp, line 710]
Event: 1098.795 Thread 0x0000000026ab3000 Exception <a 'sun/nio/fs/WindowsException'> (0x00000000e0ff8e08) thrown at [D:\src\AOSP-openjdk-cygwin\jdk8u\hotspot\src\share\vm\prims\jni.cpp, line 710]
Event: 1099.772 Thread 0x0000000026ab1800 Exception <a 'sun/nio/fs/WindowsException'> (0x00000000e4d14770) thrown at [D:\src\AOSP-openjdk-cygwin\jdk8u\hotspot\src\share\vm\prims\jni.cpp, line 710]
Event: 1100.733 Thread 0x000000001893c000 Exception <a 'sun/nio/fs/WindowsException'> (0x00000000eac2ffa8) thrown at [D:\src\AOSP-openjdk-cygwin\jdk8u\hotspot\src\share\vm\prims\jni.cpp, line 710]
Event: 1101.570 Thread 0x0000000026ab3000 Implicit null exception at 0x0000000005bb022c to 0x0000000005bb5f6d
Event: 1102.504 Thread 0x000000001893c000 Exception <a 'sun/nio/fs/WindowsException'> (0x00000000f439abc0) thrown at [D:\src\AOSP-openjdk-cygwin\jdk8u\hotspot\src\share\vm\prims\jni.cpp, line 710]
Event: 1102.697 Thread 0x0000000026ab4000 Exception <a 'sun/nio/fs/WindowsException'> (0x00000000f6555398) thrown at [D:\src\AOSP-openjdk-cygwin\jdk8u\hotspot\src\share\vm\prims\jni.cpp, line 710]
Event: 1102.714 Thread 0x0000000026ab3000 Exception <a 'sun/nio/fs/WindowsException'> (0x00000000f74294f0) thrown at [D:\src\AOSP-openjdk-cygwin\jdk8u\hotspot\src\share\vm\prims\jni.cpp, line 710]
Event: 1102.956 Thread 0x0000000026ab4000 Exception <a 'sun/nio/fs/WindowsException'> (0x00000000fa322e50) thrown at [D:\src\AOSP-openjdk-cygwin\jdk8u\hotspot\src\share\vm\prims\jni.cpp, line 710]
Event: 1103.237 Thread 0x0000000026ab4000 Exception <a 'sun/nio/fs/WindowsException'> (0x00000000e12de1c0) thrown at [D:\src\AOSP-openjdk-cygwin\jdk8u\hotspot\src\share\vm\prims\jni.cpp, line 710]

Events (10 events):
Event: 1105.756 Thread 0x000000001893c000 DEOPT PACKING pc=0x00000000044a4366 sp=0x000000001b2d70e0
Event: 1105.756 Thread 0x000000001893c000 DEOPT UNPACKING pc=0x00000000028175d0 sp=0x000000001b2d6fa0 mode 0
Event: 1105.802 Thread 0x0000000026ab1800 DEOPT PACKING pc=0x0000000004f74fb3 sp=0x0000000022cea5e0
Event: 1105.802 Thread 0x0000000026ab1800 DEOPT UNPACKING pc=0x00000000028175d0 sp=0x0000000022cea730 mode 0
Event: 1105.902 Thread 0x000000001893c000 DEOPT PACKING pc=0x00000000051c8719 sp=0x000000001b2d7710
Event: 1105.902 Thread 0x000000001893c000 DEOPT UNPACKING pc=0x00000000028175d0 sp=0x000000001b2d7630 mode 0
Event: 1105.919 Thread 0x000000001893c000 DEOPT PACKING pc=0x0000000005037716 sp=0x000000001b2d77d0
Event: 1105.919 Thread 0x000000001893c000 DEOPT UNPACKING pc=0x00000000028175d0 sp=0x000000001b2d7620 mode 0
Event: 1105.939 Thread 0x0000000026ab1800 DEOPT PACKING pc=0x00000000046a4177 sp=0x0000000022cea5b0
Event: 1105.939 Thread 0x0000000026ab1800 DEOPT UNPACKING pc=0x00000000028175d0 sp=0x0000000022cea4a0 mode 0


Dynamic libraries:
0x00007ff752790000 - 0x00007ff7527c1000 	C:\Program Files\Android\Android Studio\jre\bin\java.exe
0x00007ff9a30e0000 - 0x00007ff9a32d0000 	C:\Windows\SYSTEM32\ntdll.dll
0x00007ff9a2770000 - 0x00007ff9a2822000 	C:\Windows\System32\KERNEL32.DLL
0x00007ff9a0350000 - 0x00007ff9a05f3000 	C:\Windows\System32\KERNELBASE.dll
0x00007ff9a2db0000 - 0x00007ff9a2e53000 	C:\Windows\System32\ADVAPI32.dll
0x00007ff9a2b80000 - 0x00007ff9a2c1e000 	C:\Windows\System32\msvcrt.dll
0x00007ff9a2d10000 - 0x00007ff9a2da7000 	C:\Windows\System32\sechost.dll
0x00007ff9a1190000 - 0x00007ff9a12b0000 	C:\Windows\System32\RPCRT4.dll
0x00007ff9a2830000 - 0x00007ff9a29c4000 	C:\Windows\System32\USER32.dll
0x00007ff9a07c0000 - 0x00007ff9a07e1000 	C:\Windows\System32\win32u.dll
0x00007ff9a2670000 - 0x00007ff9a2696000 	C:\Windows\System32\GDI32.dll
0x00007ff9a0620000 - 0x00007ff9a07b4000 	C:\Windows\System32\gdi32full.dll
0x00007ff9a07f0000 - 0x00007ff9a088e000 	C:\Windows\System32\msvcp_win.dll
0x00007ff9a01f0000 - 0x00007ff9a02ea000 	C:\Windows\System32\ucrtbase.dll
0x00007ff9976f0000 - 0x00007ff997975000 	C:\Windows\WinSxS\amd64_microsoft.windows.common-controls_6595b64144ccf1df_6.0.18362.720_none_e6beb5c51314836b\COMCTL32.dll
0x00007ff9a2090000 - 0x00007ff9a23c6000 	C:\Windows\System32\combase.dll
0x00007ff9a08e0000 - 0x00007ff9a0960000 	C:\Windows\System32\bcryptPrimitives.dll
0x00007ff9a2fa0000 - 0x00007ff9a2fce000 	C:\Windows\System32\IMM32.DLL
0x00007ff99fe20000 - 0x00007ff99fe86000 	C:\Windows\system32\nvinitx.dll
0x000000006e4c0000 - 0x000000006e592000 	C:\Program Files\Android\Android Studio\jre\jre\bin\msvcr100.dll
0x000000006ea80000 - 0x000000006f2c6000 	C:\Program Files\Android\Android Studio\jre\jre\bin\server\jvm.dll
0x00007ff9a12b0000 - 0x00007ff9a12b8000 	C:\Windows\System32\PSAPI.DLL
0x00007ff99c9e0000 - 0x00007ff99c9e9000 	C:\Windows\SYSTEM32\WSOCK32.dll
0x00007ff9a2ca0000 - 0x00007ff9a2d0f000 	C:\Windows\System32\WS2_32.dll
0x00007ff99cbb0000 - 0x00007ff99cbd4000 	C:\Windows\SYSTEM32\WINMM.dll
0x00007ff999210000 - 0x00007ff99921a000 	C:\Windows\SYSTEM32\VERSION.dll
0x00007ff99cb80000 - 0x00007ff99cbad000 	C:\Windows\SYSTEM32\WINMMBASE.dll
0x00007ff9a0890000 - 0x00007ff9a08da000 	C:\Windows\System32\cfgmgr32.dll
0x00007ff99c9d0000 - 0x00007ff99c9df000 	C:\Program Files\Android\Android Studio\jre\jre\bin\verify.dll
0x00007ff99c9a0000 - 0x00007ff99c9c9000 	C:\Program Files\Android\Android Studio\jre\jre\bin\java.dll
0x00007ff99c980000 - 0x00007ff99c996000 	C:\Program Files\Android\Android Studio\jre\jre\bin\zip.dll
0x00007ff9a12c0000 - 0x00007ff9a19a5000 	C:\Windows\System32\SHELL32.dll
0x00007ff9a19b0000 - 0x00007ff9a1a59000 	C:\Windows\System32\shcore.dll
0x00007ff9a0a10000 - 0x00007ff9a1190000 	C:\Windows\System32\windows.storage.dll
0x00007ff9a0020000 - 0x00007ff9a0043000 	C:\Windows\System32\profapi.dll
0x00007ff99ffd0000 - 0x00007ff9a001a000 	C:\Windows\System32\powrprof.dll
0x00007ff99ffa0000 - 0x00007ff99ffb0000 	C:\Windows\System32\UMPDC.dll
0x00007ff9a2e60000 - 0x00007ff9a2eb2000 	C:\Windows\System32\shlwapi.dll
0x00007ff9a0050000 - 0x00007ff9a0061000 	C:\Windows\System32\kernel.appcore.dll
0x00007ff9a0600000 - 0x00007ff9a0617000 	C:\Windows\System32\cryptsp.dll
0x00007ff99c960000 - 0x00007ff99c97a000 	C:\Program Files\Android\Android Studio\jre\jre\bin\net.dll
0x00007ff994e80000 - 0x00007ff995055000 	C:\Windows\SYSTEM32\urlmon.dll
0x00007ff994840000 - 0x00007ff994ae6000 	C:\Windows\SYSTEM32\iertutil.dll
0x00007ff99f870000 - 0x00007ff99f87c000 	C:\Windows\SYSTEM32\CRYPTBASE.DLL
0x00007ff99f6f0000 - 0x00007ff99f757000 	C:\Windows\system32\mswsock.dll
0x00007ff98fa90000 - 0x00007ff98faa3000 	C:\Program Files\Android\Android Studio\jre\jre\bin\nio.dll
0x00007ff9803f0000 - 0x00007ff980416000 	C:\Users\Rykov_D\.gradle\native\30\windows-amd64\native-platform.dll
0x00007ff99c950000 - 0x00007ff99c95d000 	C:\Program Files\Android\Android Studio\jre\jre\bin\management.dll
0x00007ff99f270000 - 0x00007ff99f2a3000 	C:\Windows\system32\rsaenh.dll
0x00007ff9a0070000 - 0x00007ff9a0096000 	C:\Windows\System32\bcrypt.dll
0x00007ff99fe90000 - 0x00007ff99feb5000 	C:\Windows\SYSTEM32\USERENV.dll
0x00007ff99f410000 - 0x00007ff99f44a000 	C:\Windows\SYSTEM32\IPHLPAPI.DLL
0x00007ff9a1b40000 - 0x00007ff9a1b48000 	C:\Windows\System32\NSI.dll
0x00007ff999160000 - 0x00007ff999176000 	C:\Windows\SYSTEM32\dhcpcsvc6.DLL
0x00007ff999140000 - 0x00007ff99915c000 	C:\Windows\SYSTEM32\dhcpcsvc.DLL
0x00007ff99f450000 - 0x00007ff99f51a000 	C:\Windows\SYSTEM32\DNSAPI.dll

VM Arguments:
jvm_args: -Xmx1536m -Dfile.encoding=windows-1251 -Duser.country=RU -Duser.language=ru -Duser.variant 
java_command: org.gradle.launcher.daemon.bootstrap.GradleDaemon 5.6.4
java_class_path (initial): C:\Users\Rykov_D\.gradle\wrapper\dists\gradle-5.6.4-all\ankdp27end7byghfw1q2sw75f\gradle-5.6.4\lib\gradle-launcher-5.6.4.jar
Launcher Type: SUN_STANDARD

Environment Variables:
PATH=C:\Program Files (x86)\NVIDIA Corporation\PhysX\Common;C:\Program Files (x86)\Intel\iCLS Client\;C:\Program Files\Intel\iCLS Client\;C:\Windows\system32;C:\Windows;C:\Windows\System32\Wbem;C:\Windows\System32\WindowsPowerShell\v1.0\;C:\Windows\System32\OpenSSH\;C:\Program Files\Intel\Intel(R) Management Engine Components\DAL;C:\Program Files\Intel\Intel(R) Management Engine Components\IPT;C:\Program Files (x86)\Intel\Intel(R) Management Engine Components\DAL;C:\Program Files (x86)\Intel\Intel(R) Management Engine Components\IPT;C:\Program Files\Git\cmd;C:\Users\Rykov_D\AppData\Local\Microsoft\WindowsApps;;C:\Program Files\JetBrains\IntelliJ IDEA 2019.3.3\bin;;C:\Program Files\JetBrains\PhpStorm 2019.3.4\bin;;.;
USERNAME=Rykov_D
OS=Windows_NT
PROCESSOR_IDENTIFIER=Intel64 Family 6 Model 58 Stepping 9, GenuineIntel



---------------  S Y S T E M  ---------------

OS: Windows 10.0 , 64 bit Build 18362 (10.0.18362.329)

CPU:total 4 (initial active 4) (2 cores per cpu, 2 threads per core) family 6 model 58 stepping 9, cmov, cx8, fxsr, mmx, sse, sse2, sse3, ssse3, sse4.1, sse4.2, popcnt, avx, clmul, erms, ht, tsc, tscinvbit, tscinv

Memory: 4k page, physical 8275224k(1853428k free), swap 9094400k(6304k free)

vm_info: OpenJDK 64-Bit Server VM (25.212-b04) for windows-amd64 JRE (1.8.0_212-release-1586-b04), built by "builder" with MS VC++ 10.0 (VS2010)

time: Thu Apr 02 23:38:23 2020
timezone: Центральная Азия (зима)
elapsed time: 1105 seconds (0d 0h 18m 25s)

