#
# There is insufficient memory for the Java Runtime Environment to continue.
# Native memory allocation (malloc) failed to allocate 1059776 bytes for Chunk::new
# Possible reasons:
#   The system is out of physical RAM or swap space
#   The process is running with CompressedOops enabled, and the Java Heap may be blocking the growth of the native heap
# Possible solutions:
#   Reduce memory load on the system
#   Increase physical memory or swap space
#   Check if swap backing store is full
#   Decrease Java heap size (-Xmx/-Xms)
#   Decrease number of Java threads
#   Decrease Java thread stack sizes (-Xss)
#   Set larger code cache with -XX:ReservedCodeCacheSize=
#   JVM is running with Unscaled Compressed Oops mode in which the Java heap is
#     placed in the first 4GB address space. The Java Heap base address is the
#     maximum limit for the native heap growth. Please use -XX:HeapBaseMinAddress
#     to set the Java Heap base and to place the Java Heap above 4GB virtual address.
# This output file may be truncated or incomplete.
#
#  Out of Memory Error (allocation.cpp:389), pid=12524, tid=0x0000000000001374
#
# JRE version: OpenJDK Runtime Environment (8.0_212-b04) (build 1.8.0_212-release-1586-b04)
# Java VM: OpenJDK 64-Bit Server VM (25.212-b04 mixed mode windows-amd64 compressed oops)
# Failed to write core dump. Minidumps are not enabled by default on client versions of Windows
#

---------------  T H R E A D  ---------------

Current thread (0x0000000016239800):  JavaThread "C2 CompilerThread0" daemon [_thread_in_native, id=4980, stack(0x00000000178b0000,0x00000000179b0000)]

Stack: [0x00000000178b0000,0x00000000179b0000]
[error occurred during error reporting (printing stack bounds), id 0xc0000005]

Native frames: (J=compiled Java code, j=interpreted, Vv=VM code, C=native code)


Current CompileTask:
C2: 725870 25012       4       com.android.utils.XmlUtils::append (639 bytes)


---------------  P R O C E S S  ---------------

Java Threads: ( => current thread )
  0x000000001db57000 JavaThread "stdout" [_thread_in_native, id=4780, stack(0x000000002c450000,0x000000002c550000)]
  0x000000001db5d000 JavaThread "stderr" [_thread_in_native, id=9284, stack(0x000000002c350000,0x000000002c450000)]
  0x000000001db58800 JavaThread "pool-7-thread-1" [_thread_blocked, id=6032, stack(0x000000002c150000,0x000000002c250000)]
  0x000000001db5e000 JavaThread "WorkerExecutor Queue" [_thread_blocked, id=13084, stack(0x000000002be50000,0x000000002bf50000)]
  0x000000001db51000 JavaThread "Cache worker for execution history cache (C:\Android\flos\.gradle\5.6.4\executionHistory)" [_thread_blocked, id=6408, stack(0x000000002bd50000,0x000000002be50000)]
  0x000000001db56800 JavaThread "Execution worker for ':' Thread 3" [_thread_in_native, id=3492, stack(0x000000002bc50000,0x000000002bd50000)]
  0x000000001db54000 JavaThread "Execution worker for ':' Thread 2" [_thread_blocked, id=3684, stack(0x000000002bb50000,0x000000002bc50000)]
  0x000000001db55800 JavaThread "Execution worker for ':'" [_thread_blocked, id=10192, stack(0x000000002ba50000,0x000000002bb50000)]
  0x000000001a56b000 JavaThread "Cache worker for file content cache (C:\Android\flos\.gradle\5.6.4\fileContent)" [_thread_blocked, id=10516, stack(0x00000000292d0000,0x00000000293d0000)]
  0x000000001a56a800 JavaThread "Cache worker for Build Output Cleanup Cache (C:\Android\flos\.gradle\buildOutputCleanup)" [_thread_blocked, id=8272, stack(0x0000000023410000,0x0000000023510000)]
  0x000000001a569800 JavaThread "Build operations Thread 4" [_thread_blocked, id=12704, stack(0x0000000023190000,0x0000000023290000)]
  0x000000001a56e000 JavaThread "Build operations Thread 3" [_thread_blocked, id=12916, stack(0x0000000022100000,0x0000000022200000)]
  0x000000001a56d800 JavaThread "Build operations Thread 2" [_thread_blocked, id=10016, stack(0x0000000021a00000,0x0000000021b00000)]
  0x000000001a56c000 JavaThread "Build operations" [_thread_blocked, id=10552, stack(0x0000000021900000,0x0000000021a00000)]
  0x000000001a562000 JavaThread "Cache worker for cache directory md-rule (C:\Users\Rykov_D\.gradle\caches\5.6.4\md-rule)" [_thread_blocked, id=5240, stack(0x0000000020040000,0x0000000020140000)]
  0x000000001a569000 JavaThread "Cache worker for cache directory md-supplier (C:\Users\Rykov_D\.gradle\caches\5.6.4\md-supplier)" [_thread_blocked, id=7128, stack(0x000000001e880000,0x000000001e980000)]
  0x000000001a568000 JavaThread "Cache worker for file hash cache (C:\Android\flos\.gradle\5.6.4\fileHashes)" [_thread_blocked, id=11016, stack(0x000000001e380000,0x000000001e480000)]
  0x000000001a560800 JavaThread "Thread-63" [_thread_blocked, id=2944, stack(0x000000001bae0000,0x000000001bbe0000)]
  0x000000001a567800 JavaThread "Stdin handler" [_thread_blocked, id=7904, stack(0x000000001b7e0000,0x000000001b8e0000)]
  0x000000001a566800 JavaThread "Asynchronous log dispatcher for DefaultDaemonConnection: socket connection from /127.0.0.1:51256 to /127.0.0.1:51392" [_thread_blocked, id=11604, stack(0x000000001b6e0000,0x000000001b7e0000)]
  0x000000001a560000 JavaThread "Cancel handler" [_thread_blocked, id=9428, stack(0x000000001b2e0000,0x000000001b3e0000)]
  0x000000001a566000 JavaThread "Handler for socket connection from /127.0.0.1:51256 to /127.0.0.1:51392" [_thread_in_native, id=9484, stack(0x0000000000f20000,0x0000000001020000)]
  0x000000001a563000 JavaThread "Daemon worker Thread 2" [_thread_blocked, id=10080, stack(0x000000001b3e0000,0x000000001b4e0000)]
  0x000000001a565000 JavaThread "Daemon Thread 2" [_thread_blocked, id=9372, stack(0x0000000000be0000,0x0000000000ce0000)]
  0x000000001db52800 JavaThread "Cache worker for file content cache (C:\Users\Rykov_D\.gradle\caches\5.6.4\fileContent)" [_thread_blocked, id=1008, stack(0x0000000023310000,0x0000000023410000)]
  0x000000001db58000 JavaThread "Memory manager" [_thread_blocked, id=11952, stack(0x0000000022400000,0x0000000022500000)]
  0x000000001db52000 JavaThread "Cache worker for execution history cache (C:\Users\Rykov_D\.gradle\caches\5.6.4\executionHistory)" [_thread_blocked, id=1688, stack(0x0000000020140000,0x0000000020240000)]
  0x0000000018f13800 JavaThread "Cache worker for journal cache (C:\Users\Rykov_D\.gradle\caches\journal-1)" [_thread_blocked, id=8676, stack(0x000000001bfe0000,0x000000001c0e0000)]
  0x0000000018f12000 JavaThread "File lock request listener" [_thread_in_native, id=6220, stack(0x000000001bee0000,0x000000001bfe0000)]
  0x0000000018f14000 JavaThread "Cache worker for file hash cache (C:\Users\Rykov_D\.gradle\caches\5.6.4\fileHashes)" [_thread_blocked, id=9440, stack(0x000000001bbe0000,0x000000001bce0000)]
  0x0000000019a43800 JavaThread "Daemon periodic checks" [_thread_blocked, id=108, stack(0x000000001b1e0000,0x000000001b2e0000)]
  0x0000000019a1a000 JavaThread "Incoming local TCP Connector on port 51256" [_thread_in_native, id=2580, stack(0x000000001af90000,0x000000001b090000)]
  0x0000000018202000 JavaThread "Daemon health stats" [_thread_blocked, id=6708, stack(0x000000001a950000,0x000000001aa50000)]
  0x000000001628c800 JavaThread "Service Thread" daemon [_thread_blocked, id=12316, stack(0x0000000017fb0000,0x00000000180b0000)]
  0x0000000016289000 JavaThread "C1 CompilerThread2" daemon [_thread_blocked, id=6756, stack(0x0000000017eb0000,0x0000000017fb0000)]
  0x000000001627c000 JavaThread "C2 CompilerThread1" daemon [_thread_in_native, id=7036, stack(0x00000000179b0000,0x0000000017ab0000)]
=>0x0000000016239800 JavaThread "C2 CompilerThread0" daemon [_thread_in_native, id=4980, stack(0x00000000178b0000,0x00000000179b0000)]
  0x0000000016238000 JavaThread "Attach Listener" daemon [_thread_blocked, id=7472, stack(0x00000000177b0000,0x00000000178b0000)]
  0x0000000016235000 JavaThread "Signal Dispatcher" daemon [_thread_blocked, id=10588, stack(0x00000000176b0000,0x00000000177b0000)]
  0x00000000028bb000 JavaThread "Finalizer" daemon [_thread_blocked, id=10320, stack(0x00000000174a0000,0x00000000175a0000)]
  0x0000000016219000 JavaThread "Reference Handler" daemon [_thread_blocked, id=10632, stack(0x00000000173a0000,0x00000000174a0000)]
  0x00000000026be800 JavaThread "main" [_thread_blocked, id=12044, stack(0x00000000026c0000,0x00000000027c0000)]

Other Threads:
  0x00000000161f7000 VMThread [stack: 0x00000000172a0000,0x00000000173a0000] [id=5828]
  0x000000001628e000 WatcherThread [stack: 0x00000000180b0000,0x00000000181b0000] [id=12352]

VM state:not at safepoint (normal execution)

VM Mutex/Monitor currently owned by a thread: None

heap address: 0x00000000a0000000, size: 1536 MB, Compressed Oops mode: 32-bit
Narrow klass base: 0x0000000000000000, Narrow klass shift: 3
Compressed class space size: 1073741824 Address: 0x0000000100000000

Heap:
 PSYoungGen      total 480768K, used 180756K [0x00000000e0000000, 0x0000000100000000, 0x0000000100000000)
  eden space 437248K, 31% used [0x00000000e0000000,0x00000000e8608e30,0x00000000fab00000)
  from space 43520K, 99% used [0x00000000fab00000,0x00000000fd57c350,0x00000000fd580000)
  to   space 43520K, 0% used [0x00000000fd580000,0x00000000fd580000,0x0000000100000000)
 ParOldGen       total 579584K, used 379129K [0x00000000a0000000, 0x00000000c3600000, 0x00000000e0000000)
  object space 579584K, 65% used [0x00000000a0000000,0x00000000b723e728,0x00000000c3600000)
 Metaspace       used 118061K, capacity 123514K, committed 123688K, reserved 1155072K
  class space    used 16418K, capacity 17623K, committed 17704K, reserved 1048576K

Card table byte_map: [0x0000000011c80000,0x0000000011f90000] byte_map_base: 0x0000000011780000

Marking Bits: (ParMarkBitMap*) 0x00000000575b9f30
 Begin Bits: [0x0000000012590000, 0x0000000013d90000)
 End Bits:   [0x0000000013d90000, 0x0000000015590000)

Polling page: 0x00000000025e0000

CodeCache: size=245760Kb used=68167Kb max_used=68167Kb free=177592Kb
 bounds [0x00000000028c0000, 0x0000000006bb0000, 0x00000000118c0000]
 total_blobs=19250 nmethods=18344 adapters=815
 compilation: enabled

Compilation events (10 events):
Event: 725.833 Thread 0x0000000016289000 nmethod 25062 0x0000000006b9e090 code [0x0000000006b9e200, 0x0000000006b9e3f8]
Event: 725.835 Thread 0x0000000016289000 25064   !   2       com.google.common.cache.LocalCache$Segment::runLockedCleanup (39 bytes)
Event: 725.836 Thread 0x0000000016289000 nmethod 25064 0x0000000006b9e510 code [0x0000000006b9e6c0, 0x0000000006b9e9d8]
Event: 725.836 Thread 0x0000000016289000 25065   !   2       com.google.common.cache.LocalCache::processPendingNotifications (47 bytes)
Event: 725.837 Thread 0x0000000016289000 nmethod 25065 0x0000000006b9ed50 code [0x0000000006b9ef00, 0x0000000006b9f3e8]
Event: 725.849 Thread 0x0000000016289000 25066       2       com.android.ide.common.blame.MergingLog::getShard (22 bytes)
Event: 725.850 Thread 0x0000000016289000 nmethod 25066 0x0000000006b9f790 code [0x0000000006b9f900, 0x0000000006b9fb38]
Event: 725.850 Thread 0x0000000016289000 25067       2       com.android.ide.common.blame.SourceFile::hashCode (38 bytes)
Event: 725.851 Thread 0x0000000016289000 nmethod 25067 0x0000000006b9fc90 code [0x0000000006b9fe00, 0x0000000006ba0108]
Event: 725.851 Thread 0x0000000016289000 25068       2       com.android.ide.common.resources.CompileResourceRequest::<init> (94 bytes)

GC Heap History (10 events):
Event: 422.879 GC heap before
{Heap before GC invocations=79 (full 6):
 PSYoungGen      total 488960K, used 460692K [0x00000000e0000000, 0x0000000100000000, 0x0000000100000000)
  eden space 453632K, 100% used [0x00000000e0000000,0x00000000fbb00000,0x00000000fbb00000)
  from space 35328K, 19% used [0x00000000fdd80000,0x00000000fe465198,0x0000000100000000)
  to   space 35328K, 0% used [0x00000000fbb00000,0x00000000fbb00000,0x00000000fdd80000)
 ParOldGen       total 579584K, used 372234K [0x00000000a0000000, 0x00000000c3600000, 0x00000000e0000000)
  object space 579584K, 64% used [0x00000000a0000000,0x00000000b6b82bd8,0x00000000c3600000)
 Metaspace       used 94287K, capacity 97996K, committed 98088K, reserved 1132544K
  class space    used 13732K, capacity 14570K, committed 14632K, reserved 1048576K
Event: 422.890 GC heap after
Heap after GC invocations=79 (full 6):
 PSYoungGen      total 460800K, used 7056K [0x00000000e0000000, 0x00000000fff00000, 0x0000000100000000)
  eden space 453632K, 0% used [0x00000000e0000000,0x00000000e0000000,0x00000000fbb00000)
  from space 7168K, 98% used [0x00000000fbb00000,0x00000000fc1e4140,0x00000000fc200000)
  to   space 34816K, 0% used [0x00000000fdd00000,0x00000000fdd00000,0x00000000fff00000)
 ParOldGen       total 579584K, used 372282K [0x00000000a0000000, 0x00000000c3600000, 0x00000000e0000000)
  object space 579584K, 64% used [0x00000000a0000000,0x00000000b6b8e990,0x00000000c3600000)
 Metaspace       used 94287K, capacity 97996K, committed 98088K, reserved 1132544K
  class space    used 13732K, capacity 14570K, committed 14632K, reserved 1048576K
}
Event: 455.236 GC heap before
{Heap before GC invocations=80 (full 6):
 PSYoungGen      total 460800K, used 460688K [0x00000000e0000000, 0x00000000fff00000, 0x0000000100000000)
  eden space 453632K, 100% used [0x00000000e0000000,0x00000000fbb00000,0x00000000fbb00000)
  from space 7168K, 98% used [0x00000000fbb00000,0x00000000fc1e4140,0x00000000fc200000)
  to   space 34816K, 0% used [0x00000000fdd00000,0x00000000fdd00000,0x00000000fff00000)
 ParOldGen       total 579584K, used 372282K [0x00000000a0000000, 0x00000000c3600000, 0x00000000e0000000)
  object space 579584K, 64% used [0x00000000a0000000,0x00000000b6b8e990,0x00000000c3600000)
 Metaspace       used 94614K, capacity 98250K, committed 98344K, reserved 1132544K
  class space    used 13782K, capacity 14581K, committed 14632K, reserved 1048576K
Event: 455.267 GC heap after
Heap after GC invocations=80 (full 6):
 PSYoungGen      total 477184K, used 34784K [0x00000000e0000000, 0x0000000100000000, 0x0000000100000000)
  eden space 442368K, 0% used [0x00000000e0000000,0x00000000e0000000,0x00000000fb000000)
  from space 34816K, 99% used [0x00000000fdd00000,0x00000000ffef83c8,0x00000000fff00000)
  to   space 40960K, 0% used [0x00000000fb000000,0x00000000fb000000,0x00000000fd800000)
 ParOldGen       total 579584K, used 373875K [0x00000000a0000000, 0x00000000c3600000, 0x00000000e0000000)
  object space 579584K, 64% used [0x00000000a0000000,0x00000000b6d1cc48,0x00000000c3600000)
 Metaspace       used 94614K, capacity 98250K, committed 98344K, reserved 1132544K
  class space    used 13782K, capacity 14581K, committed 14632K, reserved 1048576K
}
Event: 459.292 GC heap before
{Heap before GC invocations=81 (full 6):
 PSYoungGen      total 477184K, used 477152K [0x00000000e0000000, 0x0000000100000000, 0x0000000100000000)
  eden space 442368K, 100% used [0x00000000e0000000,0x00000000fb000000,0x00000000fb000000)
  from space 34816K, 99% used [0x00000000fdd00000,0x00000000ffef83c8,0x00000000fff00000)
  to   space 40960K, 0% used [0x00000000fb000000,0x00000000fb000000,0x00000000fd800000)
 ParOldGen       total 579584K, used 373875K [0x00000000a0000000, 0x00000000c3600000, 0x00000000e0000000)
  object space 579584K, 64% used [0x00000000a0000000,0x00000000b6d1cc48,0x00000000c3600000)
 Metaspace       used 95196K, capacity 99012K, committed 99240K, reserved 1134592K
  class space    used 13839K, capacity 14656K, committed 14760K, reserved 1048576K
Event: 459.307 GC heap after
Heap after GC invocations=81 (full 6):
 PSYoungGen      total 483328K, used 5942K [0x00000000e0000000, 0x0000000100000000, 0x0000000100000000)
  eden space 442368K, 0% used [0x00000000e0000000,0x00000000e0000000,0x00000000fb000000)
  from space 40960K, 14% used [0x00000000fb000000,0x00000000fb5cda00,0x00000000fd800000)
  to   space 40448K, 0% used [0x00000000fd880000,0x00000000fd880000,0x0000000100000000)
 ParOldGen       total 579584K, used 373951K [0x00000000a0000000, 0x00000000c3600000, 0x00000000e0000000)
  object space 579584K, 64% used [0x00000000a0000000,0x00000000b6d2fe20,0x00000000c3600000)
 Metaspace       used 95196K, capacity 99012K, committed 99240K, reserved 1134592K
  class space    used 13839K, capacity 14656K, committed 14760K, reserved 1048576K
}
Event: 691.697 GC heap before
{Heap before GC invocations=82 (full 6):
 PSYoungGen      total 483328K, used 448310K [0x00000000e0000000, 0x0000000100000000, 0x0000000100000000)
  eden space 442368K, 100% used [0x00000000e0000000,0x00000000fb000000,0x00000000fb000000)
  from space 40960K, 14% used [0x00000000fb000000,0x00000000fb5cda00,0x00000000fd800000)
  to   space 40448K, 0% used [0x00000000fd880000,0x00000000fd880000,0x0000000100000000)
 ParOldGen       total 579584K, used 373951K [0x00000000a0000000, 0x00000000c3600000, 0x00000000e0000000)
  object space 579584K, 64% used [0x00000000a0000000,0x00000000b6d2fe20,0x00000000c3600000)
 Metaspace       used 111685K, capacity 116796K, committed 117032K, reserved 1148928K
  class space    used 15738K, capacity 16827K, committed 16936K, reserved 1048576K
Event: 691.769 GC heap after
Heap after GC invocations=82 (full 6):
 PSYoungGen      total 477696K, used 31429K [0x00000000e0000000, 0x0000000100000000, 0x0000000100000000)
  eden space 437248K, 0% used [0x00000000e0000000,0x00000000e0000000,0x00000000fab00000)
  from space 40448K, 77% used [0x00000000fd880000,0x00000000ff7315c8,0x0000000100000000)
  to   space 43520K, 0% used [0x00000000fab00000,0x00000000fab00000,0x00000000fd580000)
 ParOldGen       total 579584K, used 373959K [0x00000000a0000000, 0x00000000c3600000, 0x00000000e0000000)
  object space 579584K, 64% used [0x00000000a0000000,0x00000000b6d31e20,0x00000000c3600000)
 Metaspace       used 111685K, capacity 116796K, committed 117032K, reserved 1148928K
  class space    used 15738K, capacity 16827K, committed 16936K, reserved 1048576K
}
Event: 722.511 GC heap before
{Heap before GC invocations=83 (full 6):
 PSYoungGen      total 477696K, used 468677K [0x00000000e0000000, 0x0000000100000000, 0x0000000100000000)
  eden space 437248K, 100% used [0x00000000e0000000,0x00000000fab00000,0x00000000fab00000)
  from space 40448K, 77% used [0x00000000fd880000,0x00000000ff7315c8,0x0000000100000000)
  to   space 43520K, 0% used [0x00000000fab00000,0x00000000fab00000,0x00000000fd580000)
 ParOldGen       total 579584K, used 373959K [0x00000000a0000000, 0x00000000c3600000, 0x00000000e0000000)
  object space 579584K, 64% used [0x00000000a0000000,0x00000000b6d31e20,0x00000000c3600000)
 Metaspace       used 117630K, capacity 123018K, committed 123176K, reserved 1155072K
  class space    used 16398K, capacity 17589K, committed 17704K, reserved 1048576K
Event: 722.573 GC heap after
Heap after GC invocations=83 (full 6):
 PSYoungGen      total 480768K, used 43504K [0x00000000e0000000, 0x0000000100000000, 0x0000000100000000)
  eden space 437248K, 0% used [0x00000000e0000000,0x00000000e0000000,0x00000000fab00000)
  from space 43520K, 99% used [0x00000000fab00000,0x00000000fd57c350,0x00000000fd580000)
  to   space 43520K, 0% used [0x00000000fd580000,0x00000000fd580000,0x0000000100000000)
 ParOldGen       total 579584K, used 379129K [0x00000000a0000000, 0x00000000c3600000, 0x00000000e0000000)
  object space 579584K, 65% used [0x00000000a0000000,0x00000000b723e728,0x00000000c3600000)
 Metaspace       used 117630K, capacity 123018K, committed 123176K, reserved 1155072K
  class space    used 16398K, capacity 17589K, committed 17704K, reserved 1048576K
}

Deoptimization events (10 events):
Event: 725.385 Thread 0x000000001db56800 Uncommon trap: reason=bimorphic action=maybe_recompile pc=0x000000000694ad58 method=com.sun.org.apache.xerces.internal.dom.NodeImpl.ownerDocument()Lcom/sun/org/apache/xerces/internal/dom/CoreDocumentImpl; @ 11
Event: 725.385 Thread 0x000000001db56800 Uncommon trap: reason=bimorphic action=maybe_recompile pc=0x000000000694ad58 method=com.sun.org.apache.xerces.internal.dom.NodeImpl.ownerDocument()Lcom/sun/org/apache/xerces/internal/dom/CoreDocumentImpl; @ 11
Event: 725.385 Thread 0x000000001db56800 Uncommon trap: reason=bimorphic action=maybe_recompile pc=0x000000000694ad58 method=com.sun.org.apache.xerces.internal.dom.NodeImpl.ownerDocument()Lcom/sun/org/apache/xerces/internal/dom/CoreDocumentImpl; @ 11
Event: 725.395 Thread 0x000000001db56800 Uncommon trap: reason=null_check action=make_not_entrant pc=0x0000000006b6a474 method=com.android.ide.common.resources.NodeUtils.processSingleNodeNamespace(Lorg/w3c/dom/Node;Lorg/w3c/dom/Document;)Z @ 8
Event: 725.402 Thread 0x000000001db56800 Uncommon trap: reason=null_check action=make_not_entrant pc=0x0000000006b1b4ac method=com.sun.org.apache.xerces.internal.dom.CoreDocumentImpl.getUserData(Lorg/w3c/dom/Node;Ljava/lang/String;)Ljava/lang/Object; @ 19
Event: 725.402 Thread 0x000000001db56800 Uncommon trap: reason=null_check action=make_not_entrant pc=0x0000000005f8c57c method=com.sun.org.apache.xerces.internal.dom.CoreDocumentImpl.getUserData(Lorg/w3c/dom/Node;Ljava/lang/String;)Ljava/lang/Object; @ 19
Event: 725.571 Thread 0x000000001db56800 Uncommon trap: reason=class_check action=maybe_recompile pc=0x0000000006b8bb48 method=com.sun.org.apache.xerces.internal.dom.NodeImpl.getUserData(Ljava/lang/String;)Ljava/lang/Object; @ 1
Event: 725.571 Thread 0x000000001db56800 Uncommon trap: reason=class_check action=maybe_recompile pc=0x0000000006b8bb48 method=com.sun.org.apache.xerces.internal.dom.NodeImpl.getUserData(Ljava/lang/String;)Ljava/lang/Object; @ 1
Event: 725.574 Thread 0x000000001db56800 Uncommon trap: reason=class_check action=maybe_recompile pc=0x0000000006b8bb48 method=com.sun.org.apache.xerces.internal.dom.NodeImpl.getUserData(Ljava/lang/String;)Ljava/lang/Object; @ 1
Event: 725.574 Thread 0x000000001db56800 Uncommon trap: reason=class_check action=maybe_recompile pc=0x0000000006b8bb48 method=com.sun.org.apache.xerces.internal.dom.NodeImpl.getUserData(Ljava/lang/String;)Ljava/lang/Object; @ 1

Classes redefined (0 events):
No events

Internal exceptions (10 events):
Event: 712.343 Thread 0x000000001db54000 Exception <a 'sun/nio/fs/WindowsException'> (0x00000000ef38d910) thrown at [D:\src\AOSP-openjdk-cygwin\jdk8u\hotspot\src\share\vm\prims\jni.cpp, line 710]
Event: 712.482 Thread 0x000000001db55800 Exception <a 'sun/nio/fs/WindowsException'> (0x00000000ef85a558) thrown at [D:\src\AOSP-openjdk-cygwin\jdk8u\hotspot\src\share\vm\prims\jni.cpp, line 710]
Event: 712.703 Thread 0x000000001a563000 Exception <a 'sun/nio/fs/WindowsException'> (0x00000000efb780a0) thrown at [D:\src\AOSP-openjdk-cygwin\jdk8u\hotspot\src\share\vm\prims\jni.cpp, line 710]
Event: 714.110 Thread 0x000000001db55800 Exception <a 'java/lang/NoSuchMethodError': <clinit>> (0x00000000f2a1d8c8) thrown at [D:\src\AOSP-openjdk-cygwin\jdk8u\hotspot\src\share\vm\prims\jni.cpp, line 1614]
Event: 714.111 Thread 0x000000001db55800 Exception <a 'java/lang/NoSuchMethodError': <clinit>> (0x00000000f2a2fff0) thrown at [D:\src\AOSP-openjdk-cygwin\jdk8u\hotspot\src\share\vm\prims\jni.cpp, line 1614]
Event: 718.034 Thread 0x000000001db56800 Exception <a 'java/io/IOException'> (0x00000000f452c780) thrown at [D:\src\AOSP-openjdk-cygwin\jdk8u\hotspot\src\share\vm\prims\jni.cpp, line 710]
Event: 719.234 Thread 0x000000001db56800 Exception <a 'java/lang/NoSuchMethodError': java.lang.Object.lambda$comparingByKey$bbdbfea9$1(Ljava/util/Map$Entry;Ljava/util/Map$Entry;)I> (0x00000000f4bfad28) thrown at [D:\src\AOSP-openjdk-cygwin\jdk8u\hotspot\src\share\vm\interpreter\linkResolver.cpp,
Event: 719.924 Thread 0x000000001db56800 Implicit null exception at 0x00000000036642de to 0x0000000003664461
Event: 723.185 Thread 0x000000001db56800 Implicit null exception at 0x0000000006a38baa to 0x0000000006a391d1
Event: 725.395 Thread 0x000000001db56800 Implicit null exception at 0x0000000006b6a117 to 0x0000000006b6a465

Events (10 events):
Event: 725.574 Thread 0x000000001db56800 Uncommon trap: trap_request=0xffffffde fr.pc=0x0000000006b8bb48
Event: 725.574 Thread 0x000000001db56800 DEOPT PACKING pc=0x0000000006b8bb48 sp=0x000000002bd4b320
Event: 725.574 Thread 0x000000001db56800 DEOPT UNPACKING pc=0x000000000290557b sp=0x000000002bd4b2c8 mode 2
Event: 725.574 Thread 0x000000001db56800 Uncommon trap: trap_request=0xffffffde fr.pc=0x0000000006b8bb48
Event: 725.574 Thread 0x000000001db56800 DEOPT PACKING pc=0x0000000006b8bb48 sp=0x000000002bd4b100
Event: 725.574 Thread 0x000000001db56800 DEOPT UNPACKING pc=0x000000000290557b sp=0x000000002bd4b0a8 mode 2
Event: 725.850 loading class com/google/common/cache/LocalCache$EntrySet
Event: 725.850 loading class com/google/common/cache/LocalCache$EntrySet done
Event: 725.851 loading class com/google/common/cache/LocalCache$AbstractCacheSet
Event: 725.851 loading class com/google/common/cache/LocalCache$AbstractCacheSet done


Dynamic libraries:
0x00007ff611410000 - 0x00007ff611441000 	C:\Program Files\Android\Android Studio1\jre\bin\java.exe
0x00007ffcca360000 - 0x00007ffcca550000 	C:\Windows\SYSTEM32\ntdll.dll
0x00007ffcc9a20000 - 0x00007ffcc9ad2000 	C:\Windows\System32\KERNEL32.DLL
0x00007ffcc8160000 - 0x00007ffcc8403000 	C:\Windows\System32\KERNELBASE.dll
0x00007ffcc9180000 - 0x00007ffcc9223000 	C:\Windows\System32\ADVAPI32.dll
0x00007ffcc8f70000 - 0x00007ffcc900e000 	C:\Windows\System32\msvcrt.dll
0x00007ffcc90e0000 - 0x00007ffcc9177000 	C:\Windows\System32\sechost.dll
0x00007ffcc9430000 - 0x00007ffcc9550000 	C:\Windows\System32\RPCRT4.dll
0x00007ffcc9290000 - 0x00007ffcc9424000 	C:\Windows\System32\USER32.dll
0x00007ffcc73a0000 - 0x00007ffcc73c1000 	C:\Windows\System32\win32u.dll
0x00007ffcc86a0000 - 0x00007ffcc86c6000 	C:\Windows\System32\GDI32.dll
0x00007ffcc7420000 - 0x00007ffcc75b4000 	C:\Windows\System32\gdi32full.dll
0x00007ffcc8010000 - 0x00007ffcc80ae000 	C:\Windows\System32\msvcp_win.dll
0x00007ffcc7f10000 - 0x00007ffcc800a000 	C:\Windows\System32\ucrtbase.dll
0x00007ffcbf3d0000 - 0x00007ffcbf655000 	C:\Windows\WinSxS\amd64_microsoft.windows.common-controls_6595b64144ccf1df_6.0.18362.778_none_e6c6b761130d4fb8\COMCTL32.dll
0x00007ffcc9fe0000 - 0x00007ffcca316000 	C:\Windows\System32\combase.dll
0x00007ffcc72f0000 - 0x00007ffcc7370000 	C:\Windows\System32\bcryptPrimitives.dll
0x00007ffcc8f40000 - 0x00007ffcc8f6e000 	C:\Windows\System32\IMM32.DLL
0x00007ffcc70a0000 - 0x00007ffcc7106000 	C:\Windows\system32\nvinitx.dll
0x0000000056c30000 - 0x0000000056d02000 	C:\Program Files\Android\Android Studio1\jre\jre\bin\msvcr100.dll
0x0000000056df0000 - 0x0000000057636000 	C:\Program Files\Android\Android Studio1\jre\jre\bin\server\jvm.dll
0x00007ffcc8eb0000 - 0x00007ffcc8eb8000 	C:\Windows\System32\PSAPI.DLL
0x00007ffcc1bf0000 - 0x00007ffcc1bf9000 	C:\Windows\SYSTEM32\WSOCK32.dll
0x00007ffcc8750000 - 0x00007ffcc87bf000 	C:\Windows\System32\WS2_32.dll
0x00007ffcc5100000 - 0x00007ffcc5124000 	C:\Windows\SYSTEM32\WINMM.dll
0x00007ffcc0210000 - 0x00007ffcc021a000 	C:\Windows\SYSTEM32\VERSION.dll
0x00007ffcc4fd0000 - 0x00007ffcc4ffd000 	C:\Windows\SYSTEM32\WINMMBASE.dll
0x00007ffcc73d0000 - 0x00007ffcc741a000 	C:\Windows\System32\cfgmgr32.dll
0x00007ffcc1b20000 - 0x00007ffcc1b2f000 	C:\Program Files\Android\Android Studio1\jre\jre\bin\verify.dll
0x00007ffcc14f0000 - 0x00007ffcc1519000 	C:\Program Files\Android\Android Studio1\jre\jre\bin\java.dll
0x00007ffcc14d0000 - 0x00007ffcc14e6000 	C:\Program Files\Android\Android Studio1\jre\jre\bin\zip.dll
0x00007ffcc87c0000 - 0x00007ffcc8ea5000 	C:\Windows\System32\SHELL32.dll
0x00007ffcc8410000 - 0x00007ffcc84b9000 	C:\Windows\System32\shcore.dll
0x00007ffcc7730000 - 0x00007ffcc7eb0000 	C:\Windows\System32\windows.storage.dll
0x00007ffcc7270000 - 0x00007ffcc7293000 	C:\Windows\System32\profapi.dll
0x00007ffcc72a0000 - 0x00007ffcc72ea000 	C:\Windows\System32\powrprof.dll
0x00007ffcc7220000 - 0x00007ffcc7230000 	C:\Windows\System32\UMPDC.dll
0x00007ffcc86f0000 - 0x00007ffcc8742000 	C:\Windows\System32\shlwapi.dll
0x00007ffcc7250000 - 0x00007ffcc7261000 	C:\Windows\System32\kernel.appcore.dll
0x00007ffcc75c0000 - 0x00007ffcc75d7000 	C:\Windows\System32\cryptsp.dll
0x00007ffcbb840000 - 0x00007ffcbb85a000 	C:\Program Files\Android\Android Studio1\jre\jre\bin\net.dll
0x00007ffcbbac0000 - 0x00007ffcbbc95000 	C:\Windows\SYSTEM32\urlmon.dll
0x00007ffcba640000 - 0x00007ffcba8e6000 	C:\Windows\SYSTEM32\iertutil.dll
0x00007ffcc6af0000 - 0x00007ffcc6afc000 	C:\Windows\SYSTEM32\CRYPTBASE.DLL
0x00007ffcc6970000 - 0x00007ffcc69d7000 	C:\Windows\system32\mswsock.dll
0x00007ffcbb820000 - 0x00007ffcbb833000 	C:\Program Files\Android\Android Studio1\jre\jre\bin\nio.dll
0x00007ffcc1910000 - 0x00007ffcc1936000 	C:\Users\Rykov_D\.gradle\native\30\windows-amd64\native-platform.dll
0x00007ffcc1b10000 - 0x00007ffcc1b1d000 	C:\Program Files\Android\Android Studio1\jre\jre\bin\management.dll
0x00007ffcc64f0000 - 0x00007ffcc6523000 	C:\Windows\system32\rsaenh.dll
0x00007ffcc7370000 - 0x00007ffcc7396000 	C:\Windows\System32\bcrypt.dll
0x00007ffcc7110000 - 0x00007ffcc7135000 	C:\Windows\SYSTEM32\USERENV.dll
0x00007ffcc6690000 - 0x00007ffcc66ca000 	C:\Windows\SYSTEM32\IPHLPAPI.DLL
0x00007ffcc9020000 - 0x00007ffcc9028000 	C:\Windows\System32\NSI.dll
0x00007ffcbe7a0000 - 0x00007ffcbe7b6000 	C:\Windows\SYSTEM32\dhcpcsvc6.DLL
0x00007ffcbe780000 - 0x00007ffcbe79c000 	C:\Windows\SYSTEM32\dhcpcsvc.DLL
0x00007ffcc6720000 - 0x00007ffcc67ea000 	C:\Windows\SYSTEM32\DNSAPI.dll
0x00007ffcb9cb0000 - 0x00007ffcb9cd4000 	C:\Program Files\Android\Android Studio1\jre\jre\bin\sunec.dll
0x00007ffcbb120000 - 0x00007ffcbb12a000 	C:\Windows\System32\rasadhlp.dll
0x00007ffcbe3e0000 - 0x00007ffcbe457000 	C:\Windows\System32\fwpuclnt.dll
0x00007ffcbb800000 - 0x00007ffcbb80b000 	C:\Program Files\Android\Android Studio1\jre\jre\bin\sunmscapi.dll
0x00007ffcc75e0000 - 0x00007ffcc7729000 	C:\Windows\System32\CRYPT32.dll
0x00007ffcc7230000 - 0x00007ffcc7242000 	C:\Windows\System32\MSASN1.dll
0x00007ffcc61d0000 - 0x00007ffcc6201000 	C:\Windows\SYSTEM32\ntmarta.dll

VM Arguments:
jvm_args: -Xmx1536m -Dfile.encoding=windows-1251 -Duser.country=RU -Duser.language=ru -Duser.variant 
java_command: org.gradle.launcher.daemon.bootstrap.GradleDaemon 5.6.4
java_class_path (initial): C:\Users\Rykov_D\.gradle\wrapper\dists\gradle-5.6.4-all\ankdp27end7byghfw1q2sw75f\gradle-5.6.4\lib\gradle-launcher-5.6.4.jar
Launcher Type: SUN_STANDARD

Environment Variables:
PATH=C:\Program Files (x86)\NVIDIA Corporation\PhysX\Common;C:\Program Files (x86)\Intel\iCLS Client\;C:\Program Files\Intel\iCLS Client\;C:\Windows\system32;C:\Windows;C:\Windows\System32\Wbem;C:\Windows\System32\WindowsPowerShell\v1.0\;C:\Windows\System32\OpenSSH\;C:\Program Files\Intel\Intel(R) Management Engine Components\DAL;C:\Program Files\Intel\Intel(R) Management Engine Components\IPT;C:\Program Files (x86)\Intel\Intel(R) Management Engine Components\DAL;C:\Program Files (x86)\Intel\Intel(R) Management Engine Components\IPT;C:\Program Files\Git\cmd;C:\Users\Rykov_D\AppData\Local\Microsoft\WindowsApps;;C:\Program Files\JetBrains\IntelliJ IDEA 2019.3.3\bin;;C:\Program Files\JetBrains\PhpStorm 2019.3.4\bin;;C:\Users\Rykov_D\AppData\Local\Programs\Fiddler;.;
USERNAME=Rykov_D
OS=Windows_NT
PROCESSOR_IDENTIFIER=Intel64 Family 6 Model 58 Stepping 9, GenuineIntel



---------------  S Y S T E M  ---------------

OS: Windows 10.0 , 64 bit Build 18362 (10.0.18362.778)

CPU:total 4 (initial active 4) (2 cores per cpu, 2 threads per core) family 6 model 58 stepping 9, cmov, cx8, fxsr, mmx, sse, sse2, sse3, ssse3, sse4.1, sse4.2, popcnt, avx, clmul, erms, ht, tsc, tscinvbit, tscinv

Memory: 4k page, physical 8275224k(1469972k free), swap 9094424k(568k free)

vm_info: OpenJDK 64-Bit Server VM (25.212-b04) for windows-amd64 JRE (1.8.0_212-release-1586-b04), built by "builder" with MS VC++ 10.0 (VS2010)

time: Fri Apr 17 10:13:29 2020
timezone: Центральная Азия (зима)
elapsed time: 725 seconds (0d 0h 12m 5s)

